<?xml version="1.0" encoding="UTF-8"?>
<coverage generated="1539939988721" clover="3.2.0">
  <project timestamp="1539939988721" name="All files">
    <metrics statements="540" coveredstatements="510" conditionals="475" coveredconditionals="306" methods="156" coveredmethods="139" elements="1171" coveredelements="955" complexity="0" loc="540" ncloc="540" packages="13" files="25" classes="25">
      <package name="dist">
        <metrics statements="45" coveredstatements="45" conditionals="2" coveredconditionals="1" methods="1" coveredmethods="1"/>
        <file name="core-utils.js" path="C:\Users\Orel Balilti\Documents\Projects\Sugoi\server\dist\core-utils.js">
          <metrics statements="20" coveredstatements="20" conditionals="0" coveredconditionals="0" methods="0" coveredmethods="0"/>
          <line num="2" count="1" type="stmt"/>
          <line num="3" count="1" type="stmt"/>
          <line num="4" count="1" type="stmt"/>
          <line num="5" count="1" type="stmt"/>
          <line num="6" count="1" type="stmt"/>
          <line num="7" count="1" type="stmt"/>
          <line num="8" count="1" type="stmt"/>
          <line num="9" count="1" type="stmt"/>
          <line num="10" count="1" type="stmt"/>
          <line num="11" count="1" type="stmt"/>
          <line num="12" count="1" type="stmt"/>
          <line num="13" count="1" type="stmt"/>
          <line num="14" count="1" type="stmt"/>
          <line num="15" count="1" type="stmt"/>
          <line num="16" count="1" type="stmt"/>
          <line num="17" count="1" type="stmt"/>
          <line num="18" count="1" type="stmt"/>
          <line num="19" count="1" type="stmt"/>
          <line num="20" count="1" type="stmt"/>
          <line num="21" count="1" type="stmt"/>
        </file>
        <file name="index.js" path="C:\Users\Orel Balilti\Documents\Projects\Sugoi\server\dist\index.js">
          <metrics statements="25" coveredstatements="25" conditionals="2" coveredconditionals="1" methods="1" coveredmethods="1"/>
          <line num="3" count="60" type="cond" truecount="1" falsecount="1"/>
          <line num="5" count="1" type="stmt"/>
          <line num="6" count="1" type="stmt"/>
          <line num="7" count="1" type="stmt"/>
          <line num="8" count="1" type="stmt"/>
          <line num="9" count="1" type="stmt"/>
          <line num="10" count="1" type="stmt"/>
          <line num="11" count="1" type="stmt"/>
          <line num="12" count="1" type="stmt"/>
          <line num="13" count="1" type="stmt"/>
          <line num="14" count="1" type="stmt"/>
          <line num="15" count="1" type="stmt"/>
          <line num="16" count="1" type="stmt"/>
          <line num="17" count="1" type="stmt"/>
          <line num="18" count="1" type="stmt"/>
          <line num="19" count="1" type="stmt"/>
          <line num="20" count="1" type="stmt"/>
          <line num="21" count="1" type="stmt"/>
          <line num="22" count="1" type="stmt"/>
          <line num="23" count="1" type="stmt"/>
          <line num="24" count="1" type="stmt"/>
          <line num="25" count="1" type="stmt"/>
          <line num="26" count="1" type="stmt"/>
          <line num="27" count="1" type="stmt"/>
          <line num="28" count="1" type="stmt"/>
        </file>
      </package>
      <package name="dist.__tests__.app">
        <metrics statements="14" coveredstatements="13" conditionals="22" coveredconditionals="8" methods="1" coveredmethods="1"/>
        <file name="app.js" path="C:\Users\Orel Balilti\Documents\Projects\Sugoi\server\dist\__tests__\app\app.js">
          <metrics statements="14" coveredstatements="13" conditionals="22" coveredconditionals="8" methods="1" coveredmethods="1"/>
          <line num="2" count="1" type="cond" truecount="3" falsecount="0"/>
          <line num="3" count="1" type="cond" truecount="1" falsecount="3"/>
          <line num="4" count="1" type="cond" truecount="3" falsecount="1"/>
          <line num="5" count="0" type="cond" truecount="0" falsecount="8"/>
          <line num="6" count="1" type="cond" truecount="1" falsecount="2"/>
          <line num="8" count="1" type="stmt"/>
          <line num="9" count="1" type="stmt"/>
          <line num="10" count="1" type="stmt"/>
          <line num="11" count="1" type="stmt"/>
          <line num="12" count="1" type="stmt"/>
          <line num="13" count="1" type="stmt"/>
          <line num="14" count="1" type="stmt"/>
          <line num="16" count="1" type="stmt"/>
          <line num="23" count="1" type="stmt"/>
        </file>
      </package>
      <package name="dist.__tests__.app.controllers">
        <metrics statements="36" coveredstatements="35" conditionals="43" coveredconditionals="32" methods="18" coveredmethods="16"/>
        <file name="index.controller.js" path="C:\Users\Orel Balilti\Documents\Projects\Sugoi\server\dist\__tests__\app\controllers\index.controller.js">
          <metrics statements="36" coveredstatements="35" conditionals="43" coveredconditionals="32" methods="18" coveredmethods="16"/>
          <line num="2" count="1" type="cond" truecount="3" falsecount="0"/>
          <line num="3" count="7" type="cond" truecount="3" falsecount="1"/>
          <line num="4" count="7" type="cond" truecount="3" falsecount="1"/>
          <line num="5" count="0" type="cond" truecount="0" falsecount="8"/>
          <line num="6" count="7" type="cond" truecount="3" falsecount="0"/>
          <line num="8" count="1" type="cond" truecount="3" falsecount="0"/>
          <line num="9" count="18" type="cond" truecount="3" falsecount="1"/>
          <line num="11" count="1" type="cond" truecount="3" falsecount="0"/>
          <line num="12" count="3" type="stmt"/>
          <line num="14" count="1" type="cond" truecount="3" falsecount="0"/>
          <line num="15" count="2" type="cond" truecount="2" falsecount="0"/>
          <line num="16" count="1" type="stmt"/>
          <line num="17" count="1" type="stmt"/>
          <line num="18" count="3" type="cond" truecount="2" falsecount="0"/>
          <line num="19" count="2" type="cond" truecount="2" falsecount="0"/>
          <line num="22" count="1" type="stmt"/>
          <line num="24" count="1" type="stmt"/>
          <line num="25" count="1" type="stmt"/>
          <line num="26" count="1" type="stmt"/>
          <line num="28" count="1" type="stmt"/>
          <line num="31" count="2" type="stmt"/>
          <line num="32" count="2" type="stmt"/>
          <line num="34" count="2" type="cond" truecount="2" falsecount="0"/>
          <line num="35" count="1" type="stmt"/>
          <line num="37" count="1" type="stmt"/>
          <line num="43" count="1" type="stmt"/>
          <line num="47" count="1" type="stmt"/>
          <line num="50" count="1" type="stmt"/>
          <line num="51" count="1" type="stmt"/>
          <line num="59" count="1" type="stmt"/>
          <line num="67" count="1" type="stmt"/>
          <line num="74" count="1" type="stmt"/>
          <line num="81" count="1" type="stmt"/>
          <line num="88" count="1" type="stmt"/>
          <line num="95" count="1" type="stmt"/>
          <line num="99" count="1" type="stmt"/>
        </file>
      </package>
      <package name="dist.__tests__.app.services">
        <metrics statements="13" coveredstatements="12" conditionals="2" coveredconditionals="1" methods="10" coveredmethods="9"/>
        <file name="auth.service.js" path="C:\Users\Orel Balilti\Documents\Projects\Sugoi\server\dist\__tests__\app\services\auth.service.js">
          <metrics statements="13" coveredstatements="12" conditionals="2" coveredconditionals="1" methods="10" coveredmethods="9"/>
          <line num="2" count="1" type="stmt"/>
          <line num="3" count="1" type="stmt"/>
          <line num="6" count="12" type="stmt"/>
          <line num="9" count="2" type="stmt"/>
          <line num="12" count="0" type="stmt"/>
          <line num="15" count="24" type="cond" truecount="1" falsecount="1"/>
          <line num="16" count="24" type="stmt"/>
          <line num="17" count="24" type="stmt"/>
          <line num="20" count="2" type="stmt"/>
          <line num="21" count="3" type="stmt"/>
          <line num="25" count="2" type="stmt"/>
          <line num="26" count="3" type="stmt"/>
          <line num="30" count="1" type="stmt"/>
        </file>
      </package>
      <package name="dist.__tests__.app.submodule.sub1">
        <metrics statements="61" coveredstatements="56" conditionals="95" coveredconditionals="53" methods="21" coveredmethods="18"/>
        <file name="sub1.controller.js" path="C:\Users\Orel Balilti\Documents\Projects\Sugoi\server\dist\__tests__\app\submodule\sub1\sub1.controller.js">
          <metrics statements="24" coveredstatements="21" conditionals="38" coveredconditionals="27" methods="11" coveredmethods="8"/>
          <line num="2" count="1" type="cond" truecount="3" falsecount="0"/>
          <line num="3" count="3" type="cond" truecount="4" falsecount="0"/>
          <line num="4" count="3" type="cond" truecount="3" falsecount="1"/>
          <line num="5" count="0" type="cond" truecount="0" falsecount="8"/>
          <line num="6" count="3" type="cond" truecount="3" falsecount="0"/>
          <line num="8" count="1" type="cond" truecount="3" falsecount="0"/>
          <line num="9" count="5" type="cond" truecount="3" falsecount="1"/>
          <line num="11" count="1" type="cond" truecount="3" falsecount="0"/>
          <line num="12" count="1" type="cond" truecount="2" falsecount="0"/>
          <line num="13" count="0" type="stmt"/>
          <line num="14" count="0" type="stmt"/>
          <line num="15" count="1" type="cond" truecount="1" falsecount="1"/>
          <line num="16" count="1" type="cond" truecount="2" falsecount="0"/>
          <line num="19" count="1" type="stmt"/>
          <line num="20" count="1" type="stmt"/>
          <line num="21" count="1" type="stmt"/>
          <line num="22" count="1" type="stmt"/>
          <line num="23" count="1" type="stmt"/>
          <line num="26" count="1" type="stmt"/>
          <line num="27" count="1" type="stmt"/>
          <line num="31" count="1" type="stmt"/>
          <line num="35" count="1" type="stmt"/>
          <line num="41" count="1" type="stmt"/>
          <line num="45" count="1" type="stmt"/>
        </file>
        <file name="sub1.module.js" path="C:\Users\Orel Balilti\Documents\Projects\Sugoi\server\dist\__tests__\app\submodule\sub1\sub1.module.js">
          <metrics statements="20" coveredstatements="19" conditionals="29" coveredconditionals="14" methods="6" coveredmethods="6"/>
          <line num="2" count="1" type="cond" truecount="3" falsecount="0"/>
          <line num="3" count="1" type="cond" truecount="1" falsecount="3"/>
          <line num="4" count="1" type="cond" truecount="3" falsecount="1"/>
          <line num="5" count="0" type="cond" truecount="0" falsecount="8"/>
          <line num="6" count="1" type="cond" truecount="1" falsecount="2"/>
          <line num="8" count="1" type="cond" truecount="3" falsecount="0"/>
          <line num="9" count="1" type="cond" truecount="3" falsecount="1"/>
          <line num="11" count="1" type="stmt"/>
          <line num="12" count="1" type="stmt"/>
          <line num="13" count="1" type="stmt"/>
          <line num="14" count="1" type="stmt"/>
          <line num="15" count="1" type="stmt"/>
          <line num="16" count="1" type="stmt"/>
          <line num="18" count="2" type="stmt"/>
          <line num="21" count="1" type="stmt"/>
          <line num="22" count="1" type="stmt"/>
          <line num="23" count="1" type="stmt"/>
          <line num="24" count="1" type="stmt"/>
          <line num="29" count="1" type="stmt"/>
          <line num="37" count="1" type="stmt"/>
        </file>
        <file name="sub1.service.js" path="C:\Users\Orel Balilti\Documents\Projects\Sugoi\server\dist\__tests__\app\submodule\sub1\sub1.service.js">
          <metrics statements="17" coveredstatements="16" conditionals="28" coveredconditionals="12" methods="4" coveredmethods="4"/>
          <line num="2" count="1" type="cond" truecount="3" falsecount="0"/>
          <line num="3" count="1" type="cond" truecount="1" falsecount="3"/>
          <line num="4" count="1" type="cond" truecount="3" falsecount="1"/>
          <line num="5" count="0" type="cond" truecount="0" falsecount="8"/>
          <line num="6" count="1" type="cond" truecount="1" falsecount="2"/>
          <line num="8" count="1" type="stmt"/>
          <line num="9" count="1" type="stmt"/>
          <line num="10" count="1" type="stmt"/>
          <line num="12" count="1" type="stmt"/>
          <line num="13" count="1" type="stmt"/>
          <line num="14" count="1" type="stmt"/>
          <line num="17" count="1" type="cond" truecount="1" falsecount="1"/>
          <line num="18" count="1" type="stmt"/>
          <line num="21" count="1" type="cond" truecount="1" falsecount="1"/>
          <line num="22" count="1" type="stmt"/>
          <line num="25" count="1" type="stmt"/>
          <line num="28" count="1" type="stmt"/>
        </file>
      </package>
      <package name="dist.__tests__.app.submodule.sub1.sub2">
        <metrics statements="38" coveredstatements="34" conditionals="58" coveredconditionals="36" methods="11" coveredmethods="9"/>
        <file name="sub2.controller.js" path="C:\Users\Orel Balilti\Documents\Projects\Sugoi\server\dist\__tests__\app\submodule\sub1\sub2\sub2.controller.js">
          <metrics statements="18" coveredstatements="16" conditionals="29" coveredconditionals="19" methods="4" coveredmethods="3"/>
          <line num="2" count="1" type="cond" truecount="3" falsecount="0"/>
          <line num="3" count="4" type="cond" truecount="4" falsecount="0"/>
          <line num="4" count="4" type="cond" truecount="3" falsecount="1"/>
          <line num="5" count="0" type="cond" truecount="0" falsecount="8"/>
          <line num="6" count="4" type="cond" truecount="3" falsecount="0"/>
          <line num="8" count="1" type="cond" truecount="3" falsecount="0"/>
          <line num="9" count="7" type="cond" truecount="3" falsecount="1"/>
          <line num="11" count="1" type="stmt"/>
          <line num="12" count="1" type="stmt"/>
          <line num="13" count="1" type="stmt"/>
          <line num="14" count="1" type="stmt"/>
          <line num="16" count="0" type="stmt"/>
          <line num="19" count="1" type="stmt"/>
          <line num="22" count="1" type="stmt"/>
          <line num="26" count="1" type="stmt"/>
          <line num="32" count="1" type="stmt"/>
          <line num="38" count="1" type="stmt"/>
          <line num="41" count="1" type="stmt"/>
        </file>
        <file name="sub2.module.js" path="C:\Users\Orel Balilti\Documents\Projects\Sugoi\server\dist\__tests__\app\submodule\sub1\sub2\sub2.module.js">
          <metrics statements="20" coveredstatements="18" conditionals="29" coveredconditionals="17" methods="7" coveredmethods="6"/>
          <line num="2" count="1" type="cond" truecount="3" falsecount="0"/>
          <line num="3" count="2" type="cond" truecount="3" falsecount="1"/>
          <line num="4" count="2" type="cond" truecount="3" falsecount="1"/>
          <line num="5" count="0" type="cond" truecount="0" falsecount="8"/>
          <line num="6" count="2" type="cond" truecount="2" falsecount="1"/>
          <line num="8" count="1" type="cond" truecount="3" falsecount="0"/>
          <line num="9" count="2" type="cond" truecount="3" falsecount="1"/>
          <line num="11" count="1" type="stmt"/>
          <line num="12" count="1" type="stmt"/>
          <line num="13" count="1" type="stmt"/>
          <line num="14" count="1" type="stmt"/>
          <line num="15" count="1" type="stmt"/>
          <line num="19" count="1" type="stmt"/>
          <line num="20" count="1" type="stmt"/>
          <line num="21" count="1" type="stmt"/>
          <line num="22" count="1" type="stmt"/>
          <line num="27" count="0" type="stmt"/>
          <line num="30" count="1" type="stmt"/>
          <line num="34" count="1" type="stmt"/>
          <line num="40" count="1" type="stmt"/>
        </file>
      </package>
      <package name="dist.__tests__.app.submodule.sub3">
        <metrics statements="38" coveredstatements="35" conditionals="58" coveredconditionals="36" methods="9" coveredmethods="8"/>
        <file name="sub3.controller.js" path="C:\Users\Orel Balilti\Documents\Projects\Sugoi\server\dist\__tests__\app\submodule\sub3\sub3.controller.js">
          <metrics statements="20" coveredstatements="18" conditionals="29" coveredconditionals="19" methods="5" coveredmethods="4"/>
          <line num="2" count="1" type="cond" truecount="3" falsecount="0"/>
          <line num="3" count="5" type="cond" truecount="4" falsecount="0"/>
          <line num="4" count="5" type="cond" truecount="3" falsecount="1"/>
          <line num="5" count="0" type="cond" truecount="0" falsecount="8"/>
          <line num="6" count="5" type="cond" truecount="3" falsecount="0"/>
          <line num="8" count="1" type="cond" truecount="3" falsecount="0"/>
          <line num="9" count="10" type="cond" truecount="3" falsecount="1"/>
          <line num="11" count="1" type="stmt"/>
          <line num="12" count="1" type="stmt"/>
          <line num="13" count="1" type="stmt"/>
          <line num="14" count="1" type="stmt"/>
          <line num="16" count="0" type="stmt"/>
          <line num="19" count="1" type="stmt"/>
          <line num="22" count="1" type="stmt"/>
          <line num="25" count="1" type="stmt"/>
          <line num="29" count="1" type="stmt"/>
          <line num="35" count="1" type="stmt"/>
          <line num="41" count="1" type="stmt"/>
          <line num="47" count="1" type="stmt"/>
          <line num="50" count="1" type="stmt"/>
        </file>
        <file name="sub3.module.js" path="C:\Users\Orel Balilti\Documents\Projects\Sugoi\server\dist\__tests__\app\submodule\sub3\sub3.module.js">
          <metrics statements="18" coveredstatements="17" conditionals="29" coveredconditionals="17" methods="4" coveredmethods="4"/>
          <line num="2" count="1" type="cond" truecount="3" falsecount="0"/>
          <line num="3" count="2" type="cond" truecount="3" falsecount="1"/>
          <line num="4" count="2" type="cond" truecount="3" falsecount="1"/>
          <line num="5" count="0" type="cond" truecount="0" falsecount="8"/>
          <line num="6" count="2" type="cond" truecount="2" falsecount="1"/>
          <line num="8" count="1" type="cond" truecount="3" falsecount="0"/>
          <line num="9" count="2" type="cond" truecount="3" falsecount="1"/>
          <line num="11" count="1" type="stmt"/>
          <line num="12" count="1" type="stmt"/>
          <line num="13" count="1" type="stmt"/>
          <line num="14" count="1" type="stmt"/>
          <line num="15" count="1" type="stmt"/>
          <line num="16" count="1" type="stmt"/>
          <line num="17" count="1" type="stmt"/>
          <line num="21" count="1" type="stmt"/>
          <line num="24" count="1" type="stmt"/>
          <line num="28" count="1" type="stmt"/>
          <line num="35" count="1" type="stmt"/>
        </file>
      </package>
      <package name="dist.classes">
        <metrics statements="142" coveredstatements="133" conditionals="78" coveredconditionals="52" methods="57" coveredmethods="50"/>
        <file name="auth-provider.class.js" path="C:\Users\Orel Balilti\Documents\Projects\Sugoi\server\dist\classes\auth-provider.class.js">
          <metrics statements="16" coveredstatements="15" conditionals="22" coveredconditionals="8" methods="5" coveredmethods="5"/>
          <line num="2" count="1" type="cond" truecount="3" falsecount="0"/>
          <line num="3" count="1" type="cond" truecount="1" falsecount="3"/>
          <line num="4" count="1" type="cond" truecount="3" falsecount="1"/>
          <line num="5" count="0" type="cond" truecount="0" falsecount="8"/>
          <line num="6" count="1" type="cond" truecount="1" falsecount="2"/>
          <line num="8" count="1" type="stmt"/>
          <line num="9" count="1" type="stmt"/>
          <line num="10" count="1" type="stmt"/>
          <line num="12" count="12" type="stmt"/>
          <line num="13" count="12" type="stmt"/>
          <line num="14" count="12" type="stmt"/>
          <line num="17" count="24" type="stmt"/>
          <line num="20" count="24" type="stmt"/>
          <line num="23" count="12" type="stmt"/>
          <line num="26" count="1" type="stmt"/>
          <line num="29" count="1" type="stmt"/>
        </file>
        <file name="http-server.class.js" path="C:\Users\Orel Balilti\Documents\Projects\Sugoi\server\dist\classes\http-server.class.js">
          <metrics statements="126" coveredstatements="118" conditionals="56" coveredconditionals="44" methods="52" coveredmethods="45"/>
          <line num="2" count="1" type="cond" truecount="3" falsecount="0"/>
          <line num="3" count="20" type="cond" truecount="2" falsecount="0"/>
          <line num="4" count="13" type="stmt"/>
          <line num="5" count="0" type="stmt"/>
          <line num="6" count="33" type="cond" truecount="2" falsecount="0"/>
          <line num="7" count="20" type="cond" truecount="2" falsecount="0"/>
          <line num="10" count="1" type="stmt"/>
          <line num="11" count="1" type="stmt"/>
          <line num="12" count="1" type="stmt"/>
          <line num="13" count="1" type="stmt"/>
          <line num="14" count="1" type="stmt"/>
          <line num="15" count="1" type="stmt"/>
          <line num="16" count="1" type="stmt"/>
          <line num="17" count="1" type="stmt"/>
          <line num="18" count="1" type="stmt"/>
          <line num="19" count="1" type="stmt"/>
          <line num="20" count="1" type="stmt"/>
          <line num="33" count="2" type="stmt"/>
          <line num="34" count="2" type="stmt"/>
          <line num="36" count="1" type="stmt"/>
          <line num="37" count="12" type="stmt"/>
          <line num="38" count="12" type="cond" truecount="1" falsecount="1"/>
          <line num="39" count="12" type="stmt"/>
          <line num="40" count="12" type="stmt"/>
          <line num="41" count="12" type="stmt"/>
          <line num="42" count="2" type="stmt"/>
          <line num="45" count="12" type="stmt"/>
          <line num="49" count="2" type="stmt"/>
          <line num="50" count="2" type="stmt"/>
          <line num="51" count="2" type="stmt"/>
          <line num="52" count="0" type="stmt"/>
          <line num="54" count="2" type="stmt"/>
          <line num="55" count="2" type="stmt"/>
          <line num="56" count="2" type="stmt"/>
          <line num="57" count="2" type="stmt"/>
          <line num="58" count="2" type="stmt"/>
          <line num="59" count="2" type="stmt"/>
          <line num="60" count="2" type="stmt"/>
          <line num="61" count="2" type="stmt"/>
          <line num="62" count="2" type="stmt"/>
          <line num="65" count="13" type="stmt"/>
          <line num="68" count="1" type="stmt"/>
          <line num="76" count="0" type="stmt"/>
          <line num="94" count="2" type="cond" truecount="2" falsecount="0"/>
          <line num="95" count="2" type="cond" truecount="1" falsecount="1"/>
          <line num="96" count="0" type="stmt"/>
          <line num="99" count="2" type="stmt"/>
          <line num="100" count="2" type="stmt"/>
          <line num="101" count="2" type="stmt"/>
          <line num="112" count="1" type="stmt"/>
          <line num="113" count="1" type="cond" truecount="3" falsecount="1"/>
          <line num="124" count="1" type="stmt"/>
          <line num="125" count="1" type="stmt"/>
          <line num="134" count="1" type="cond" truecount="1" falsecount="1"/>
          <line num="137" count="1" type="stmt"/>
          <line num="138" count="1" type="stmt"/>
          <line num="147" count="1" type="stmt"/>
          <line num="148" count="1" type="stmt"/>
          <line num="158" count="1" type="stmt"/>
          <line num="159" count="1" type="stmt"/>
          <line num="160" count="1" type="stmt"/>
          <line num="162" count="1" type="stmt"/>
          <line num="163" count="1" type="stmt"/>
          <line num="164" count="1" type="stmt"/>
          <line num="167" count="1" type="stmt"/>
          <line num="170" count="1" type="stmt"/>
          <line num="171" count="1" type="stmt"/>
          <line num="174" count="0" type="stmt"/>
          <line num="178" count="1" type="cond" truecount="1" falsecount="1"/>
          <line num="179" count="1" type="stmt"/>
          <line num="180" count="1" type="stmt"/>
          <line num="182" count="1" type="cond" truecount="1" falsecount="1"/>
          <line num="185" count="1" type="cond" truecount="1" falsecount="1"/>
          <line num="186" count="0" type="stmt"/>
          <line num="188" count="1" type="cond" truecount="1" falsecount="1"/>
          <line num="191" count="1" type="stmt"/>
          <line num="192" count="1" type="stmt"/>
          <line num="195" count="1" type="stmt"/>
          <line num="196" count="1" type="cond" truecount="1" falsecount="1"/>
          <line num="197" count="1" type="stmt"/>
          <line num="198" count="1" type="stmt"/>
          <line num="199" count="1" type="stmt"/>
          <line num="202" count="0" type="stmt"/>
          <line num="204" count="1" type="stmt"/>
          <line num="205" count="1" type="stmt"/>
          <line num="206" count="1" type="cond" truecount="1" falsecount="1"/>
          <line num="207" count="1" type="stmt"/>
          <line num="209" count="1" type="stmt"/>
          <line num="214" count="2" type="stmt"/>
          <line num="224" count="7" type="stmt"/>
          <line num="225" count="7" type="cond" truecount="2" falsecount="0"/>
          <line num="226" count="7" type="stmt"/>
          <line num="227" count="7" type="cond" truecount="2" falsecount="0"/>
          <line num="228" count="7" type="cond" truecount="2" falsecount="0"/>
          <line num="229" count="1" type="stmt"/>
          <line num="231" count="7" type="cond" truecount="2" falsecount="0"/>
          <line num="233" count="7" type="stmt"/>
          <line num="234" count="7" type="cond" truecount="2" falsecount="0"/>
          <line num="235" count="5" type="stmt"/>
          <line num="238" count="2" type="stmt"/>
          <line num="240" count="7" type="stmt"/>
          <line num="244" count="5" type="stmt"/>
          <line num="245" count="5" type="stmt"/>
          <line num="246" count="5" type="cond" truecount="2" falsecount="0"/>
          <line num="249" count="5" type="stmt"/>
          <line num="250" count="5" type="cond" truecount="2" falsecount="0"/>
          <line num="251" count="2" type="stmt"/>
          <line num="252" count="2" type="stmt"/>
          <line num="254" count="2" type="stmt"/>
          <line num="257" count="4" type="stmt"/>
          <line num="262" count="0" type="stmt"/>
          <line num="265" count="1" type="stmt"/>
          <line num="268" count="1" type="stmt"/>
          <line num="271" count="1" type="stmt"/>
          <line num="274" count="12" type="stmt"/>
          <line num="275" count="8" type="stmt"/>
          <line num="276" count="8" type="cond" truecount="2" falsecount="0"/>
          <line num="277" count="1" type="stmt"/>
          <line num="278" count="7" type="stmt"/>
          <line num="279" count="7" type="stmt"/>
          <line num="280" count="7" type="stmt"/>
          <line num="282" count="11" type="stmt"/>
          <line num="285" count="7" type="stmt"/>
          <line num="286" count="7" type="stmt"/>
          <line num="290" count="1" type="stmt"/>
          <line num="291" count="1" type="stmt"/>
        </file>
      </package>
      <package name="dist.constants">
        <metrics statements="7" coveredstatements="7" conditionals="0" coveredconditionals="0" methods="0" coveredmethods="0"/>
        <file name="exceptions.constant.js" path="C:\Users\Orel Balilti\Documents\Projects\Sugoi\server\dist\constants\exceptions.constant.js">
          <metrics statements="2" coveredstatements="2" conditionals="0" coveredconditionals="0" methods="0" coveredmethods="0"/>
          <line num="2" count="1" type="stmt"/>
          <line num="3" count="1" type="stmt"/>
        </file>
        <file name="icons.js" path="C:\Users\Orel Balilti\Documents\Projects\Sugoi\server\dist\constants\icons.js">
          <metrics statements="2" coveredstatements="2" conditionals="0" coveredconditionals="0" methods="0" coveredmethods="0"/>
          <line num="2" count="1" type="stmt"/>
          <line num="3" count="1" type="stmt"/>
        </file>
        <file name="meta-key.js" path="C:\Users\Orel Balilti\Documents\Projects\Sugoi\server\dist\constants\meta-key.js">
          <metrics statements="3" coveredstatements="3" conditionals="0" coveredconditionals="0" methods="0" coveredmethods="0"/>
          <line num="2" count="1" type="stmt"/>
          <line num="3" count="1" type="stmt"/>
          <line num="4" count="1" type="stmt"/>
        </file>
      </package>
      <package name="dist.decorators">
        <metrics statements="62" coveredstatements="62" conditionals="8" coveredconditionals="7" methods="4" coveredmethods="4"/>
        <file name="authorization-policy.decorator.js" path="C:\Users\Orel Balilti\Documents\Projects\Sugoi\server\dist\decorators\authorization-policy.decorator.js">
          <metrics statements="4" coveredstatements="4" conditionals="3" coveredconditionals="3" methods="1" coveredmethods="1"/>
          <line num="2" count="1" type="stmt"/>
          <line num="3" count="1" type="stmt"/>
          <line num="4" count="1" type="cond" truecount="3" falsecount="0"/>
          <line num="5" count="5" type="stmt"/>
        </file>
        <file name="express-utils.decorator.js" path="C:\Users\Orel Balilti\Documents\Projects\Sugoi\server\dist\decorators\express-utils.decorator.js">
          <metrics statements="46" coveredstatements="46" conditionals="0" coveredconditionals="0" methods="0" coveredmethods="0"/>
          <line num="2" count="1" type="stmt"/>
          <line num="3" count="1" type="stmt"/>
          <line num="4" count="1" type="stmt"/>
          <line num="5" count="1" type="stmt"/>
          <line num="6" count="1" type="stmt"/>
          <line num="7" count="1" type="stmt"/>
          <line num="8" count="1" type="stmt"/>
          <line num="9" count="1" type="stmt"/>
          <line num="10" count="1" type="stmt"/>
          <line num="11" count="1" type="stmt"/>
          <line num="12" count="1" type="stmt"/>
          <line num="13" count="1" type="stmt"/>
          <line num="14" count="1" type="stmt"/>
          <line num="15" count="1" type="stmt"/>
          <line num="16" count="1" type="stmt"/>
          <line num="17" count="1" type="stmt"/>
          <line num="18" count="1" type="stmt"/>
          <line num="19" count="1" type="stmt"/>
          <line num="20" count="1" type="stmt"/>
          <line num="21" count="1" type="stmt"/>
          <line num="22" count="1" type="stmt"/>
          <line num="23" count="1" type="stmt"/>
          <line num="24" count="1" type="stmt"/>
          <line num="25" count="1" type="stmt"/>
          <line num="26" count="1" type="stmt"/>
          <line num="27" count="1" type="stmt"/>
          <line num="28" count="1" type="stmt"/>
          <line num="29" count="1" type="stmt"/>
          <line num="30" count="1" type="stmt"/>
          <line num="31" count="1" type="stmt"/>
          <line num="32" count="1" type="stmt"/>
          <line num="33" count="1" type="stmt"/>
          <line num="34" count="1" type="stmt"/>
          <line num="35" count="1" type="stmt"/>
          <line num="36" count="1" type="stmt"/>
          <line num="37" count="1" type="stmt"/>
          <line num="38" count="1" type="stmt"/>
          <line num="39" count="1" type="stmt"/>
          <line num="40" count="1" type="stmt"/>
          <line num="41" count="1" type="stmt"/>
          <line num="42" count="1" type="stmt"/>
          <line num="43" count="1" type="stmt"/>
          <line num="44" count="1" type="stmt"/>
          <line num="45" count="1" type="stmt"/>
          <line num="46" count="1" type="stmt"/>
          <line num="47" count="1" type="stmt"/>
        </file>
        <file name="request-schema-policy.decorator.js" path="C:\Users\Orel Balilti\Documents\Projects\Sugoi\server\dist\decorators\request-schema-policy.decorator.js">
          <metrics statements="4" coveredstatements="4" conditionals="4" coveredconditionals="3" methods="1" coveredmethods="1"/>
          <line num="2" count="1" type="stmt"/>
          <line num="3" count="1" type="stmt"/>
          <line num="4" count="1" type="cond" truecount="3" falsecount="1"/>
          <line num="5" count="1" type="stmt"/>
        </file>
        <file name="server-module.decorator.js" path="C:\Users\Orel Balilti\Documents\Projects\Sugoi\server\dist\decorators\server-module.decorator.js">
          <metrics statements="8" coveredstatements="8" conditionals="1" coveredconditionals="1" methods="2" coveredmethods="2"/>
          <line num="2" count="1" type="stmt"/>
          <line num="3" count="1" type="stmt"/>
          <line num="4" count="1" type="stmt"/>
          <line num="14" count="1" type="cond" truecount="1" falsecount="0"/>
          <line num="15" count="4" type="stmt"/>
          <line num="16" count="4" type="stmt"/>
          <line num="17" count="4" type="stmt"/>
          <line num="20" count="1" type="stmt"/>
        </file>
      </package>
      <package name="dist.exceptions">
        <metrics statements="4" coveredstatements="4" conditionals="0" coveredconditionals="0" methods="1" coveredmethods="1"/>
        <file name="server.exception.js" path="C:\Users\Orel Balilti\Documents\Projects\Sugoi\server\dist\exceptions\server.exception.js">
          <metrics statements="4" coveredstatements="4" conditionals="0" coveredconditionals="0" methods="1" coveredmethods="1"/>
          <line num="2" count="1" type="stmt"/>
          <line num="3" count="1" type="stmt"/>
          <line num="9" count="1" type="stmt"/>
          <line num="12" count="1" type="stmt"/>
        </file>
      </package>
      <package name="dist.services">
        <metrics statements="9" coveredstatements="9" conditionals="1" coveredconditionals="1" methods="3" coveredmethods="3"/>
        <file name="server-container.service.js" path="C:\Users\Orel Balilti\Documents\Projects\Sugoi\server\dist\services\server-container.service.js">
          <metrics statements="9" coveredstatements="9" conditionals="1" coveredconditionals="1" methods="3" coveredmethods="3"/>
          <line num="2" count="1" type="stmt"/>
          <line num="3" count="1" type="stmt"/>
          <line num="6" count="3" type="stmt"/>
          <line num="9" count="2" type="stmt"/>
          <line num="10" count="2" type="stmt"/>
          <line num="13" count="2" type="stmt"/>
          <line num="16" count="1" type="stmt"/>
          <line num="17" count="1" type="stmt"/>
          <line num="18" count="1" type="stmt"/>
        </file>
      </package>
      <package name="dist.utils">
        <metrics statements="71" coveredstatements="65" conditionals="108" coveredconditionals="79" methods="20" coveredmethods="19"/>
        <file name="authorization.utils.js" path="C:\Users\Orel Balilti\Documents\Projects\Sugoi\server\dist\utils\authorization.utils.js">
          <metrics statements="50" coveredstatements="45" conditionals="72" coveredconditionals="56" methods="14" coveredmethods="13"/>
          <line num="2" count="1" type="cond" truecount="3" falsecount="0"/>
          <line num="3" count="1" type="cond" truecount="2" falsecount="2"/>
          <line num="4" count="1" type="cond" truecount="3" falsecount="1"/>
          <line num="5" count="0" type="cond" truecount="0" falsecount="8"/>
          <line num="6" count="1" type="cond" truecount="3" falsecount="0"/>
          <line num="8" count="1" type="cond" truecount="3" falsecount="0"/>
          <line num="9" count="3" type="cond" truecount="3" falsecount="1"/>
          <line num="11" count="1" type="cond" truecount="3" falsecount="0"/>
          <line num="12" count="12" type="cond" truecount="2" falsecount="0"/>
          <line num="13" count="12" type="stmt"/>
          <line num="14" count="0" type="stmt"/>
          <line num="15" count="24" type="cond" truecount="2" falsecount="0"/>
          <line num="16" count="12" type="cond" truecount="2" falsecount="0"/>
          <line num="19" count="1" type="stmt"/>
          <line num="20" count="1" type="stmt"/>
          <line num="21" count="1" type="stmt"/>
          <line num="22" count="1" type="stmt"/>
          <line num="23" count="1" type="stmt"/>
          <line num="26" count="12" type="stmt"/>
          <line num="27" count="12" type="stmt"/>
          <line num="31" count="12" type="cond" truecount="1" falsecount="1"/>
          <line num="33" count="12" type="cond" truecount="1" falsecount="1"/>
          <line num="34" count="12" type="stmt"/>
          <line num="36" count="12" type="cond" truecount="3" falsecount="1"/>
          <line num="37" count="0" type="stmt"/>
          <line num="38" count="12" type="stmt"/>
          <line num="39" count="12" type="stmt"/>
          <line num="41" count="12" type="cond" truecount="2" falsecount="0"/>
          <line num="42" count="1" type="stmt"/>
          <line num="43" count="11" type="cond" truecount="4" falsecount="0"/>
          <line num="44" count="1" type="stmt"/>
          <line num="45" count="11" type="stmt"/>
          <line num="46" count="11" type="cond" truecount="4" falsecount="0"/>
          <line num="51" count="11" type="cond" truecount="2" falsecount="0"/>
          <line num="52" count="1" type="stmt"/>
          <line num="53" count="10" type="cond" truecount="4" falsecount="0"/>
          <line num="54" count="1" type="stmt"/>
          <line num="55" count="10" type="stmt"/>
          <line num="56" count="10" type="cond" truecount="4" falsecount="0"/>
          <line num="60" count="10" type="cond" truecount="2" falsecount="0"/>
          <line num="61" count="1" type="stmt"/>
          <line num="63" count="9" type="stmt"/>
          <line num="66" count="3" type="cond" truecount="3" falsecount="1"/>
          <line num="67" count="3" type="stmt"/>
          <line num="68" count="3" type="stmt"/>
          <line num="69" count="3" type="stmt"/>
          <line num="72" count="0" type="stmt"/>
          <line num="73" count="0" type="stmt"/>
          <line num="79" count="1" type="stmt"/>
          <line num="85" count="1" type="stmt"/>
        </file>
        <file name="parameters-validator.util.js" path="C:\Users\Orel Balilti\Documents\Projects\Sugoi\server\dist\utils\parameters-validator.util.js">
          <metrics statements="21" coveredstatements="20" conditionals="36" coveredconditionals="23" methods="6" coveredmethods="6"/>
          <line num="2" count="1" type="cond" truecount="3" falsecount="0"/>
          <line num="3" count="1" type="cond" truecount="2" falsecount="2"/>
          <line num="4" count="1" type="cond" truecount="3" falsecount="1"/>
          <line num="5" count="0" type="cond" truecount="0" falsecount="8"/>
          <line num="6" count="1" type="cond" truecount="3" falsecount="0"/>
          <line num="8" count="1" type="cond" truecount="3" falsecount="0"/>
          <line num="9" count="3" type="cond" truecount="3" falsecount="1"/>
          <line num="11" count="1" type="stmt"/>
          <line num="12" count="1" type="stmt"/>
          <line num="15" count="1" type="stmt"/>
          <line num="16" count="1" type="stmt"/>
          <line num="17" count="1" type="stmt"/>
          <line num="18" count="1" type="stmt"/>
          <line num="19" count="4" type="cond" truecount="2" falsecount="0"/>
          <line num="20" count="3" type="stmt"/>
          <line num="21" count="1" type="stmt"/>
          <line num="22" count="1" type="stmt"/>
          <line num="24" count="1" type="cond" truecount="1" falsecount="1"/>
          <line num="27" count="15" type="cond" truecount="3" falsecount="0"/>
          <line num="30" count="1" type="stmt"/>
          <line num="36" count="1" type="stmt"/>
        </file>
      </package>
    </metrics>
  </project>
</coverage>
