{"C:\\Users\\Orel Balilti\\Documents\\Projects\\Sugoi\\server\\dist\\core-utils.js": {"path":"C:\\Users\\Orel Balilti\\Documents\\Projects\\Sugoi\\server\\dist\\core-utils.js","statementMap":{"0":{"start":{"line":2,"column":0},"end":{"line":2,"column":62}},"1":{"start":{"line":3,"column":13},"end":{"line":3,"column":35}},"2":{"start":{"line":4,"column":0},"end":{"line":4,"column":37}},"3":{"start":{"line":5,"column":0},"end":{"line":5,"column":39}},"4":{"start":{"line":6,"column":0},"end":{"line":6,"column":35}},"5":{"start":{"line":7,"column":0},"end":{"line":7,"column":35}},"6":{"start":{"line":8,"column":0},"end":{"line":8,"column":31}},"7":{"start":{"line":9,"column":0},"end":{"line":9,"column":39}},"8":{"start":{"line":10,"column":0},"end":{"line":10,"column":31}},"9":{"start":{"line":11,"column":0},"end":{"line":11,"column":35}},"10":{"start":{"line":12,"column":0},"end":{"line":12,"column":35}},"11":{"start":{"line":13,"column":0},"end":{"line":13,"column":59}},"12":{"start":{"line":14,"column":0},"end":{"line":14,"column":51}},"13":{"start":{"line":15,"column":0},"end":{"line":15,"column":41}},"14":{"start":{"line":16,"column":0},"end":{"line":16,"column":43}},"15":{"start":{"line":17,"column":0},"end":{"line":17,"column":55}},"16":{"start":{"line":18,"column":0},"end":{"line":18,"column":31}},"17":{"start":{"line":19,"column":0},"end":{"line":19,"column":37}},"18":{"start":{"line":20,"column":0},"end":{"line":20,"column":59}},"19":{"start":{"line":21,"column":0},"end":{"line":21,"column":61}}},"fnMap":{},"branchMap":{},"s":{"0":3,"1":3,"2":3,"3":3,"4":3,"5":3,"6":3,"7":3,"8":3,"9":3,"10":3,"11":3,"12":3,"13":3,"14":3,"15":3,"16":3,"17":3,"18":3,"19":3},"f":{},"b":{},"_coverageSchema":"332fd63041d2c1bcb487cc26dd0d5f7d97098a6c","hash":"589708d10bb3d331429980c7e0014ae151a9d0c4"}
,"C:\\Users\\Orel Balilti\\Documents\\Projects\\Sugoi\\server\\dist\\index.js": {"path":"C:\\Users\\Orel Balilti\\Documents\\Projects\\Sugoi\\server\\dist\\index.js","statementMap":{"0":{"start":{"line":3,"column":4},"end":{"line":3,"column":71}},"1":{"start":{"line":3,"column":21},"end":{"line":3,"column":71}},"2":{"start":{"line":3,"column":53},"end":{"line":3,"column":71}},"3":{"start":{"line":5,"column":0},"end":{"line":5,"column":62}},"4":{"start":{"line":6,"column":0},"end":{"line":6,"column":23}},"5":{"start":{"line":7,"column":0},"end":{"line":7,"column":34}},"6":{"start":{"line":8,"column":0},"end":{"line":8,"column":39}},"7":{"start":{"line":9,"column":36},"end":{"line":9,"column":80}},"8":{"start":{"line":10,"column":0},"end":{"line":10,"column":86}},"9":{"start":{"line":11,"column":30},"end":{"line":11,"column":68}},"10":{"start":{"line":12,"column":0},"end":{"line":12,"column":70}},"11":{"start":{"line":13,"column":35},"end":{"line":13,"column":80}},"12":{"start":{"line":14,"column":0},"end":{"line":14,"column":79}},"13":{"start":{"line":15,"column":28},"end":{"line":15,"column":68}},"14":{"start":{"line":16,"column":0},"end":{"line":16,"column":58}},"15":{"start":{"line":17,"column":28},"end":{"line":17,"column":68}},"16":{"start":{"line":18,"column":0},"end":{"line":18,"column":58}},"17":{"start":{"line":19,"column":13},"end":{"line":19,"column":35}},"18":{"start":{"line":20,"column":0},"end":{"line":20,"column":41}},"19":{"start":{"line":21,"column":0},"end":{"line":21,"column":31}},"20":{"start":{"line":22,"column":0},"end":{"line":22,"column":37}},"21":{"start":{"line":23,"column":0},"end":{"line":23,"column":51}},"22":{"start":{"line":24,"column":40},"end":{"line":24,"column":95}},"23":{"start":{"line":25,"column":0},"end":{"line":25,"column":84}},"24":{"start":{"line":26,"column":17},"end":{"line":26,"column":48}},"25":{"start":{"line":27,"column":0},"end":{"line":27,"column":49}},"26":{"start":{"line":28,"column":26},"end":{"line":28,"column":64}},"27":{"start":{"line":29,"column":0},"end":{"line":29,"column":52}},"28":{"start":{"line":30,"column":0},"end":{"line":30,"column":34}}},"fnMap":{"0":{"name":"__export","decl":{"start":{"line":2,"column":9},"end":{"line":2,"column":17}},"loc":{"start":{"line":2,"column":21},"end":{"line":4,"column":1}},"line":2}},"branchMap":{"0":{"loc":{"start":{"line":3,"column":21},"end":{"line":3,"column":71}},"type":"if","locations":[{"start":{"line":3,"column":21},"end":{"line":3,"column":71}},{"start":{"line":3,"column":21},"end":{"line":3,"column":71}}],"line":3}},"s":{"0":9,"1":222,"2":219,"3":3,"4":3,"5":3,"6":3,"7":3,"8":3,"9":3,"10":3,"11":3,"12":3,"13":3,"14":3,"15":3,"16":3,"17":3,"18":3,"19":3,"20":3,"21":3,"22":3,"23":3,"24":3,"25":3,"26":3,"27":3,"28":3},"f":{"0":9},"b":{"0":[219,3]},"_coverageSchema":"332fd63041d2c1bcb487cc26dd0d5f7d97098a6c","hash":"5b67c31c27533b20b71bca6aa3ee41803a30faaa"}
,"C:\\Users\\Orel Balilti\\Documents\\Projects\\Sugoi\\server\\dist\\__tests__\\app\\app.js": {"path":"C:\\Users\\Orel Balilti\\Documents\\Projects\\Sugoi\\server\\dist\\__tests__\\app\\app.js","statementMap":{"0":{"start":{"line":2,"column":17},"end":{"line":7,"column":1}},"1":{"start":{"line":3,"column":12},"end":{"line":3,"column":28}},"2":{"start":{"line":3,"column":34},"end":{"line":3,"column":125}},"3":{"start":{"line":4,"column":4},"end":{"line":5,"column":150}},"4":{"start":{"line":4,"column":79},"end":{"line":4,"column":131}},"5":{"start":{"line":5,"column":9},"end":{"line":5,"column":150}},"6":{"start":{"line":5,"column":58},"end":{"line":5,"column":150}},"7":{"start":{"line":5,"column":81},"end":{"line":5,"column":150}},"8":{"start":{"line":6,"column":4},"end":{"line":6,"column":66}},"9":{"start":{"line":8,"column":0},"end":{"line":8,"column":62}},"10":{"start":{"line":9,"column":16},"end":{"line":9,"column":38}},"11":{"start":{"line":10,"column":27},"end":{"line":10,"column":68}},"12":{"start":{"line":11,"column":22},"end":{"line":11,"column":61}},"13":{"start":{"line":12,"column":23},"end":{"line":12,"column":57}},"14":{"start":{"line":13,"column":23},"end":{"line":13,"column":57}},"15":{"start":{"line":14,"column":16},"end":{"line":15,"column":1}},"16":{"start":{"line":16,"column":0},"end":{"line":36,"column":14}},"17":{"start":{"line":25,"column":31},"end":{"line":25,"column":88}},"18":{"start":{"line":37,"column":0},"end":{"line":37,"column":30}}},"fnMap":{"0":{"name":"(anonymous_0)","decl":{"start":{"line":2,"column":46},"end":{"line":2,"column":47}},"loc":{"start":{"line":2,"column":87},"end":{"line":7,"column":1}},"line":2},"1":{"name":"(anonymous_1)","decl":{"start":{"line":25,"column":25},"end":{"line":25,"column":26}},"loc":{"start":{"line":25,"column":31},"end":{"line":25,"column":88}},"line":25}},"branchMap":{"0":{"loc":{"start":{"line":2,"column":17},"end":{"line":7,"column":1}},"type":"binary-expr","locations":[{"start":{"line":2,"column":18},"end":{"line":2,"column":22}},{"start":{"line":2,"column":26},"end":{"line":2,"column":41}},{"start":{"line":2,"column":46},"end":{"line":7,"column":1}}],"line":2},"1":{"loc":{"start":{"line":3,"column":34},"end":{"line":3,"column":125}},"type":"cond-expr","locations":[{"start":{"line":3,"column":42},"end":{"line":3,"column":48}},{"start":{"line":3,"column":51},"end":{"line":3,"column":125}}],"line":3},"2":{"loc":{"start":{"line":3,"column":51},"end":{"line":3,"column":125}},"type":"cond-expr","locations":[{"start":{"line":3,"column":67},"end":{"line":3,"column":118}},{"start":{"line":3,"column":121},"end":{"line":3,"column":125}}],"line":3},"3":{"loc":{"start":{"line":4,"column":4},"end":{"line":5,"column":150}},"type":"if","locations":[{"start":{"line":4,"column":4},"end":{"line":5,"column":150}},{"start":{"line":4,"column":4},"end":{"line":5,"column":150}}],"line":4},"4":{"loc":{"start":{"line":4,"column":8},"end":{"line":4,"column":77}},"type":"binary-expr","locations":[{"start":{"line":4,"column":8},"end":{"line":4,"column":35}},{"start":{"line":4,"column":39},"end":{"line":4,"column":77}}],"line":4},"5":{"loc":{"start":{"line":5,"column":58},"end":{"line":5,"column":150}},"type":"if","locations":[{"start":{"line":5,"column":58},"end":{"line":5,"column":150}},{"start":{"line":5,"column":58},"end":{"line":5,"column":150}}],"line":5},"6":{"loc":{"start":{"line":5,"column":85},"end":{"line":5,"column":149}},"type":"binary-expr","locations":[{"start":{"line":5,"column":86},"end":{"line":5,"column":143}},{"start":{"line":5,"column":148},"end":{"line":5,"column":149}}],"line":5},"7":{"loc":{"start":{"line":5,"column":86},"end":{"line":5,"column":143}},"type":"cond-expr","locations":[{"start":{"line":5,"column":94},"end":{"line":5,"column":98}},{"start":{"line":5,"column":101},"end":{"line":5,"column":143}}],"line":5},"8":{"loc":{"start":{"line":5,"column":101},"end":{"line":5,"column":143}},"type":"cond-expr","locations":[{"start":{"line":5,"column":109},"end":{"line":5,"column":126}},{"start":{"line":5,"column":129},"end":{"line":5,"column":143}}],"line":5},"9":{"loc":{"start":{"line":6,"column":11},"end":{"line":6,"column":62}},"type":"binary-expr","locations":[{"start":{"line":6,"column":11},"end":{"line":6,"column":16}},{"start":{"line":6,"column":20},"end":{"line":6,"column":21}},{"start":{"line":6,"column":25},"end":{"line":6,"column":62}}],"line":6}},"s":{"0":2,"1":2,"2":2,"3":2,"4":2,"5":0,"6":0,"7":0,"8":2,"9":2,"10":2,"11":2,"12":2,"13":2,"14":2,"15":2,"16":2,"17":28,"18":2},"f":{"0":2,"1":28},"b":{"0":[2,2,2],"1":[2,0],"2":[0,0],"3":[2,0],"4":[2,2],"5":[0,0],"6":[0,0],"7":[0,0],"8":[0,0],"9":[2,0,0]},"_coverageSchema":"332fd63041d2c1bcb487cc26dd0d5f7d97098a6c","hash":"f653a9c4fce637ef777d3c1cdaf2caef957b4b9b"}
,"C:\\Users\\Orel Balilti\\Documents\\Projects\\Sugoi\\server\\dist\\__tests__\\app\\controllers\\index.controller.js": {"path":"C:\\Users\\Orel Balilti\\Documents\\Projects\\Sugoi\\server\\dist\\__tests__\\app\\controllers\\index.controller.js","statementMap":{"0":{"start":{"line":2,"column":17},"end":{"line":7,"column":1}},"1":{"start":{"line":3,"column":12},"end":{"line":3,"column":28}},"2":{"start":{"line":3,"column":34},"end":{"line":3,"column":125}},"3":{"start":{"line":4,"column":4},"end":{"line":5,"column":150}},"4":{"start":{"line":4,"column":79},"end":{"line":4,"column":131}},"5":{"start":{"line":5,"column":9},"end":{"line":5,"column":150}},"6":{"start":{"line":5,"column":58},"end":{"line":5,"column":150}},"7":{"start":{"line":5,"column":81},"end":{"line":5,"column":150}},"8":{"start":{"line":6,"column":4},"end":{"line":6,"column":66}},"9":{"start":{"line":8,"column":17},"end":{"line":10,"column":1}},"10":{"start":{"line":9,"column":4},"end":{"line":9,"column":109}},"11":{"start":{"line":9,"column":79},"end":{"line":9,"column":109}},"12":{"start":{"line":11,"column":14},"end":{"line":13,"column":1}},"13":{"start":{"line":12,"column":4},"end":{"line":12,"column":73}},"14":{"start":{"line":12,"column":36},"end":{"line":12,"column":71}},"15":{"start":{"line":14,"column":16},"end":{"line":21,"column":1}},"16":{"start":{"line":15,"column":4},"end":{"line":20,"column":7}},"17":{"start":{"line":16,"column":36},"end":{"line":16,"column":97}},"18":{"start":{"line":16,"column":42},"end":{"line":16,"column":70}},"19":{"start":{"line":16,"column":85},"end":{"line":16,"column":95}},"20":{"start":{"line":17,"column":35},"end":{"line":17,"column":100}},"21":{"start":{"line":17,"column":41},"end":{"line":17,"column":73}},"22":{"start":{"line":17,"column":88},"end":{"line":17,"column":98}},"23":{"start":{"line":18,"column":32},"end":{"line":18,"column":149}},"24":{"start":{"line":18,"column":97},"end":{"line":18,"column":119}},"25":{"start":{"line":19,"column":8},"end":{"line":19,"column":78}},"26":{"start":{"line":22,"column":0},"end":{"line":22,"column":62}},"27":{"start":{"line":24,"column":16},"end":{"line":24,"column":41}},"28":{"start":{"line":25,"column":27},"end":{"line":25,"column":74}},"29":{"start":{"line":26,"column":15},"end":{"line":26,"column":37}},"30":{"start":{"line":27,"column":23},"end":{"line":27,"column":58}},"31":{"start":{"line":28,"column":28},"end":{"line":28,"column":114}},"32":{"start":{"line":29,"column":22},"end":{"line":65,"column":1}},"33":{"start":{"line":31,"column":8},"end":{"line":31,"column":22}},"34":{"start":{"line":34,"column":8},"end":{"line":42,"column":11}},"35":{"start":{"line":35,"column":12},"end":{"line":41,"column":15}},"36":{"start":{"line":37,"column":16},"end":{"line":40,"column":87}},"37":{"start":{"line":38,"column":20},"end":{"line":38,"column":59}},"38":{"start":{"line":40,"column":20},"end":{"line":40,"column":87}},"39":{"start":{"line":47,"column":8},"end":{"line":47,"column":47}},"40":{"start":{"line":52,"column":8},"end":{"line":52,"column":47}},"41":{"start":{"line":55,"column":8},"end":{"line":55,"column":75}},"42":{"start":{"line":58,"column":8},"end":{"line":58,"column":71}},"43":{"start":{"line":61,"column":25},"end":{"line":61,"column":41}},"44":{"start":{"line":62,"column":25},"end":{"line":62,"column":57}},"45":{"start":{"line":63,"column":8},"end":{"line":63,"column":82}},"46":{"start":{"line":66,"column":0},"end":{"line":66,"column":48}},"47":{"start":{"line":67,"column":0},"end":{"line":70,"column":55}},"48":{"start":{"line":71,"column":0},"end":{"line":74,"column":54}},"49":{"start":{"line":75,"column":0},"end":{"line":78,"column":53}},"50":{"start":{"line":79,"column":0},"end":{"line":88,"column":47}},"51":{"start":{"line":89,"column":0},"end":{"line":96,"column":47}},"52":{"start":{"line":97,"column":0},"end":{"line":103,"column":61}},"53":{"start":{"line":104,"column":0},"end":{"line":110,"column":69}},"54":{"start":{"line":111,"column":0},"end":{"line":117,"column":54}},"55":{"start":{"line":118,"column":0},"end":{"line":125,"column":62}},"56":{"start":{"line":126,"column":0},"end":{"line":132,"column":52}},"57":{"start":{"line":133,"column":0},"end":{"line":139,"column":48}},"58":{"start":{"line":140,"column":0},"end":{"line":146,"column":50}},"59":{"start":{"line":147,"column":0},"end":{"line":150,"column":20}},"60":{"start":{"line":151,"column":0},"end":{"line":151,"column":42}}},"fnMap":{"0":{"name":"(anonymous_0)","decl":{"start":{"line":2,"column":46},"end":{"line":2,"column":47}},"loc":{"start":{"line":2,"column":87},"end":{"line":7,"column":1}},"line":2},"1":{"name":"(anonymous_1)","decl":{"start":{"line":8,"column":46},"end":{"line":8,"column":47}},"loc":{"start":{"line":8,"column":62},"end":{"line":10,"column":1}},"line":8},"2":{"name":"(anonymous_2)","decl":{"start":{"line":11,"column":40},"end":{"line":11,"column":41}},"loc":{"start":{"line":11,"column":73},"end":{"line":13,"column":1}},"line":11},"3":{"name":"(anonymous_3)","decl":{"start":{"line":12,"column":11},"end":{"line":12,"column":12}},"loc":{"start":{"line":12,"column":34},"end":{"line":12,"column":73}},"line":12},"4":{"name":"(anonymous_4)","decl":{"start":{"line":14,"column":44},"end":{"line":14,"column":45}},"loc":{"start":{"line":14,"column":89},"end":{"line":21,"column":1}},"line":14},"5":{"name":"(anonymous_5)","decl":{"start":{"line":15,"column":36},"end":{"line":15,"column":37}},"loc":{"start":{"line":15,"column":63},"end":{"line":20,"column":5}},"line":15},"6":{"name":"fulfilled","decl":{"start":{"line":16,"column":17},"end":{"line":16,"column":26}},"loc":{"start":{"line":16,"column":34},"end":{"line":16,"column":99}},"line":16},"7":{"name":"rejected","decl":{"start":{"line":17,"column":17},"end":{"line":17,"column":25}},"loc":{"start":{"line":17,"column":33},"end":{"line":17,"column":102}},"line":17},"8":{"name":"step","decl":{"start":{"line":18,"column":17},"end":{"line":18,"column":21}},"loc":{"start":{"line":18,"column":30},"end":{"line":18,"column":151}},"line":18},"9":{"name":"(anonymous_9)","decl":{"start":{"line":18,"column":76},"end":{"line":18,"column":77}},"loc":{"start":{"line":18,"column":95},"end":{"line":18,"column":121}},"line":18},"10":{"name":"(anonymous_10)","decl":{"start":{"line":30,"column":4},"end":{"line":30,"column":5}},"loc":{"start":{"line":30,"column":16},"end":{"line":32,"column":5}},"line":30},"11":{"name":"(anonymous_11)","decl":{"start":{"line":33,"column":4},"end":{"line":33,"column":5}},"loc":{"start":{"line":33,"column":21},"end":{"line":43,"column":5}},"line":33},"12":{"name":"(anonymous_12)","decl":{"start":{"line":34,"column":47},"end":{"line":34,"column":48}},"loc":{"start":{"line":34,"column":60},"end":{"line":42,"column":9}},"line":34},"13":{"name":"(anonymous_13)","decl":{"start":{"line":36,"column":22},"end":{"line":36,"column":23}},"loc":{"start":{"line":36,"column":33},"end":{"line":41,"column":13}},"line":36},"14":{"name":"(anonymous_14)","decl":{"start":{"line":44,"column":4},"end":{"line":44,"column":5}},"loc":{"start":{"line":44,"column":28},"end":{"line":45,"column":5}},"line":44},"15":{"name":"(anonymous_15)","decl":{"start":{"line":46,"column":4},"end":{"line":46,"column":5}},"loc":{"start":{"line":46,"column":36},"end":{"line":48,"column":5}},"line":46},"16":{"name":"(anonymous_16)","decl":{"start":{"line":49,"column":4},"end":{"line":49,"column":5}},"loc":{"start":{"line":49,"column":21},"end":{"line":50,"column":5}},"line":49},"17":{"name":"(anonymous_17)","decl":{"start":{"line":51,"column":4},"end":{"line":51,"column":5}},"loc":{"start":{"line":51,"column":29},"end":{"line":53,"column":5}},"line":51},"18":{"name":"(anonymous_18)","decl":{"start":{"line":54,"column":4},"end":{"line":54,"column":5}},"loc":{"start":{"line":54,"column":22},"end":{"line":56,"column":5}},"line":54},"19":{"name":"(anonymous_19)","decl":{"start":{"line":57,"column":4},"end":{"line":57,"column":5}},"loc":{"start":{"line":57,"column":18},"end":{"line":59,"column":5}},"line":57},"20":{"name":"(anonymous_20)","decl":{"start":{"line":60,"column":4},"end":{"line":60,"column":5}},"loc":{"start":{"line":60,"column":20},"end":{"line":64,"column":5}},"line":60}},"branchMap":{"0":{"loc":{"start":{"line":2,"column":17},"end":{"line":7,"column":1}},"type":"binary-expr","locations":[{"start":{"line":2,"column":18},"end":{"line":2,"column":22}},{"start":{"line":2,"column":26},"end":{"line":2,"column":41}},{"start":{"line":2,"column":46},"end":{"line":7,"column":1}}],"line":2},"1":{"loc":{"start":{"line":3,"column":34},"end":{"line":3,"column":125}},"type":"cond-expr","locations":[{"start":{"line":3,"column":42},"end":{"line":3,"column":48}},{"start":{"line":3,"column":51},"end":{"line":3,"column":125}}],"line":3},"2":{"loc":{"start":{"line":3,"column":51},"end":{"line":3,"column":125}},"type":"cond-expr","locations":[{"start":{"line":3,"column":67},"end":{"line":3,"column":118}},{"start":{"line":3,"column":121},"end":{"line":3,"column":125}}],"line":3},"3":{"loc":{"start":{"line":4,"column":4},"end":{"line":5,"column":150}},"type":"if","locations":[{"start":{"line":4,"column":4},"end":{"line":5,"column":150}},{"start":{"line":4,"column":4},"end":{"line":5,"column":150}}],"line":4},"4":{"loc":{"start":{"line":4,"column":8},"end":{"line":4,"column":77}},"type":"binary-expr","locations":[{"start":{"line":4,"column":8},"end":{"line":4,"column":35}},{"start":{"line":4,"column":39},"end":{"line":4,"column":77}}],"line":4},"5":{"loc":{"start":{"line":5,"column":58},"end":{"line":5,"column":150}},"type":"if","locations":[{"start":{"line":5,"column":58},"end":{"line":5,"column":150}},{"start":{"line":5,"column":58},"end":{"line":5,"column":150}}],"line":5},"6":{"loc":{"start":{"line":5,"column":85},"end":{"line":5,"column":149}},"type":"binary-expr","locations":[{"start":{"line":5,"column":86},"end":{"line":5,"column":143}},{"start":{"line":5,"column":148},"end":{"line":5,"column":149}}],"line":5},"7":{"loc":{"start":{"line":5,"column":86},"end":{"line":5,"column":143}},"type":"cond-expr","locations":[{"start":{"line":5,"column":94},"end":{"line":5,"column":98}},{"start":{"line":5,"column":101},"end":{"line":5,"column":143}}],"line":5},"8":{"loc":{"start":{"line":5,"column":101},"end":{"line":5,"column":143}},"type":"cond-expr","locations":[{"start":{"line":5,"column":109},"end":{"line":5,"column":126}},{"start":{"line":5,"column":129},"end":{"line":5,"column":143}}],"line":5},"9":{"loc":{"start":{"line":6,"column":11},"end":{"line":6,"column":62}},"type":"binary-expr","locations":[{"start":{"line":6,"column":11},"end":{"line":6,"column":16}},{"start":{"line":6,"column":20},"end":{"line":6,"column":21}},{"start":{"line":6,"column":25},"end":{"line":6,"column":62}}],"line":6},"10":{"loc":{"start":{"line":8,"column":17},"end":{"line":10,"column":1}},"type":"binary-expr","locations":[{"start":{"line":8,"column":18},"end":{"line":8,"column":22}},{"start":{"line":8,"column":26},"end":{"line":8,"column":41}},{"start":{"line":8,"column":46},"end":{"line":10,"column":1}}],"line":8},"11":{"loc":{"start":{"line":9,"column":4},"end":{"line":9,"column":109}},"type":"if","locations":[{"start":{"line":9,"column":4},"end":{"line":9,"column":109}},{"start":{"line":9,"column":4},"end":{"line":9,"column":109}}],"line":9},"12":{"loc":{"start":{"line":9,"column":8},"end":{"line":9,"column":77}},"type":"binary-expr","locations":[{"start":{"line":9,"column":8},"end":{"line":9,"column":35}},{"start":{"line":9,"column":39},"end":{"line":9,"column":77}}],"line":9},"13":{"loc":{"start":{"line":11,"column":14},"end":{"line":13,"column":1}},"type":"binary-expr","locations":[{"start":{"line":11,"column":15},"end":{"line":11,"column":19}},{"start":{"line":11,"column":23},"end":{"line":11,"column":35}},{"start":{"line":11,"column":40},"end":{"line":13,"column":1}}],"line":11},"14":{"loc":{"start":{"line":14,"column":16},"end":{"line":21,"column":1}},"type":"binary-expr","locations":[{"start":{"line":14,"column":17},"end":{"line":14,"column":21}},{"start":{"line":14,"column":25},"end":{"line":14,"column":39}},{"start":{"line":14,"column":44},"end":{"line":21,"column":1}}],"line":14},"15":{"loc":{"start":{"line":15,"column":16},"end":{"line":15,"column":34}},"type":"binary-expr","locations":[{"start":{"line":15,"column":16},"end":{"line":15,"column":17}},{"start":{"line":15,"column":22},"end":{"line":15,"column":33}}],"line":15},"16":{"loc":{"start":{"line":18,"column":32},"end":{"line":18,"column":148}},"type":"cond-expr","locations":[{"start":{"line":18,"column":46},"end":{"line":18,"column":67}},{"start":{"line":18,"column":70},"end":{"line":18,"column":148}}],"line":18},"17":{"loc":{"start":{"line":19,"column":51},"end":{"line":19,"column":67}},"type":"binary-expr","locations":[{"start":{"line":19,"column":51},"end":{"line":19,"column":61}},{"start":{"line":19,"column":65},"end":{"line":19,"column":67}}],"line":19},"18":{"loc":{"start":{"line":37,"column":16},"end":{"line":40,"column":87}},"type":"if","locations":[{"start":{"line":37,"column":16},"end":{"line":40,"column":87}},{"start":{"line":37,"column":16},"end":{"line":40,"column":87}}],"line":37},"19":{"loc":{"start":{"line":63,"column":15},"end":{"line":63,"column":81}},"type":"binary-expr","locations":[{"start":{"line":63,"column":15},"end":{"line":63,"column":36}},{"start":{"line":63,"column":40},"end":{"line":63,"column":81}}],"line":63}},"s":{"0":2,"1":26,"2":26,"3":26,"4":26,"5":0,"6":0,"7":0,"8":26,"9":2,"10":60,"11":60,"12":2,"13":12,"14":12,"15":2,"16":4,"17":2,"18":2,"19":0,"20":2,"21":2,"22":2,"23":6,"24":4,"25":4,"26":2,"27":2,"28":2,"29":2,"30":2,"31":2,"32":2,"33":2,"34":4,"35":4,"36":4,"37":2,"38":2,"39":2,"40":2,"41":2,"42":4,"43":0,"44":0,"45":0,"46":2,"47":2,"48":2,"49":2,"50":2,"51":2,"52":2,"53":2,"54":2,"55":2,"56":2,"57":2,"58":2,"59":2,"60":2},"f":{"0":26,"1":60,"2":12,"3":12,"4":4,"5":4,"6":2,"7":2,"8":6,"9":4,"10":2,"11":4,"12":4,"13":4,"14":0,"15":2,"16":0,"17":2,"18":2,"19":4,"20":0},"b":{"0":[2,2,2],"1":[2,24],"2":[18,6],"3":[26,0],"4":[26,26],"5":[0,0],"6":[0,0],"7":[0,0],"8":[0,0],"9":[26,24,18],"10":[2,2,2],"11":[60,0],"12":[60,60],"13":[2,2,2],"14":[2,2,2],"15":[4,4],"16":[2,4],"17":[4,4],"18":[2,2],"19":[0,0]},"_coverageSchema":"332fd63041d2c1bcb487cc26dd0d5f7d97098a6c","hash":"5b9d469c458070bbd16aa0cc7a429058130984d3"}
,"C:\\Users\\Orel Balilti\\Documents\\Projects\\Sugoi\\server\\dist\\__tests__\\app\\services\\auth.service.js": {"path":"C:\\Users\\Orel Balilti\\Documents\\Projects\\Sugoi\\server\\dist\\__tests__\\app\\services\\auth.service.js","statementMap":{"0":{"start":{"line":2,"column":0},"end":{"line":2,"column":62}},"1":{"start":{"line":3,"column":16},"end":{"line":3,"column":41}},"2":{"start":{"line":6,"column":8},"end":{"line":6,"column":67}},"3":{"start":{"line":9,"column":8},"end":{"line":9,"column":73}},"4":{"start":{"line":12,"column":8},"end":{"line":12,"column":45}},"5":{"start":{"line":15,"column":8},"end":{"line":16,"column":45}},"6":{"start":{"line":16,"column":12},"end":{"line":16,"column":45}},"7":{"start":{"line":17,"column":8},"end":{"line":17,"column":51}},"8":{"start":{"line":20,"column":8},"end":{"line":22,"column":11}},"9":{"start":{"line":21,"column":12},"end":{"line":21,"column":57}},"10":{"start":{"line":21,"column":41},"end":{"line":21,"column":55}},"11":{"start":{"line":25,"column":8},"end":{"line":27,"column":11}},"12":{"start":{"line":26,"column":12},"end":{"line":26,"column":75}},"13":{"start":{"line":26,"column":53},"end":{"line":26,"column":73}},"14":{"start":{"line":30,"column":0},"end":{"line":30,"column":34}}},"fnMap":{"0":{"name":"(anonymous_0)","decl":{"start":{"line":5,"column":4},"end":{"line":5,"column":5}},"loc":{"start":{"line":5,"column":22},"end":{"line":7,"column":5}},"line":5},"1":{"name":"(anonymous_1)","decl":{"start":{"line":8,"column":4},"end":{"line":8,"column":5}},"loc":{"start":{"line":8,"column":32},"end":{"line":10,"column":5}},"line":8},"2":{"name":"(anonymous_2)","decl":{"start":{"line":11,"column":4},"end":{"line":11,"column":5}},"loc":{"start":{"line":11,"column":21},"end":{"line":13,"column":5}},"line":11},"3":{"name":"(anonymous_3)","decl":{"start":{"line":14,"column":4},"end":{"line":14,"column":5}},"loc":{"start":{"line":14,"column":28},"end":{"line":18,"column":5}},"line":14},"4":{"name":"(anonymous_4)","decl":{"start":{"line":19,"column":4},"end":{"line":19,"column":5}},"loc":{"start":{"line":19,"column":23},"end":{"line":23,"column":5}},"line":19},"5":{"name":"(anonymous_5)","decl":{"start":{"line":20,"column":38},"end":{"line":20,"column":39}},"loc":{"start":{"line":20,"column":43},"end":{"line":22,"column":9}},"line":20},"6":{"name":"(anonymous_6)","decl":{"start":{"line":21,"column":31},"end":{"line":21,"column":32}},"loc":{"start":{"line":21,"column":41},"end":{"line":21,"column":55}},"line":21},"7":{"name":"(anonymous_7)","decl":{"start":{"line":24,"column":4},"end":{"line":24,"column":5}},"loc":{"start":{"line":24,"column":32},"end":{"line":28,"column":5}},"line":24},"8":{"name":"(anonymous_8)","decl":{"start":{"line":25,"column":38},"end":{"line":25,"column":39}},"loc":{"start":{"line":25,"column":43},"end":{"line":27,"column":9}},"line":25},"9":{"name":"(anonymous_9)","decl":{"start":{"line":26,"column":37},"end":{"line":26,"column":38}},"loc":{"start":{"line":26,"column":53},"end":{"line":26,"column":73}},"line":26}},"branchMap":{"0":{"loc":{"start":{"line":15,"column":8},"end":{"line":16,"column":45}},"type":"if","locations":[{"start":{"line":15,"column":8},"end":{"line":16,"column":45}},{"start":{"line":15,"column":8},"end":{"line":16,"column":45}}],"line":15}},"s":{"0":3,"1":3,"2":30,"3":4,"4":0,"5":80,"6":80,"7":80,"8":4,"9":4,"10":6,"11":4,"12":4,"13":6,"14":3},"f":{"0":30,"1":4,"2":0,"3":80,"4":4,"5":4,"6":6,"7":4,"8":4,"9":6},"b":{"0":[80,0]},"_coverageSchema":"332fd63041d2c1bcb487cc26dd0d5f7d97098a6c","hash":"1e1e01cf85ffafbfd498966997ec4a65322dbefc"}
,"C:\\Users\\Orel Balilti\\Documents\\Projects\\Sugoi\\server\\dist\\__tests__\\app\\services\\test.service.js": {"path":"C:\\Users\\Orel Balilti\\Documents\\Projects\\Sugoi\\server\\dist\\__tests__\\app\\services\\test.service.js","statementMap":{"0":{"start":{"line":2,"column":17},"end":{"line":7,"column":1}},"1":{"start":{"line":3,"column":12},"end":{"line":3,"column":28}},"2":{"start":{"line":3,"column":34},"end":{"line":3,"column":125}},"3":{"start":{"line":4,"column":4},"end":{"line":5,"column":150}},"4":{"start":{"line":4,"column":79},"end":{"line":4,"column":131}},"5":{"start":{"line":5,"column":9},"end":{"line":5,"column":150}},"6":{"start":{"line":5,"column":58},"end":{"line":5,"column":150}},"7":{"start":{"line":5,"column":81},"end":{"line":5,"column":150}},"8":{"start":{"line":6,"column":4},"end":{"line":6,"column":66}},"9":{"start":{"line":8,"column":17},"end":{"line":10,"column":1}},"10":{"start":{"line":9,"column":4},"end":{"line":9,"column":109}},"11":{"start":{"line":9,"column":79},"end":{"line":9,"column":109}},"12":{"start":{"line":11,"column":0},"end":{"line":11,"column":62}},"13":{"start":{"line":12,"column":15},"end":{"line":12,"column":37}},"14":{"start":{"line":13,"column":18},"end":{"line":23,"column":1}},"15":{"start":{"line":17,"column":8},"end":{"line":17,"column":31}},"16":{"start":{"line":18,"column":8},"end":{"line":18,"column":20}},"17":{"start":{"line":21,"column":8},"end":{"line":21,"column":28}},"18":{"start":{"line":24,"column":0},"end":{"line":27,"column":16}},"19":{"start":{"line":28,"column":0},"end":{"line":28,"column":34}}},"fnMap":{"0":{"name":"(anonymous_0)","decl":{"start":{"line":2,"column":46},"end":{"line":2,"column":47}},"loc":{"start":{"line":2,"column":87},"end":{"line":7,"column":1}},"line":2},"1":{"name":"(anonymous_1)","decl":{"start":{"line":8,"column":46},"end":{"line":8,"column":47}},"loc":{"start":{"line":8,"column":62},"end":{"line":10,"column":1}},"line":8},"2":{"name":"(anonymous_2)","decl":{"start":{"line":14,"column":4},"end":{"line":14,"column":5}},"loc":{"start":{"line":14,"column":18},"end":{"line":15,"column":5}},"line":14},"3":{"name":"(anonymous_3)","decl":{"start":{"line":16,"column":4},"end":{"line":16,"column":5}},"loc":{"start":{"line":16,"column":23},"end":{"line":19,"column":5}},"line":16},"4":{"name":"(anonymous_4)","decl":{"start":{"line":20,"column":4},"end":{"line":20,"column":5}},"loc":{"start":{"line":20,"column":14},"end":{"line":22,"column":5}},"line":20}},"branchMap":{"0":{"loc":{"start":{"line":2,"column":17},"end":{"line":7,"column":1}},"type":"binary-expr","locations":[{"start":{"line":2,"column":18},"end":{"line":2,"column":22}},{"start":{"line":2,"column":26},"end":{"line":2,"column":41}},{"start":{"line":2,"column":46},"end":{"line":7,"column":1}}],"line":2},"1":{"loc":{"start":{"line":3,"column":34},"end":{"line":3,"column":125}},"type":"cond-expr","locations":[{"start":{"line":3,"column":42},"end":{"line":3,"column":48}},{"start":{"line":3,"column":51},"end":{"line":3,"column":125}}],"line":3},"2":{"loc":{"start":{"line":3,"column":51},"end":{"line":3,"column":125}},"type":"cond-expr","locations":[{"start":{"line":3,"column":67},"end":{"line":3,"column":118}},{"start":{"line":3,"column":121},"end":{"line":3,"column":125}}],"line":3},"3":{"loc":{"start":{"line":4,"column":4},"end":{"line":5,"column":150}},"type":"if","locations":[{"start":{"line":4,"column":4},"end":{"line":5,"column":150}},{"start":{"line":4,"column":4},"end":{"line":5,"column":150}}],"line":4},"4":{"loc":{"start":{"line":4,"column":8},"end":{"line":4,"column":77}},"type":"binary-expr","locations":[{"start":{"line":4,"column":8},"end":{"line":4,"column":35}},{"start":{"line":4,"column":39},"end":{"line":4,"column":77}}],"line":4},"5":{"loc":{"start":{"line":5,"column":58},"end":{"line":5,"column":150}},"type":"if","locations":[{"start":{"line":5,"column":58},"end":{"line":5,"column":150}},{"start":{"line":5,"column":58},"end":{"line":5,"column":150}}],"line":5},"6":{"loc":{"start":{"line":5,"column":85},"end":{"line":5,"column":149}},"type":"binary-expr","locations":[{"start":{"line":5,"column":86},"end":{"line":5,"column":143}},{"start":{"line":5,"column":148},"end":{"line":5,"column":149}}],"line":5},"7":{"loc":{"start":{"line":5,"column":86},"end":{"line":5,"column":143}},"type":"cond-expr","locations":[{"start":{"line":5,"column":94},"end":{"line":5,"column":98}},{"start":{"line":5,"column":101},"end":{"line":5,"column":143}}],"line":5},"8":{"loc":{"start":{"line":5,"column":101},"end":{"line":5,"column":143}},"type":"cond-expr","locations":[{"start":{"line":5,"column":109},"end":{"line":5,"column":126}},{"start":{"line":5,"column":129},"end":{"line":5,"column":143}}],"line":5},"9":{"loc":{"start":{"line":6,"column":11},"end":{"line":6,"column":62}},"type":"binary-expr","locations":[{"start":{"line":6,"column":11},"end":{"line":6,"column":16}},{"start":{"line":6,"column":20},"end":{"line":6,"column":21}},{"start":{"line":6,"column":25},"end":{"line":6,"column":62}}],"line":6},"10":{"loc":{"start":{"line":8,"column":17},"end":{"line":10,"column":1}},"type":"binary-expr","locations":[{"start":{"line":8,"column":18},"end":{"line":8,"column":22}},{"start":{"line":8,"column":26},"end":{"line":8,"column":41}},{"start":{"line":8,"column":46},"end":{"line":10,"column":1}}],"line":8},"11":{"loc":{"start":{"line":9,"column":4},"end":{"line":9,"column":109}},"type":"if","locations":[{"start":{"line":9,"column":4},"end":{"line":9,"column":109}},{"start":{"line":9,"column":4},"end":{"line":9,"column":109}}],"line":9},"12":{"loc":{"start":{"line":9,"column":8},"end":{"line":9,"column":77}},"type":"binary-expr","locations":[{"start":{"line":9,"column":8},"end":{"line":9,"column":35}},{"start":{"line":9,"column":39},"end":{"line":9,"column":77}}],"line":9}},"s":{"0":2,"1":2,"2":2,"3":2,"4":2,"5":0,"6":0,"7":0,"8":2,"9":2,"10":2,"11":2,"12":2,"13":2,"14":2,"15":30,"16":30,"17":0,"18":2,"19":2},"f":{"0":2,"1":2,"2":32,"3":30,"4":0},"b":{"0":[2,2,2],"1":[2,0],"2":[0,0],"3":[2,0],"4":[2,2],"5":[0,0],"6":[0,0],"7":[0,0],"8":[0,0],"9":[2,0,0],"10":[2,2,2],"11":[2,0],"12":[2,2]},"_coverageSchema":"332fd63041d2c1bcb487cc26dd0d5f7d97098a6c","hash":"c7a15015a4559350399d97f4824c2b2ccb32355c"}
,"C:\\Users\\Orel Balilti\\Documents\\Projects\\Sugoi\\server\\dist\\__tests__\\app\\submodule\\bootstrap-2\\bootstrap-2.controller.js": {"path":"C:\\Users\\Orel Balilti\\Documents\\Projects\\Sugoi\\server\\dist\\__tests__\\app\\submodule\\bootstrap-2\\bootstrap-2.controller.js","statementMap":{"0":{"start":{"line":2,"column":17},"end":{"line":7,"column":1}},"1":{"start":{"line":3,"column":12},"end":{"line":3,"column":28}},"2":{"start":{"line":3,"column":34},"end":{"line":3,"column":125}},"3":{"start":{"line":4,"column":4},"end":{"line":5,"column":150}},"4":{"start":{"line":4,"column":79},"end":{"line":4,"column":131}},"5":{"start":{"line":5,"column":9},"end":{"line":5,"column":150}},"6":{"start":{"line":5,"column":58},"end":{"line":5,"column":150}},"7":{"start":{"line":5,"column":81},"end":{"line":5,"column":150}},"8":{"start":{"line":6,"column":4},"end":{"line":6,"column":66}},"9":{"start":{"line":8,"column":17},"end":{"line":10,"column":1}},"10":{"start":{"line":9,"column":4},"end":{"line":9,"column":109}},"11":{"start":{"line":9,"column":79},"end":{"line":9,"column":109}},"12":{"start":{"line":11,"column":0},"end":{"line":11,"column":62}},"13":{"start":{"line":12,"column":16},"end":{"line":12,"column":44}},"14":{"start":{"line":13,"column":15},"end":{"line":13,"column":37}},"15":{"start":{"line":14,"column":30},"end":{"line":14,"column":62}},"16":{"start":{"line":15,"column":27},"end":{"line":19,"column":1}},"17":{"start":{"line":17,"column":8},"end":{"line":17,"column":36}},"18":{"start":{"line":20,"column":0},"end":{"line":23,"column":54}},"19":{"start":{"line":24,"column":0},"end":{"line":29,"column":50}},"20":{"start":{"line":30,"column":0},"end":{"line":32,"column":25}},"21":{"start":{"line":33,"column":0},"end":{"line":33,"column":52}}},"fnMap":{"0":{"name":"(anonymous_0)","decl":{"start":{"line":2,"column":46},"end":{"line":2,"column":47}},"loc":{"start":{"line":2,"column":87},"end":{"line":7,"column":1}},"line":2},"1":{"name":"(anonymous_1)","decl":{"start":{"line":8,"column":46},"end":{"line":8,"column":47}},"loc":{"start":{"line":8,"column":62},"end":{"line":10,"column":1}},"line":8},"2":{"name":"(anonymous_2)","decl":{"start":{"line":16,"column":4},"end":{"line":16,"column":5}},"loc":{"start":{"line":16,"column":12},"end":{"line":18,"column":5}},"line":16}},"branchMap":{"0":{"loc":{"start":{"line":2,"column":17},"end":{"line":7,"column":1}},"type":"binary-expr","locations":[{"start":{"line":2,"column":18},"end":{"line":2,"column":22}},{"start":{"line":2,"column":26},"end":{"line":2,"column":41}},{"start":{"line":2,"column":46},"end":{"line":7,"column":1}}],"line":2},"1":{"loc":{"start":{"line":3,"column":34},"end":{"line":3,"column":125}},"type":"cond-expr","locations":[{"start":{"line":3,"column":42},"end":{"line":3,"column":48}},{"start":{"line":3,"column":51},"end":{"line":3,"column":125}}],"line":3},"2":{"loc":{"start":{"line":3,"column":51},"end":{"line":3,"column":125}},"type":"cond-expr","locations":[{"start":{"line":3,"column":67},"end":{"line":3,"column":118}},{"start":{"line":3,"column":121},"end":{"line":3,"column":125}}],"line":3},"3":{"loc":{"start":{"line":4,"column":4},"end":{"line":5,"column":150}},"type":"if","locations":[{"start":{"line":4,"column":4},"end":{"line":5,"column":150}},{"start":{"line":4,"column":4},"end":{"line":5,"column":150}}],"line":4},"4":{"loc":{"start":{"line":4,"column":8},"end":{"line":4,"column":77}},"type":"binary-expr","locations":[{"start":{"line":4,"column":8},"end":{"line":4,"column":35}},{"start":{"line":4,"column":39},"end":{"line":4,"column":77}}],"line":4},"5":{"loc":{"start":{"line":5,"column":58},"end":{"line":5,"column":150}},"type":"if","locations":[{"start":{"line":5,"column":58},"end":{"line":5,"column":150}},{"start":{"line":5,"column":58},"end":{"line":5,"column":150}}],"line":5},"6":{"loc":{"start":{"line":5,"column":85},"end":{"line":5,"column":149}},"type":"binary-expr","locations":[{"start":{"line":5,"column":86},"end":{"line":5,"column":143}},{"start":{"line":5,"column":148},"end":{"line":5,"column":149}}],"line":5},"7":{"loc":{"start":{"line":5,"column":86},"end":{"line":5,"column":143}},"type":"cond-expr","locations":[{"start":{"line":5,"column":94},"end":{"line":5,"column":98}},{"start":{"line":5,"column":101},"end":{"line":5,"column":143}}],"line":5},"8":{"loc":{"start":{"line":5,"column":101},"end":{"line":5,"column":143}},"type":"cond-expr","locations":[{"start":{"line":5,"column":109},"end":{"line":5,"column":126}},{"start":{"line":5,"column":129},"end":{"line":5,"column":143}}],"line":5},"9":{"loc":{"start":{"line":6,"column":11},"end":{"line":6,"column":62}},"type":"binary-expr","locations":[{"start":{"line":6,"column":11},"end":{"line":6,"column":16}},{"start":{"line":6,"column":20},"end":{"line":6,"column":21}},{"start":{"line":6,"column":25},"end":{"line":6,"column":62}}],"line":6},"10":{"loc":{"start":{"line":8,"column":17},"end":{"line":10,"column":1}},"type":"binary-expr","locations":[{"start":{"line":8,"column":18},"end":{"line":8,"column":22}},{"start":{"line":8,"column":26},"end":{"line":8,"column":41}},{"start":{"line":8,"column":46},"end":{"line":10,"column":1}}],"line":8},"11":{"loc":{"start":{"line":9,"column":4},"end":{"line":9,"column":109}},"type":"if","locations":[{"start":{"line":9,"column":4},"end":{"line":9,"column":109}},{"start":{"line":9,"column":4},"end":{"line":9,"column":109}}],"line":9},"12":{"loc":{"start":{"line":9,"column":8},"end":{"line":9,"column":77}},"type":"binary-expr","locations":[{"start":{"line":9,"column":8},"end":{"line":9,"column":35}},{"start":{"line":9,"column":39},"end":{"line":9,"column":77}}],"line":9}},"s":{"0":1,"1":3,"2":3,"3":3,"4":3,"5":0,"6":0,"7":0,"8":3,"9":1,"10":4,"11":4,"12":1,"13":1,"14":1,"15":1,"16":1,"17":0,"18":1,"19":1,"20":1,"21":1},"f":{"0":3,"1":4,"2":0},"b":{"0":[1,1,1],"1":[1,2],"2":[1,1],"3":[3,0],"4":[3,3],"5":[0,0],"6":[0,0],"7":[0,0],"8":[0,0],"9":[3,2,1],"10":[1,1,1],"11":[4,0],"12":[4,4]},"_coverageSchema":"332fd63041d2c1bcb487cc26dd0d5f7d97098a6c","hash":"fbf61196707c8ce514b2deb678d96fb07bb0c20a"}
,"C:\\Users\\Orel Balilti\\Documents\\Projects\\Sugoi\\server\\dist\\__tests__\\app\\submodule\\bootstrap-2\\bootstrap-2.module.js": {"path":"C:\\Users\\Orel Balilti\\Documents\\Projects\\Sugoi\\server\\dist\\__tests__\\app\\submodule\\bootstrap-2\\bootstrap-2.module.js","statementMap":{"0":{"start":{"line":2,"column":17},"end":{"line":7,"column":1}},"1":{"start":{"line":3,"column":12},"end":{"line":3,"column":28}},"2":{"start":{"line":3,"column":34},"end":{"line":3,"column":125}},"3":{"start":{"line":4,"column":4},"end":{"line":5,"column":150}},"4":{"start":{"line":4,"column":79},"end":{"line":4,"column":131}},"5":{"start":{"line":5,"column":9},"end":{"line":5,"column":150}},"6":{"start":{"line":5,"column":58},"end":{"line":5,"column":150}},"7":{"start":{"line":5,"column":81},"end":{"line":5,"column":150}},"8":{"start":{"line":6,"column":4},"end":{"line":6,"column":66}},"9":{"start":{"line":8,"column":0},"end":{"line":8,"column":62}},"10":{"start":{"line":9,"column":34},"end":{"line":9,"column":91}},"11":{"start":{"line":10,"column":30},"end":{"line":10,"column":62}},"12":{"start":{"line":11,"column":33},"end":{"line":11,"column":68}},"13":{"start":{"line":12,"column":23},"end":{"line":13,"column":1}},"14":{"start":{"line":14,"column":0},"end":{"line":19,"column":21}},"15":{"start":{"line":20,"column":0},"end":{"line":20,"column":44}}},"fnMap":{"0":{"name":"(anonymous_0)","decl":{"start":{"line":2,"column":46},"end":{"line":2,"column":47}},"loc":{"start":{"line":2,"column":87},"end":{"line":7,"column":1}},"line":2}},"branchMap":{"0":{"loc":{"start":{"line":2,"column":17},"end":{"line":7,"column":1}},"type":"binary-expr","locations":[{"start":{"line":2,"column":18},"end":{"line":2,"column":22}},{"start":{"line":2,"column":26},"end":{"line":2,"column":41}},{"start":{"line":2,"column":46},"end":{"line":7,"column":1}}],"line":2},"1":{"loc":{"start":{"line":3,"column":34},"end":{"line":3,"column":125}},"type":"cond-expr","locations":[{"start":{"line":3,"column":42},"end":{"line":3,"column":48}},{"start":{"line":3,"column":51},"end":{"line":3,"column":125}}],"line":3},"2":{"loc":{"start":{"line":3,"column":51},"end":{"line":3,"column":125}},"type":"cond-expr","locations":[{"start":{"line":3,"column":67},"end":{"line":3,"column":118}},{"start":{"line":3,"column":121},"end":{"line":3,"column":125}}],"line":3},"3":{"loc":{"start":{"line":4,"column":4},"end":{"line":5,"column":150}},"type":"if","locations":[{"start":{"line":4,"column":4},"end":{"line":5,"column":150}},{"start":{"line":4,"column":4},"end":{"line":5,"column":150}}],"line":4},"4":{"loc":{"start":{"line":4,"column":8},"end":{"line":4,"column":77}},"type":"binary-expr","locations":[{"start":{"line":4,"column":8},"end":{"line":4,"column":35}},{"start":{"line":4,"column":39},"end":{"line":4,"column":77}}],"line":4},"5":{"loc":{"start":{"line":5,"column":58},"end":{"line":5,"column":150}},"type":"if","locations":[{"start":{"line":5,"column":58},"end":{"line":5,"column":150}},{"start":{"line":5,"column":58},"end":{"line":5,"column":150}}],"line":5},"6":{"loc":{"start":{"line":5,"column":85},"end":{"line":5,"column":149}},"type":"binary-expr","locations":[{"start":{"line":5,"column":86},"end":{"line":5,"column":143}},{"start":{"line":5,"column":148},"end":{"line":5,"column":149}}],"line":5},"7":{"loc":{"start":{"line":5,"column":86},"end":{"line":5,"column":143}},"type":"cond-expr","locations":[{"start":{"line":5,"column":94},"end":{"line":5,"column":98}},{"start":{"line":5,"column":101},"end":{"line":5,"column":143}}],"line":5},"8":{"loc":{"start":{"line":5,"column":101},"end":{"line":5,"column":143}},"type":"cond-expr","locations":[{"start":{"line":5,"column":109},"end":{"line":5,"column":126}},{"start":{"line":5,"column":129},"end":{"line":5,"column":143}}],"line":5},"9":{"loc":{"start":{"line":6,"column":11},"end":{"line":6,"column":62}},"type":"binary-expr","locations":[{"start":{"line":6,"column":11},"end":{"line":6,"column":16}},{"start":{"line":6,"column":20},"end":{"line":6,"column":21}},{"start":{"line":6,"column":25},"end":{"line":6,"column":62}}],"line":6}},"s":{"0":1,"1":1,"2":1,"3":1,"4":1,"5":0,"6":0,"7":0,"8":1,"9":1,"10":1,"11":1,"12":1,"13":1,"14":1,"15":1},"f":{"0":1},"b":{"0":[1,1,1],"1":[1,0],"2":[0,0],"3":[1,0],"4":[1,1],"5":[0,0],"6":[0,0],"7":[0,0],"8":[0,0],"9":[1,0,0]},"_coverageSchema":"332fd63041d2c1bcb487cc26dd0d5f7d97098a6c","hash":"8bffec7e3e4df5e18d07d0a483a84556f050c1b5"}
,"C:\\Users\\Orel Balilti\\Documents\\Projects\\Sugoi\\server\\dist\\__tests__\\app\\submodule\\bootstrap-2\\bootstrap-2.service.js": {"path":"C:\\Users\\Orel Balilti\\Documents\\Projects\\Sugoi\\server\\dist\\__tests__\\app\\submodule\\bootstrap-2\\bootstrap-2.service.js","statementMap":{"0":{"start":{"line":2,"column":17},"end":{"line":7,"column":1}},"1":{"start":{"line":3,"column":12},"end":{"line":3,"column":28}},"2":{"start":{"line":3,"column":34},"end":{"line":3,"column":125}},"3":{"start":{"line":4,"column":4},"end":{"line":5,"column":150}},"4":{"start":{"line":4,"column":79},"end":{"line":4,"column":131}},"5":{"start":{"line":5,"column":9},"end":{"line":5,"column":150}},"6":{"start":{"line":5,"column":58},"end":{"line":5,"column":150}},"7":{"start":{"line":5,"column":81},"end":{"line":5,"column":150}},"8":{"start":{"line":6,"column":4},"end":{"line":6,"column":66}},"9":{"start":{"line":8,"column":0},"end":{"line":8,"column":62}},"10":{"start":{"line":9,"column":15},"end":{"line":9,"column":37}},"11":{"start":{"line":10,"column":24},"end":{"line":17,"column":1}},"12":{"start":{"line":12,"column":8},"end":{"line":12,"column":28}},"13":{"start":{"line":15,"column":8},"end":{"line":15,"column":25}},"14":{"start":{"line":18,"column":0},"end":{"line":20,"column":22}},"15":{"start":{"line":21,"column":0},"end":{"line":21,"column":46}}},"fnMap":{"0":{"name":"(anonymous_0)","decl":{"start":{"line":2,"column":46},"end":{"line":2,"column":47}},"loc":{"start":{"line":2,"column":87},"end":{"line":7,"column":1}},"line":2},"1":{"name":"(anonymous_1)","decl":{"start":{"line":11,"column":4},"end":{"line":11,"column":5}},"loc":{"start":{"line":11,"column":18},"end":{"line":13,"column":5}},"line":11},"2":{"name":"(anonymous_2)","decl":{"start":{"line":14,"column":4},"end":{"line":14,"column":5}},"loc":{"start":{"line":14,"column":12},"end":{"line":16,"column":5}},"line":14}},"branchMap":{"0":{"loc":{"start":{"line":2,"column":17},"end":{"line":7,"column":1}},"type":"binary-expr","locations":[{"start":{"line":2,"column":18},"end":{"line":2,"column":22}},{"start":{"line":2,"column":26},"end":{"line":2,"column":41}},{"start":{"line":2,"column":46},"end":{"line":7,"column":1}}],"line":2},"1":{"loc":{"start":{"line":3,"column":34},"end":{"line":3,"column":125}},"type":"cond-expr","locations":[{"start":{"line":3,"column":42},"end":{"line":3,"column":48}},{"start":{"line":3,"column":51},"end":{"line":3,"column":125}}],"line":3},"2":{"loc":{"start":{"line":3,"column":51},"end":{"line":3,"column":125}},"type":"cond-expr","locations":[{"start":{"line":3,"column":67},"end":{"line":3,"column":118}},{"start":{"line":3,"column":121},"end":{"line":3,"column":125}}],"line":3},"3":{"loc":{"start":{"line":4,"column":4},"end":{"line":5,"column":150}},"type":"if","locations":[{"start":{"line":4,"column":4},"end":{"line":5,"column":150}},{"start":{"line":4,"column":4},"end":{"line":5,"column":150}}],"line":4},"4":{"loc":{"start":{"line":4,"column":8},"end":{"line":4,"column":77}},"type":"binary-expr","locations":[{"start":{"line":4,"column":8},"end":{"line":4,"column":35}},{"start":{"line":4,"column":39},"end":{"line":4,"column":77}}],"line":4},"5":{"loc":{"start":{"line":5,"column":58},"end":{"line":5,"column":150}},"type":"if","locations":[{"start":{"line":5,"column":58},"end":{"line":5,"column":150}},{"start":{"line":5,"column":58},"end":{"line":5,"column":150}}],"line":5},"6":{"loc":{"start":{"line":5,"column":85},"end":{"line":5,"column":149}},"type":"binary-expr","locations":[{"start":{"line":5,"column":86},"end":{"line":5,"column":143}},{"start":{"line":5,"column":148},"end":{"line":5,"column":149}}],"line":5},"7":{"loc":{"start":{"line":5,"column":86},"end":{"line":5,"column":143}},"type":"cond-expr","locations":[{"start":{"line":5,"column":94},"end":{"line":5,"column":98}},{"start":{"line":5,"column":101},"end":{"line":5,"column":143}}],"line":5},"8":{"loc":{"start":{"line":5,"column":101},"end":{"line":5,"column":143}},"type":"cond-expr","locations":[{"start":{"line":5,"column":109},"end":{"line":5,"column":126}},{"start":{"line":5,"column":129},"end":{"line":5,"column":143}}],"line":5},"9":{"loc":{"start":{"line":6,"column":11},"end":{"line":6,"column":62}},"type":"binary-expr","locations":[{"start":{"line":6,"column":11},"end":{"line":6,"column":16}},{"start":{"line":6,"column":20},"end":{"line":6,"column":21}},{"start":{"line":6,"column":25},"end":{"line":6,"column":62}}],"line":6}},"s":{"0":1,"1":1,"2":1,"3":1,"4":1,"5":0,"6":0,"7":0,"8":1,"9":1,"10":1,"11":1,"12":1,"13":0,"14":1,"15":1},"f":{"0":1,"1":1,"2":0},"b":{"0":[1,1,1],"1":[1,0],"2":[0,0],"3":[1,0],"4":[1,1],"5":[0,0],"6":[0,0],"7":[0,0],"8":[0,0],"9":[1,0,0]},"_coverageSchema":"332fd63041d2c1bcb487cc26dd0d5f7d97098a6c","hash":"2e8b52c9d902d2393df54809d777502611953894"}
,"C:\\Users\\Orel Balilti\\Documents\\Projects\\Sugoi\\server\\dist\\__tests__\\app\\submodule\\sub1\\sub1.controller.js": {"path":"C:\\Users\\Orel Balilti\\Documents\\Projects\\Sugoi\\server\\dist\\__tests__\\app\\submodule\\sub1\\sub1.controller.js","statementMap":{"0":{"start":{"line":2,"column":17},"end":{"line":7,"column":1}},"1":{"start":{"line":3,"column":12},"end":{"line":3,"column":28}},"2":{"start":{"line":3,"column":34},"end":{"line":3,"column":125}},"3":{"start":{"line":4,"column":4},"end":{"line":5,"column":150}},"4":{"start":{"line":4,"column":79},"end":{"line":4,"column":131}},"5":{"start":{"line":5,"column":9},"end":{"line":5,"column":150}},"6":{"start":{"line":5,"column":58},"end":{"line":5,"column":150}},"7":{"start":{"line":5,"column":81},"end":{"line":5,"column":150}},"8":{"start":{"line":6,"column":4},"end":{"line":6,"column":66}},"9":{"start":{"line":8,"column":17},"end":{"line":10,"column":1}},"10":{"start":{"line":9,"column":4},"end":{"line":9,"column":109}},"11":{"start":{"line":9,"column":79},"end":{"line":9,"column":109}},"12":{"start":{"line":11,"column":16},"end":{"line":18,"column":1}},"13":{"start":{"line":12,"column":4},"end":{"line":17,"column":7}},"14":{"start":{"line":13,"column":36},"end":{"line":13,"column":97}},"15":{"start":{"line":13,"column":42},"end":{"line":13,"column":70}},"16":{"start":{"line":13,"column":85},"end":{"line":13,"column":95}},"17":{"start":{"line":14,"column":35},"end":{"line":14,"column":100}},"18":{"start":{"line":14,"column":41},"end":{"line":14,"column":73}},"19":{"start":{"line":14,"column":88},"end":{"line":14,"column":98}},"20":{"start":{"line":15,"column":32},"end":{"line":15,"column":149}},"21":{"start":{"line":15,"column":97},"end":{"line":15,"column":119}},"22":{"start":{"line":16,"column":8},"end":{"line":16,"column":78}},"23":{"start":{"line":19,"column":0},"end":{"line":19,"column":62}},"24":{"start":{"line":20,"column":16},"end":{"line":20,"column":44}},"25":{"start":{"line":21,"column":23},"end":{"line":21,"column":48}},"26":{"start":{"line":22,"column":15},"end":{"line":22,"column":37}},"27":{"start":{"line":23,"column":30},"end":{"line":23,"column":80}},"28":{"start":{"line":24,"column":21},"end":{"line":37,"column":1}},"29":{"start":{"line":28,"column":8},"end":{"line":35,"column":11}},"30":{"start":{"line":29,"column":12},"end":{"line":34,"column":50}},"31":{"start":{"line":38,"column":0},"end":{"line":41,"column":52}},"32":{"start":{"line":42,"column":0},"end":{"line":47,"column":43}},"33":{"start":{"line":48,"column":0},"end":{"line":51,"column":19}},"34":{"start":{"line":52,"column":0},"end":{"line":52,"column":40}}},"fnMap":{"0":{"name":"(anonymous_0)","decl":{"start":{"line":2,"column":46},"end":{"line":2,"column":47}},"loc":{"start":{"line":2,"column":87},"end":{"line":7,"column":1}},"line":2},"1":{"name":"(anonymous_1)","decl":{"start":{"line":8,"column":46},"end":{"line":8,"column":47}},"loc":{"start":{"line":8,"column":62},"end":{"line":10,"column":1}},"line":8},"2":{"name":"(anonymous_2)","decl":{"start":{"line":11,"column":44},"end":{"line":11,"column":45}},"loc":{"start":{"line":11,"column":89},"end":{"line":18,"column":1}},"line":11},"3":{"name":"(anonymous_3)","decl":{"start":{"line":12,"column":36},"end":{"line":12,"column":37}},"loc":{"start":{"line":12,"column":63},"end":{"line":17,"column":5}},"line":12},"4":{"name":"fulfilled","decl":{"start":{"line":13,"column":17},"end":{"line":13,"column":26}},"loc":{"start":{"line":13,"column":34},"end":{"line":13,"column":99}},"line":13},"5":{"name":"rejected","decl":{"start":{"line":14,"column":17},"end":{"line":14,"column":25}},"loc":{"start":{"line":14,"column":33},"end":{"line":14,"column":102}},"line":14},"6":{"name":"step","decl":{"start":{"line":15,"column":17},"end":{"line":15,"column":21}},"loc":{"start":{"line":15,"column":30},"end":{"line":15,"column":151}},"line":15},"7":{"name":"(anonymous_7)","decl":{"start":{"line":15,"column":76},"end":{"line":15,"column":77}},"loc":{"start":{"line":15,"column":95},"end":{"line":15,"column":121}},"line":15},"8":{"name":"(anonymous_8)","decl":{"start":{"line":25,"column":4},"end":{"line":25,"column":5}},"loc":{"start":{"line":25,"column":18},"end":{"line":26,"column":5}},"line":25},"9":{"name":"(anonymous_9)","decl":{"start":{"line":27,"column":4},"end":{"line":27,"column":5}},"loc":{"start":{"line":27,"column":11},"end":{"line":36,"column":5}},"line":27},"10":{"name":"(anonymous_10)","decl":{"start":{"line":28,"column":47},"end":{"line":28,"column":48}},"loc":{"start":{"line":28,"column":60},"end":{"line":35,"column":9}},"line":28}},"branchMap":{"0":{"loc":{"start":{"line":2,"column":17},"end":{"line":7,"column":1}},"type":"binary-expr","locations":[{"start":{"line":2,"column":18},"end":{"line":2,"column":22}},{"start":{"line":2,"column":26},"end":{"line":2,"column":41}},{"start":{"line":2,"column":46},"end":{"line":7,"column":1}}],"line":2},"1":{"loc":{"start":{"line":3,"column":34},"end":{"line":3,"column":125}},"type":"cond-expr","locations":[{"start":{"line":3,"column":42},"end":{"line":3,"column":48}},{"start":{"line":3,"column":51},"end":{"line":3,"column":125}}],"line":3},"2":{"loc":{"start":{"line":3,"column":51},"end":{"line":3,"column":125}},"type":"cond-expr","locations":[{"start":{"line":3,"column":67},"end":{"line":3,"column":118}},{"start":{"line":3,"column":121},"end":{"line":3,"column":125}}],"line":3},"3":{"loc":{"start":{"line":4,"column":4},"end":{"line":5,"column":150}},"type":"if","locations":[{"start":{"line":4,"column":4},"end":{"line":5,"column":150}},{"start":{"line":4,"column":4},"end":{"line":5,"column":150}}],"line":4},"4":{"loc":{"start":{"line":4,"column":8},"end":{"line":4,"column":77}},"type":"binary-expr","locations":[{"start":{"line":4,"column":8},"end":{"line":4,"column":35}},{"start":{"line":4,"column":39},"end":{"line":4,"column":77}}],"line":4},"5":{"loc":{"start":{"line":5,"column":58},"end":{"line":5,"column":150}},"type":"if","locations":[{"start":{"line":5,"column":58},"end":{"line":5,"column":150}},{"start":{"line":5,"column":58},"end":{"line":5,"column":150}}],"line":5},"6":{"loc":{"start":{"line":5,"column":85},"end":{"line":5,"column":149}},"type":"binary-expr","locations":[{"start":{"line":5,"column":86},"end":{"line":5,"column":143}},{"start":{"line":5,"column":148},"end":{"line":5,"column":149}}],"line":5},"7":{"loc":{"start":{"line":5,"column":86},"end":{"line":5,"column":143}},"type":"cond-expr","locations":[{"start":{"line":5,"column":94},"end":{"line":5,"column":98}},{"start":{"line":5,"column":101},"end":{"line":5,"column":143}}],"line":5},"8":{"loc":{"start":{"line":5,"column":101},"end":{"line":5,"column":143}},"type":"cond-expr","locations":[{"start":{"line":5,"column":109},"end":{"line":5,"column":126}},{"start":{"line":5,"column":129},"end":{"line":5,"column":143}}],"line":5},"9":{"loc":{"start":{"line":6,"column":11},"end":{"line":6,"column":62}},"type":"binary-expr","locations":[{"start":{"line":6,"column":11},"end":{"line":6,"column":16}},{"start":{"line":6,"column":20},"end":{"line":6,"column":21}},{"start":{"line":6,"column":25},"end":{"line":6,"column":62}}],"line":6},"10":{"loc":{"start":{"line":8,"column":17},"end":{"line":10,"column":1}},"type":"binary-expr","locations":[{"start":{"line":8,"column":18},"end":{"line":8,"column":22}},{"start":{"line":8,"column":26},"end":{"line":8,"column":41}},{"start":{"line":8,"column":46},"end":{"line":10,"column":1}}],"line":8},"11":{"loc":{"start":{"line":9,"column":4},"end":{"line":9,"column":109}},"type":"if","locations":[{"start":{"line":9,"column":4},"end":{"line":9,"column":109}},{"start":{"line":9,"column":4},"end":{"line":9,"column":109}}],"line":9},"12":{"loc":{"start":{"line":9,"column":8},"end":{"line":9,"column":77}},"type":"binary-expr","locations":[{"start":{"line":9,"column":8},"end":{"line":9,"column":35}},{"start":{"line":9,"column":39},"end":{"line":9,"column":77}}],"line":9},"13":{"loc":{"start":{"line":11,"column":16},"end":{"line":18,"column":1}},"type":"binary-expr","locations":[{"start":{"line":11,"column":17},"end":{"line":11,"column":21}},{"start":{"line":11,"column":25},"end":{"line":11,"column":39}},{"start":{"line":11,"column":44},"end":{"line":18,"column":1}}],"line":11},"14":{"loc":{"start":{"line":12,"column":16},"end":{"line":12,"column":34}},"type":"binary-expr","locations":[{"start":{"line":12,"column":16},"end":{"line":12,"column":17}},{"start":{"line":12,"column":22},"end":{"line":12,"column":33}}],"line":12},"15":{"loc":{"start":{"line":15,"column":32},"end":{"line":15,"column":148}},"type":"cond-expr","locations":[{"start":{"line":15,"column":46},"end":{"line":15,"column":67}},{"start":{"line":15,"column":70},"end":{"line":15,"column":148}}],"line":15},"16":{"loc":{"start":{"line":16,"column":51},"end":{"line":16,"column":67}},"type":"binary-expr","locations":[{"start":{"line":16,"column":51},"end":{"line":16,"column":61}},{"start":{"line":16,"column":65},"end":{"line":16,"column":67}}],"line":16}},"s":{"0":2,"1":6,"2":6,"3":6,"4":6,"5":0,"6":0,"7":0,"8":6,"9":2,"10":10,"11":10,"12":2,"13":2,"14":0,"15":0,"16":0,"17":0,"18":0,"19":0,"20":2,"21":0,"22":2,"23":2,"24":2,"25":2,"26":2,"27":2,"28":2,"29":2,"30":2,"31":2,"32":2,"33":2,"34":2},"f":{"0":6,"1":10,"2":2,"3":2,"4":0,"5":0,"6":2,"7":0,"8":8,"9":2,"10":2},"b":{"0":[2,2,2],"1":[2,4],"2":[2,2],"3":[6,0],"4":[6,6],"5":[0,0],"6":[0,0],"7":[0,0],"8":[0,0],"9":[6,4,2],"10":[2,2,2],"11":[10,0],"12":[10,10],"13":[2,2,2],"14":[2,2],"15":[2,0],"16":[2,2]},"_coverageSchema":"332fd63041d2c1bcb487cc26dd0d5f7d97098a6c","hash":"7b1944645063f3043ce4aff7141f9d2b7e3c846e"}
,"C:\\Users\\Orel Balilti\\Documents\\Projects\\Sugoi\\server\\dist\\__tests__\\app\\submodule\\sub1\\sub1.module.js": {"path":"C:\\Users\\Orel Balilti\\Documents\\Projects\\Sugoi\\server\\dist\\__tests__\\app\\submodule\\sub1\\sub1.module.js","statementMap":{"0":{"start":{"line":2,"column":17},"end":{"line":7,"column":1}},"1":{"start":{"line":3,"column":12},"end":{"line":3,"column":28}},"2":{"start":{"line":3,"column":34},"end":{"line":3,"column":125}},"3":{"start":{"line":4,"column":4},"end":{"line":5,"column":150}},"4":{"start":{"line":4,"column":79},"end":{"line":4,"column":131}},"5":{"start":{"line":5,"column":9},"end":{"line":5,"column":150}},"6":{"start":{"line":5,"column":58},"end":{"line":5,"column":150}},"7":{"start":{"line":5,"column":81},"end":{"line":5,"column":150}},"8":{"start":{"line":6,"column":4},"end":{"line":6,"column":66}},"9":{"start":{"line":8,"column":17},"end":{"line":10,"column":1}},"10":{"start":{"line":9,"column":4},"end":{"line":9,"column":109}},"11":{"start":{"line":9,"column":79},"end":{"line":9,"column":109}},"12":{"start":{"line":11,"column":0},"end":{"line":11,"column":62}},"13":{"start":{"line":12,"column":16},"end":{"line":12,"column":44}},"14":{"start":{"line":13,"column":26},"end":{"line":13,"column":54}},"15":{"start":{"line":14,"column":23},"end":{"line":14,"column":48}},"16":{"start":{"line":15,"column":22},"end":{"line":15,"column":51}},"17":{"start":{"line":16,"column":25},"end":{"line":16,"column":70}},"18":{"start":{"line":17,"column":17},"end":{"line":29,"column":1}},"19":{"start":{"line":19,"column":8},"end":{"line":19,"column":33}},"20":{"start":{"line":22,"column":8},"end":{"line":27,"column":11}},"21":{"start":{"line":23,"column":12},"end":{"line":26,"column":21}},"22":{"start":{"line":24,"column":16},"end":{"line":24,"column":59}},"23":{"start":{"line":25,"column":16},"end":{"line":25,"column":26}},"24":{"start":{"line":30,"column":0},"end":{"line":37,"column":15}},"25":{"start":{"line":38,"column":0},"end":{"line":38,"column":32}}},"fnMap":{"0":{"name":"(anonymous_0)","decl":{"start":{"line":2,"column":46},"end":{"line":2,"column":47}},"loc":{"start":{"line":2,"column":87},"end":{"line":7,"column":1}},"line":2},"1":{"name":"(anonymous_1)","decl":{"start":{"line":8,"column":46},"end":{"line":8,"column":47}},"loc":{"start":{"line":8,"column":62},"end":{"line":10,"column":1}},"line":8},"2":{"name":"(anonymous_2)","decl":{"start":{"line":18,"column":4},"end":{"line":18,"column":5}},"loc":{"start":{"line":18,"column":26},"end":{"line":20,"column":5}},"line":18},"3":{"name":"(anonymous_3)","decl":{"start":{"line":21,"column":4},"end":{"line":21,"column":5}},"loc":{"start":{"line":21,"column":13},"end":{"line":28,"column":5}},"line":21},"4":{"name":"(anonymous_4)","decl":{"start":{"line":22,"column":27},"end":{"line":22,"column":28}},"loc":{"start":{"line":22,"column":38},"end":{"line":27,"column":9}},"line":22},"5":{"name":"(anonymous_5)","decl":{"start":{"line":23,"column":23},"end":{"line":23,"column":24}},"loc":{"start":{"line":23,"column":29},"end":{"line":26,"column":13}},"line":23}},"branchMap":{"0":{"loc":{"start":{"line":2,"column":17},"end":{"line":7,"column":1}},"type":"binary-expr","locations":[{"start":{"line":2,"column":18},"end":{"line":2,"column":22}},{"start":{"line":2,"column":26},"end":{"line":2,"column":41}},{"start":{"line":2,"column":46},"end":{"line":7,"column":1}}],"line":2},"1":{"loc":{"start":{"line":3,"column":34},"end":{"line":3,"column":125}},"type":"cond-expr","locations":[{"start":{"line":3,"column":42},"end":{"line":3,"column":48}},{"start":{"line":3,"column":51},"end":{"line":3,"column":125}}],"line":3},"2":{"loc":{"start":{"line":3,"column":51},"end":{"line":3,"column":125}},"type":"cond-expr","locations":[{"start":{"line":3,"column":67},"end":{"line":3,"column":118}},{"start":{"line":3,"column":121},"end":{"line":3,"column":125}}],"line":3},"3":{"loc":{"start":{"line":4,"column":4},"end":{"line":5,"column":150}},"type":"if","locations":[{"start":{"line":4,"column":4},"end":{"line":5,"column":150}},{"start":{"line":4,"column":4},"end":{"line":5,"column":150}}],"line":4},"4":{"loc":{"start":{"line":4,"column":8},"end":{"line":4,"column":77}},"type":"binary-expr","locations":[{"start":{"line":4,"column":8},"end":{"line":4,"column":35}},{"start":{"line":4,"column":39},"end":{"line":4,"column":77}}],"line":4},"5":{"loc":{"start":{"line":5,"column":58},"end":{"line":5,"column":150}},"type":"if","locations":[{"start":{"line":5,"column":58},"end":{"line":5,"column":150}},{"start":{"line":5,"column":58},"end":{"line":5,"column":150}}],"line":5},"6":{"loc":{"start":{"line":5,"column":85},"end":{"line":5,"column":149}},"type":"binary-expr","locations":[{"start":{"line":5,"column":86},"end":{"line":5,"column":143}},{"start":{"line":5,"column":148},"end":{"line":5,"column":149}}],"line":5},"7":{"loc":{"start":{"line":5,"column":86},"end":{"line":5,"column":143}},"type":"cond-expr","locations":[{"start":{"line":5,"column":94},"end":{"line":5,"column":98}},{"start":{"line":5,"column":101},"end":{"line":5,"column":143}}],"line":5},"8":{"loc":{"start":{"line":5,"column":101},"end":{"line":5,"column":143}},"type":"cond-expr","locations":[{"start":{"line":5,"column":109},"end":{"line":5,"column":126}},{"start":{"line":5,"column":129},"end":{"line":5,"column":143}}],"line":5},"9":{"loc":{"start":{"line":6,"column":11},"end":{"line":6,"column":62}},"type":"binary-expr","locations":[{"start":{"line":6,"column":11},"end":{"line":6,"column":16}},{"start":{"line":6,"column":20},"end":{"line":6,"column":21}},{"start":{"line":6,"column":25},"end":{"line":6,"column":62}}],"line":6},"10":{"loc":{"start":{"line":8,"column":17},"end":{"line":10,"column":1}},"type":"binary-expr","locations":[{"start":{"line":8,"column":18},"end":{"line":8,"column":22}},{"start":{"line":8,"column":26},"end":{"line":8,"column":41}},{"start":{"line":8,"column":46},"end":{"line":10,"column":1}}],"line":8},"11":{"loc":{"start":{"line":9,"column":4},"end":{"line":9,"column":109}},"type":"if","locations":[{"start":{"line":9,"column":4},"end":{"line":9,"column":109}},{"start":{"line":9,"column":4},"end":{"line":9,"column":109}}],"line":9},"12":{"loc":{"start":{"line":9,"column":8},"end":{"line":9,"column":77}},"type":"binary-expr","locations":[{"start":{"line":9,"column":8},"end":{"line":9,"column":35}},{"start":{"line":9,"column":39},"end":{"line":9,"column":77}}],"line":9}},"s":{"0":2,"1":2,"2":2,"3":2,"4":2,"5":0,"6":0,"7":0,"8":2,"9":2,"10":2,"11":2,"12":2,"13":2,"14":2,"15":2,"16":2,"17":2,"18":2,"19":2,"20":2,"21":2,"22":2,"23":2,"24":2,"25":2},"f":{"0":2,"1":2,"2":2,"3":2,"4":2,"5":2},"b":{"0":[2,2,2],"1":[2,0],"2":[0,0],"3":[2,0],"4":[2,2],"5":[0,0],"6":[0,0],"7":[0,0],"8":[0,0],"9":[2,0,0],"10":[2,2,2],"11":[2,0],"12":[2,2]},"_coverageSchema":"332fd63041d2c1bcb487cc26dd0d5f7d97098a6c","hash":"77b8848c90477cd7fc672394243a52e98c3ac38a"}
,"C:\\Users\\Orel Balilti\\Documents\\Projects\\Sugoi\\server\\dist\\__tests__\\app\\submodule\\sub1\\sub1.service.js": {"path":"C:\\Users\\Orel Balilti\\Documents\\Projects\\Sugoi\\server\\dist\\__tests__\\app\\submodule\\sub1\\sub1.service.js","statementMap":{"0":{"start":{"line":2,"column":17},"end":{"line":7,"column":1}},"1":{"start":{"line":3,"column":12},"end":{"line":3,"column":28}},"2":{"start":{"line":3,"column":34},"end":{"line":3,"column":125}},"3":{"start":{"line":4,"column":4},"end":{"line":5,"column":150}},"4":{"start":{"line":4,"column":79},"end":{"line":4,"column":131}},"5":{"start":{"line":5,"column":9},"end":{"line":5,"column":150}},"6":{"start":{"line":5,"column":58},"end":{"line":5,"column":150}},"7":{"start":{"line":5,"column":81},"end":{"line":5,"column":150}},"8":{"start":{"line":6,"column":4},"end":{"line":6,"column":66}},"9":{"start":{"line":8,"column":0},"end":{"line":8,"column":62}},"10":{"start":{"line":9,"column":16},"end":{"line":9,"column":44}},"11":{"start":{"line":10,"column":18},"end":{"line":24,"column":1}},"12":{"start":{"line":12,"column":8},"end":{"line":12,"column":31}},"13":{"start":{"line":13,"column":8},"end":{"line":13,"column":27}},"14":{"start":{"line":14,"column":8},"end":{"line":14,"column":28}},"15":{"start":{"line":17,"column":8},"end":{"line":17,"column":55}},"16":{"start":{"line":18,"column":8},"end":{"line":18,"column":25}},"17":{"start":{"line":21,"column":8},"end":{"line":21,"column":55}},"18":{"start":{"line":22,"column":8},"end":{"line":22,"column":26}},"19":{"start":{"line":25,"column":0},"end":{"line":27,"column":16}},"20":{"start":{"line":28,"column":0},"end":{"line":28,"column":34}}},"fnMap":{"0":{"name":"(anonymous_0)","decl":{"start":{"line":2,"column":46},"end":{"line":2,"column":47}},"loc":{"start":{"line":2,"column":87},"end":{"line":7,"column":1}},"line":2},"1":{"name":"(anonymous_1)","decl":{"start":{"line":11,"column":4},"end":{"line":11,"column":5}},"loc":{"start":{"line":11,"column":18},"end":{"line":15,"column":5}},"line":11},"2":{"name":"(anonymous_2)","decl":{"start":{"line":16,"column":4},"end":{"line":16,"column":5}},"loc":{"start":{"line":16,"column":43},"end":{"line":19,"column":5}},"line":16},"3":{"name":"(anonymous_3)","decl":{"start":{"line":20,"column":4},"end":{"line":20,"column":5}},"loc":{"start":{"line":20,"column":44},"end":{"line":23,"column":5}},"line":20}},"branchMap":{"0":{"loc":{"start":{"line":2,"column":17},"end":{"line":7,"column":1}},"type":"binary-expr","locations":[{"start":{"line":2,"column":18},"end":{"line":2,"column":22}},{"start":{"line":2,"column":26},"end":{"line":2,"column":41}},{"start":{"line":2,"column":46},"end":{"line":7,"column":1}}],"line":2},"1":{"loc":{"start":{"line":3,"column":34},"end":{"line":3,"column":125}},"type":"cond-expr","locations":[{"start":{"line":3,"column":42},"end":{"line":3,"column":48}},{"start":{"line":3,"column":51},"end":{"line":3,"column":125}}],"line":3},"2":{"loc":{"start":{"line":3,"column":51},"end":{"line":3,"column":125}},"type":"cond-expr","locations":[{"start":{"line":3,"column":67},"end":{"line":3,"column":118}},{"start":{"line":3,"column":121},"end":{"line":3,"column":125}}],"line":3},"3":{"loc":{"start":{"line":4,"column":4},"end":{"line":5,"column":150}},"type":"if","locations":[{"start":{"line":4,"column":4},"end":{"line":5,"column":150}},{"start":{"line":4,"column":4},"end":{"line":5,"column":150}}],"line":4},"4":{"loc":{"start":{"line":4,"column":8},"end":{"line":4,"column":77}},"type":"binary-expr","locations":[{"start":{"line":4,"column":8},"end":{"line":4,"column":35}},{"start":{"line":4,"column":39},"end":{"line":4,"column":77}}],"line":4},"5":{"loc":{"start":{"line":5,"column":58},"end":{"line":5,"column":150}},"type":"if","locations":[{"start":{"line":5,"column":58},"end":{"line":5,"column":150}},{"start":{"line":5,"column":58},"end":{"line":5,"column":150}}],"line":5},"6":{"loc":{"start":{"line":5,"column":85},"end":{"line":5,"column":149}},"type":"binary-expr","locations":[{"start":{"line":5,"column":86},"end":{"line":5,"column":143}},{"start":{"line":5,"column":148},"end":{"line":5,"column":149}}],"line":5},"7":{"loc":{"start":{"line":5,"column":86},"end":{"line":5,"column":143}},"type":"cond-expr","locations":[{"start":{"line":5,"column":94},"end":{"line":5,"column":98}},{"start":{"line":5,"column":101},"end":{"line":5,"column":143}}],"line":5},"8":{"loc":{"start":{"line":5,"column":101},"end":{"line":5,"column":143}},"type":"cond-expr","locations":[{"start":{"line":5,"column":109},"end":{"line":5,"column":126}},{"start":{"line":5,"column":129},"end":{"line":5,"column":143}}],"line":5},"9":{"loc":{"start":{"line":6,"column":11},"end":{"line":6,"column":62}},"type":"binary-expr","locations":[{"start":{"line":6,"column":11},"end":{"line":6,"column":16}},{"start":{"line":6,"column":20},"end":{"line":6,"column":21}},{"start":{"line":6,"column":25},"end":{"line":6,"column":62}}],"line":6},"10":{"loc":{"start":{"line":16,"column":12},"end":{"line":16,"column":41}},"type":"default-arg","locations":[{"start":{"line":16,"column":19},"end":{"line":16,"column":41}}],"line":16},"11":{"loc":{"start":{"line":17,"column":15},"end":{"line":17,"column":54}},"type":"cond-expr","locations":[{"start":{"line":17,"column":37},"end":{"line":17,"column":47}},{"start":{"line":17,"column":50},"end":{"line":17,"column":54}}],"line":17},"12":{"loc":{"start":{"line":20,"column":13},"end":{"line":20,"column":42}},"type":"default-arg","locations":[{"start":{"line":20,"column":20},"end":{"line":20,"column":42}}],"line":20},"13":{"loc":{"start":{"line":21,"column":15},"end":{"line":21,"column":54}},"type":"cond-expr","locations":[{"start":{"line":21,"column":37},"end":{"line":21,"column":47}},{"start":{"line":21,"column":50},"end":{"line":21,"column":54}}],"line":21}},"s":{"0":2,"1":2,"2":2,"3":2,"4":2,"5":0,"6":0,"7":0,"8":2,"9":2,"10":2,"11":2,"12":2,"13":2,"14":2,"15":2,"16":2,"17":2,"18":2,"19":2,"20":2},"f":{"0":2,"1":2,"2":2,"3":2},"b":{"0":[2,2,2],"1":[2,0],"2":[0,0],"3":[2,0],"4":[2,2],"5":[0,0],"6":[0,0],"7":[0,0],"8":[0,0],"9":[2,0,0],"10":[2],"11":[0,2],"12":[2],"13":[0,2]},"_coverageSchema":"332fd63041d2c1bcb487cc26dd0d5f7d97098a6c","hash":"b041bdd24c7ecb898096505b8aa0ad6d1751767e"}
,"C:\\Users\\Orel Balilti\\Documents\\Projects\\Sugoi\\server\\dist\\__tests__\\app\\submodule\\sub1\\sub2\\sub2.controller.js": {"path":"C:\\Users\\Orel Balilti\\Documents\\Projects\\Sugoi\\server\\dist\\__tests__\\app\\submodule\\sub1\\sub2\\sub2.controller.js","statementMap":{"0":{"start":{"line":2,"column":17},"end":{"line":7,"column":1}},"1":{"start":{"line":3,"column":12},"end":{"line":3,"column":28}},"2":{"start":{"line":3,"column":34},"end":{"line":3,"column":125}},"3":{"start":{"line":4,"column":4},"end":{"line":5,"column":150}},"4":{"start":{"line":4,"column":79},"end":{"line":4,"column":131}},"5":{"start":{"line":5,"column":9},"end":{"line":5,"column":150}},"6":{"start":{"line":5,"column":58},"end":{"line":5,"column":150}},"7":{"start":{"line":5,"column":81},"end":{"line":5,"column":150}},"8":{"start":{"line":6,"column":4},"end":{"line":6,"column":66}},"9":{"start":{"line":8,"column":17},"end":{"line":10,"column":1}},"10":{"start":{"line":9,"column":4},"end":{"line":9,"column":109}},"11":{"start":{"line":9,"column":79},"end":{"line":9,"column":109}},"12":{"start":{"line":11,"column":0},"end":{"line":11,"column":62}},"13":{"start":{"line":12,"column":16},"end":{"line":12,"column":47}},"14":{"start":{"line":13,"column":23},"end":{"line":13,"column":49}},"15":{"start":{"line":14,"column":21},"end":{"line":21,"column":1}},"16":{"start":{"line":16,"column":8},"end":{"line":16,"column":52}},"17":{"start":{"line":19,"column":8},"end":{"line":19,"column":47}},"18":{"start":{"line":22,"column":0},"end":{"line":25,"column":52}},"19":{"start":{"line":26,"column":0},"end":{"line":31,"column":42}},"20":{"start":{"line":32,"column":0},"end":{"line":37,"column":46}},"21":{"start":{"line":38,"column":0},"end":{"line":40,"column":19}},"22":{"start":{"line":41,"column":0},"end":{"line":41,"column":40}}},"fnMap":{"0":{"name":"(anonymous_0)","decl":{"start":{"line":2,"column":46},"end":{"line":2,"column":47}},"loc":{"start":{"line":2,"column":87},"end":{"line":7,"column":1}},"line":2},"1":{"name":"(anonymous_1)","decl":{"start":{"line":8,"column":46},"end":{"line":8,"column":47}},"loc":{"start":{"line":8,"column":62},"end":{"line":10,"column":1}},"line":8},"2":{"name":"(anonymous_2)","decl":{"start":{"line":15,"column":4},"end":{"line":15,"column":5}},"loc":{"start":{"line":15,"column":10},"end":{"line":17,"column":5}},"line":15},"3":{"name":"(anonymous_3)","decl":{"start":{"line":18,"column":4},"end":{"line":18,"column":5}},"loc":{"start":{"line":18,"column":14},"end":{"line":20,"column":5}},"line":18}},"branchMap":{"0":{"loc":{"start":{"line":2,"column":17},"end":{"line":7,"column":1}},"type":"binary-expr","locations":[{"start":{"line":2,"column":18},"end":{"line":2,"column":22}},{"start":{"line":2,"column":26},"end":{"line":2,"column":41}},{"start":{"line":2,"column":46},"end":{"line":7,"column":1}}],"line":2},"1":{"loc":{"start":{"line":3,"column":34},"end":{"line":3,"column":125}},"type":"cond-expr","locations":[{"start":{"line":3,"column":42},"end":{"line":3,"column":48}},{"start":{"line":3,"column":51},"end":{"line":3,"column":125}}],"line":3},"2":{"loc":{"start":{"line":3,"column":51},"end":{"line":3,"column":125}},"type":"cond-expr","locations":[{"start":{"line":3,"column":67},"end":{"line":3,"column":118}},{"start":{"line":3,"column":121},"end":{"line":3,"column":125}}],"line":3},"3":{"loc":{"start":{"line":4,"column":4},"end":{"line":5,"column":150}},"type":"if","locations":[{"start":{"line":4,"column":4},"end":{"line":5,"column":150}},{"start":{"line":4,"column":4},"end":{"line":5,"column":150}}],"line":4},"4":{"loc":{"start":{"line":4,"column":8},"end":{"line":4,"column":77}},"type":"binary-expr","locations":[{"start":{"line":4,"column":8},"end":{"line":4,"column":35}},{"start":{"line":4,"column":39},"end":{"line":4,"column":77}}],"line":4},"5":{"loc":{"start":{"line":5,"column":58},"end":{"line":5,"column":150}},"type":"if","locations":[{"start":{"line":5,"column":58},"end":{"line":5,"column":150}},{"start":{"line":5,"column":58},"end":{"line":5,"column":150}}],"line":5},"6":{"loc":{"start":{"line":5,"column":85},"end":{"line":5,"column":149}},"type":"binary-expr","locations":[{"start":{"line":5,"column":86},"end":{"line":5,"column":143}},{"start":{"line":5,"column":148},"end":{"line":5,"column":149}}],"line":5},"7":{"loc":{"start":{"line":5,"column":86},"end":{"line":5,"column":143}},"type":"cond-expr","locations":[{"start":{"line":5,"column":94},"end":{"line":5,"column":98}},{"start":{"line":5,"column":101},"end":{"line":5,"column":143}}],"line":5},"8":{"loc":{"start":{"line":5,"column":101},"end":{"line":5,"column":143}},"type":"cond-expr","locations":[{"start":{"line":5,"column":109},"end":{"line":5,"column":126}},{"start":{"line":5,"column":129},"end":{"line":5,"column":143}}],"line":5},"9":{"loc":{"start":{"line":6,"column":11},"end":{"line":6,"column":62}},"type":"binary-expr","locations":[{"start":{"line":6,"column":11},"end":{"line":6,"column":16}},{"start":{"line":6,"column":20},"end":{"line":6,"column":21}},{"start":{"line":6,"column":25},"end":{"line":6,"column":62}}],"line":6},"10":{"loc":{"start":{"line":8,"column":17},"end":{"line":10,"column":1}},"type":"binary-expr","locations":[{"start":{"line":8,"column":18},"end":{"line":8,"column":22}},{"start":{"line":8,"column":26},"end":{"line":8,"column":41}},{"start":{"line":8,"column":46},"end":{"line":10,"column":1}}],"line":8},"11":{"loc":{"start":{"line":9,"column":4},"end":{"line":9,"column":109}},"type":"if","locations":[{"start":{"line":9,"column":4},"end":{"line":9,"column":109}},{"start":{"line":9,"column":4},"end":{"line":9,"column":109}}],"line":9},"12":{"loc":{"start":{"line":9,"column":8},"end":{"line":9,"column":77}},"type":"binary-expr","locations":[{"start":{"line":9,"column":8},"end":{"line":9,"column":35}},{"start":{"line":9,"column":39},"end":{"line":9,"column":77}}],"line":9}},"s":{"0":2,"1":8,"2":8,"3":8,"4":8,"5":0,"6":0,"7":0,"8":8,"9":2,"10":14,"11":14,"12":2,"13":2,"14":2,"15":2,"16":0,"17":1,"18":2,"19":2,"20":2,"21":2,"22":2},"f":{"0":8,"1":14,"2":0,"3":1},"b":{"0":[2,2,2],"1":[2,6],"2":[4,2],"3":[8,0],"4":[8,8],"5":[0,0],"6":[0,0],"7":[0,0],"8":[0,0],"9":[8,6,4],"10":[2,2,2],"11":[14,0],"12":[14,14]},"_coverageSchema":"332fd63041d2c1bcb487cc26dd0d5f7d97098a6c","hash":"ce33527b0fb11cab0ba932922f7afa437f7528b6"}
[...]
58},"end":{"line":5,"column":150}},"type":"if","locations":[{"start":{"line":5,"column":58},"end":{"line":5,"column":150}},{"start":{"line":5,"column":58},"end":{"line":5,"column":150}}],"line":5},"6":{"loc":{"start":{"line":5,"column":85},"end":{"line":5,"column":149}},"type":"binary-expr","locations":[{"start":{"line":5,"column":86},"end":{"line":5,"column":143}},{"start":{"line":5,"column":148},"end":{"line":5,"column":149}}],"line":5},"7":{"loc":{"start":{"line":5,"column":86},"end":{"line":5,"column":143}},"type":"cond-expr","locations":[{"start":{"line":5,"column":94},"end":{"line":5,"column":98}},{"start":{"line":5,"column":101},"end":{"line":5,"column":143}}],"line":5},"8":{"loc":{"start":{"line":5,"column":101},"end":{"line":5,"column":143}},"type":"cond-expr","locations":[{"start":{"line":5,"column":109},"end":{"line":5,"column":126}},{"start":{"line":5,"column":129},"end":{"line":5,"column":143}}],"line":5},"9":{"loc":{"start":{"line":6,"column":11},"end":{"line":6,"column":62}},"type":"binary-expr","locations":[{"start":{"line":6,"column":11},"end":{"line":6,"column":16}},{"start":{"line":6,"column":20},"end":{"line":6,"column":21}},{"start":{"line":6,"column":25},"end":{"line":6,"column":62}}],"line":6},"10":{"loc":{"start":{"line":8,"column":17},"end":{"line":10,"column":1}},"type":"binary-expr","locations":[{"start":{"line":8,"column":18},"end":{"line":8,"column":22}},{"start":{"line":8,"column":26},"end":{"line":8,"column":41}},{"start":{"line":8,"column":46},"end":{"line":10,"column":1}}],"line":8},"11":{"loc":{"start":{"line":9,"column":4},"end":{"line":9,"column":109}},"type":"if","locations":[{"start":{"line":9,"column":4},"end":{"line":9,"column":109}},{"start":{"line":9,"column":4},"end":{"line":9,"column":109}}],"line":9},"12":{"loc":{"start":{"line":9,"column":8},"end":{"line":9,"column":77}},"type":"binary-expr","locations":[{"start":{"line":9,"column":8},"end":{"line":9,"column":35}},{"start":{"line":9,"column":39},"end":{"line":9,"column":77}}],"line":9},"13":{"loc":{"start":{"line":11,"column":16},"end":{"line":18,"column":1}},"type":"binary-expr","locations":[{"start":{"line":11,"column":17},"end":{"line":11,"column":21}},{"start":{"line":11,"column":25},"end":{"line":11,"column":39}},{"start":{"line":11,"column":44},"end":{"line":18,"column":1}}],"line":11},"14":{"loc":{"start":{"line":12,"column":16},"end":{"line":12,"column":34}},"type":"binary-expr","locations":[{"start":{"line":12,"column":16},"end":{"line":12,"column":17}},{"start":{"line":12,"column":22},"end":{"line":12,"column":33}}],"line":12},"15":{"loc":{"start":{"line":15,"column":32},"end":{"line":15,"column":148}},"type":"cond-expr","locations":[{"start":{"line":15,"column":46},"end":{"line":15,"column":67}},{"start":{"line":15,"column":70},"end":{"line":15,"column":148}}],"line":15},"16":{"loc":{"start":{"line":16,"column":51},"end":{"line":16,"column":67}},"type":"binary-expr","locations":[{"start":{"line":16,"column":51},"end":{"line":16,"column":61}},{"start":{"line":16,"column":65},"end":{"line":16,"column":67}}],"line":16},"17":{"loc":{"start":{"line":31,"column":28},"end":{"line":31,"column":159}},"type":"cond-expr","locations":[{"start":{"line":31,"column":63},"end":{"line":31,"column":152}},{"start":{"line":31,"column":155},"end":{"line":31,"column":159}}],"line":31},"18":{"loc":{"start":{"line":33,"column":12},"end":{"line":35,"column":13}},"type":"if","locations":[{"start":{"line":33,"column":12},"end":{"line":35,"column":13}},{"start":{"line":33,"column":12},"end":{"line":35,"column":13}}],"line":33},"19":{"loc":{"start":{"line":36,"column":12},"end":{"line":37,"column":100}},"type":"if","locations":[{"start":{"line":36,"column":12},"end":{"line":37,"column":100}},{"start":{"line":36,"column":12},"end":{"line":37,"column":100}}],"line":36},"20":{"loc":{"start":{"line":36,"column":16},"end":{"line":36,"column":37}},"type":"binary-expr","locations":[{"start":{"line":36,"column":16},"end":{"line":36,"column":24}},{"start":{"line":36,"column":28},"end":{"line":36,"column":37}}],"line":36},"21":{"loc":{"start":{"line":41,"column":16},"end":{"line":42,"column":157}},"type":"if","locations":[{"start":{"line":41,"column":16},"end":{"line":42,"column":157}},{"start":{"line":41,"column":16},"end":{"line":42,"column":157}}],"line":41},"22":{"loc":{"start":{"line":43,"column":16},"end":{"line":44,"column":66}},"type":"if","locations":[{"start":{"line":43,"column":16},"end":{"line":44,"column":66}},{"start":{"line":43,"column":16},"end":{"line":44,"column":66}}],"line":43},"23":{"loc":{"start":{"line":43,"column":20},"end":{"line":43,"column":80}},"type":"binary-expr","locations":[{"start":{"line":43,"column":20},"end":{"line":43,"column":40}},{"start":{"line":43,"column":44},"end":{"line":43,"column":80}}],"line":43},"24":{"loc":{"start":{"line":46,"column":23},"end":{"line":48,"column":25}},"type":"cond-expr","locations":[{"start":{"line":47,"column":22},"end":{"line":47,"column":64}},{"start":{"line":48,"column":22},"end":{"line":48,"column":25}}],"line":46},"25":{"loc":{"start":{"line":46,"column":23},"end":{"line":46,"column":78}},"type":"binary-expr","locations":[{"start":{"line":46,"column":23},"end":{"line":46,"column":43}},{"start":{"line":46,"column":47},"end":{"line":46,"column":78}}],"line":46},"26":{"loc":{"start":{"line":51,"column":16},"end":{"line":52,"column":173}},"type":"if","locations":[{"start":{"line":51,"column":16},"end":{"line":52,"column":173}},{"start":{"line":51,"column":16},"end":{"line":52,"column":173}}],"line":51},"27":{"loc":{"start":{"line":53,"column":16},"end":{"line":54,"column":64}},"type":"if","locations":[{"start":{"line":53,"column":16},"end":{"line":54,"column":64}},{"start":{"line":53,"column":16},"end":{"line":54,"column":64}}],"line":53},"28":{"loc":{"start":{"line":53,"column":20},"end":{"line":53,"column":78}},"type":"binary-expr","locations":[{"start":{"line":53,"column":20},"end":{"line":53,"column":39}},{"start":{"line":53,"column":43},"end":{"line":53,"column":78}}],"line":53},"29":{"loc":{"start":{"line":56,"column":23},"end":{"line":58,"column":25}},"type":"cond-expr","locations":[{"start":{"line":57,"column":22},"end":{"line":57,"column":66}},{"start":{"line":58,"column":22},"end":{"line":58,"column":25}}],"line":56},"30":{"loc":{"start":{"line":56,"column":23},"end":{"line":56,"column":76}},"type":"binary-expr","locations":[{"start":{"line":56,"column":23},"end":{"line":56,"column":42}},{"start":{"line":56,"column":46},"end":{"line":56,"column":76}}],"line":56},"31":{"loc":{"start":{"line":60,"column":16},"end":{"line":63,"column":32}},"type":"if","locations":[{"start":{"line":60,"column":16},"end":{"line":63,"column":32}},{"start":{"line":60,"column":16},"end":{"line":63,"column":32}}],"line":60},"32":{"loc":{"start":{"line":66,"column":16},"end":{"line":74,"column":17}},"type":"if","locations":[{"start":{"line":66,"column":16},"end":{"line":74,"column":17}},{"start":{"line":66,"column":16},"end":{"line":74,"column":17}}],"line":66},"33":{"loc":{"start":{"line":66,"column":20},"end":{"line":66,"column":155}},"type":"binary-expr","locations":[{"start":{"line":66,"column":20},"end":{"line":66,"column":76}},{"start":{"line":66,"column":80},"end":{"line":66,"column":155}}],"line":66}},"s":{"0":3,"1":3,"2":3,"3":3,"4":3,"5":0,"6":0,"7":0,"8":3,"9":3,"10":9,"11":9,"12":3,"13":30,"14":30,"15":30,"16":0,"17":0,"18":0,"19":0,"20":60,"21":30,"22":30,"23":3,"24":3,"25":3,"26":3,"27":3,"28":30,"29":30,"30":30,"31":30,"32":30,"33":30,"34":0,"35":30,"36":30,"37":30,"38":2,"39":28,"40":2,"41":28,"42":28,"43":28,"44":2,"45":26,"46":2,"47":26,"48":26,"49":26,"50":2,"51":24,"52":6,"53":6,"54":6,"55":6,"56":0,"57":0,"58":3,"59":3},"f":{"0":3,"1":9,"2":30,"3":30,"4":30,"5":0,"6":60,"7":30,"8":30,"9":30,"10":30,"11":28,"12":26,"13":6},"b":{"0":[3,3,3],"1":[0,3],"2":[3,0],"3":[3,0],"4":[3,3],"5":[0,0],"6":[0,0],"7":[0,0],"8":[0,0],"9":[3,3,3],"10":[3,3,3],"11":[9,0],"12":[9,9],"13":[3,3,3],"14":[30,30],"15":[30,30],"16":[30,30],"17":[30,0],"18":[30,0],"19":[0,30],"20":[30,30],"21":[2,28],"22":[2,26],"23":[28,4],"24":[4,24],"25":[28,4],"26":[2,26],"27":[2,24],"28":[26,4],"29":[4,22],"30":[26,4],"31":[2,24],"32":[6,0],"33":[6,6]},"_coverageSchema":"332fd63041d2c1bcb487cc26dd0d5f7d97098a6c","hash":"1b0c30a62c448b6bf8b6cbf41c6c4bc19129eba5"}
,"C:\\Users\\Orel Balilti\\Documents\\Projects\\Sugoi\\server\\dist\\utils\\default-error-handler.util.js": {"path":"C:\\Users\\Orel Balilti\\Documents\\Projects\\Sugoi\\server\\dist\\utils\\default-error-handler.util.js","statementMap":{"0":{"start":{"line":2,"column":0},"end":{"line":2,"column":62}},"1":{"start":{"line":3,"column":30},"end":{"line":3,"column":71}},"2":{"start":{"line":4,"column":0},"end":{"line":18,"column":2}},"3":{"start":{"line":5,"column":4},"end":{"line":17,"column":6}},"4":{"start":{"line":6,"column":8},"end":{"line":9,"column":9}},"5":{"start":{"line":7,"column":12},"end":{"line":7,"column":37}},"6":{"start":{"line":8,"column":12},"end":{"line":8,"column":29}},"7":{"start":{"line":10,"column":8},"end":{"line":15,"column":9}},"8":{"start":{"line":11,"column":12},"end":{"line":11,"column":38}},"9":{"start":{"line":14,"column":12},"end":{"line":14,"column":42}},"10":{"start":{"line":16,"column":8},"end":{"line":16,"column":22}},"11":{"start":{"line":20,"column":15},"end":{"line":20,"column":48}},"12":{"start":{"line":21,"column":17},"end":{"line":21,"column":64}},"13":{"start":{"line":22,"column":16},"end":{"line":22,"column":81}},"14":{"start":{"line":23,"column":4},"end":{"line":23,"column":28}},"15":{"start":{"line":24,"column":4},"end":{"line":24,"column":15}},"16":{"start":{"line":27,"column":4},"end":{"line":27,"column":35}}},"fnMap":{"0":{"name":"(anonymous_0)","decl":{"start":{"line":4,"column":30},"end":{"line":4,"column":31}},"loc":{"start":{"line":4,"column":59},"end":{"line":18,"column":1}},"line":4},"1":{"name":"(anonymous_1)","decl":{"start":{"line":5,"column":11},"end":{"line":5,"column":12}},"loc":{"start":{"line":5,"column":36},"end":{"line":17,"column":5}},"line":5},"2":{"name":"cloneError","decl":{"start":{"line":19,"column":9},"end":{"line":19,"column":19}},"loc":{"start":{"line":19,"column":27},"end":{"line":25,"column":1}},"line":19},"3":{"name":"sendRes","decl":{"start":{"line":26,"column":9},"end":{"line":26,"column":16}},"loc":{"start":{"line":26,"column":27},"end":{"line":28,"column":1}},"line":26}},"branchMap":{"0":{"loc":{"start":{"line":4,"column":31},"end":{"line":4,"column":54}},"type":"default-arg","locations":[{"start":{"line":4,"column":50},"end":{"line":4,"column":54}}],"line":4},"1":{"loc":{"start":{"line":6,"column":8},"end":{"line":9,"column":9}},"type":"if","locations":[{"start":{"line":6,"column":8},"end":{"line":9,"column":9}},{"start":{"line":6,"column":8},"end":{"line":9,"column":9}}],"line":6},"2":{"loc":{"start":{"line":10,"column":8},"end":{"line":15,"column":9}},"type":"if","locations":[{"start":{"line":10,"column":8},"end":{"line":15,"column":9}},{"start":{"line":10,"column":8},"end":{"line":15,"column":9}}],"line":10},"3":{"loc":{"start":{"line":20,"column":15},"end":{"line":20,"column":48}},"type":"binary-expr","locations":[{"start":{"line":20,"column":15},"end":{"line":20,"column":27}},{"start":{"line":20,"column":31},"end":{"line":20,"column":41}},{"start":{"line":20,"column":45},"end":{"line":20,"column":48}}],"line":20},"4":{"loc":{"start":{"line":21,"column":17},"end":{"line":21,"column":64}},"type":"cond-expr","locations":[{"start":{"line":21,"column":49},"end":{"line":21,"column":59}},{"start":{"line":21,"column":62},"end":{"line":21,"column":64}}],"line":21},"5":{"loc":{"start":{"line":21,"column":17},"end":{"line":21,"column":46}},"type":"binary-expr","locations":[{"start":{"line":21,"column":17},"end":{"line":21,"column":32}},{"start":{"line":21,"column":36},"end":{"line":21,"column":46}}],"line":21}},"s":{"0":3,"1":3,"2":3,"3":2,"4":4,"5":4,"6":4,"7":4,"8":0,"9":4,"10":4,"11":4,"12":4,"13":4,"14":4,"15":4,"16":4},"f":{"0":2,"1":4,"2":4,"3":4},"b":{"0":[0],"1":[4,0],"2":[0,4],"3":[4,4,0],"4":[4,0],"5":[4,4]},"_coverageSchema":"332fd63041d2c1bcb487cc26dd0d5f7d97098a6c","hash":"cb3b7d5a39d42f6502bb012cc695919df81ea0ab"}
,"C:\\Users\\Orel Balilti\\Documents\\Projects\\Sugoi\\server\\dist\\utils\\parameters-validator.util.js": {"path":"C:\\Users\\Orel Balilti\\Documents\\Projects\\Sugoi\\server\\dist\\utils\\parameters-validator.util.js","statementMap":{"0":{"start":{"line":2,"column":17},"end":{"line":7,"column":1}},"1":{"start":{"line":3,"column":12},"end":{"line":3,"column":28}},"2":{"start":{"line":3,"column":34},"end":{"line":3,"column":125}},"3":{"start":{"line":4,"column":4},"end":{"line":5,"column":150}},"4":{"start":{"line":4,"column":79},"end":{"line":4,"column":131}},"5":{"start":{"line":5,"column":9},"end":{"line":5,"column":150}},"6":{"start":{"line":5,"column":58},"end":{"line":5,"column":150}},"7":{"start":{"line":5,"column":81},"end":{"line":5,"column":150}},"8":{"start":{"line":6,"column":4},"end":{"line":6,"column":66}},"9":{"start":{"line":8,"column":17},"end":{"line":10,"column":1}},"10":{"start":{"line":9,"column":4},"end":{"line":9,"column":109}},"11":{"start":{"line":9,"column":79},"end":{"line":9,"column":109}},"12":{"start":{"line":11,"column":0},"end":{"line":11,"column":62}},"13":{"start":{"line":12,"column":15},"end":{"line":12,"column":37}},"14":{"start":{"line":15,"column":26},"end":{"line":15,"column":44}},"15":{"start":{"line":16,"column":24},"end":{"line":16,"column":85}},"16":{"start":{"line":17,"column":30},"end":{"line":17,"column":34}},"17":{"start":{"line":18,"column":22},"end":{"line":23,"column":10}},"18":{"start":{"line":19,"column":12},"end":{"line":20,"column":28}},"19":{"start":{"line":20,"column":16},"end":{"line":20,"column":28}},"20":{"start":{"line":21,"column":12},"end":{"line":21,"column":101}},"21":{"start":{"line":22,"column":12},"end":{"line":22,"column":41}},"22":{"start":{"line":24,"column":8},"end":{"line":24,"column":47}},"23":{"start":{"line":27,"column":8},"end":{"line":27,"column":102}},"24":{"start":{"line":27,"column":32},"end":{"line":27,"column":100}},"25":{"start":{"line":30,"column":0},"end":{"line":35,"column":53}},"26":{"start":{"line":36,"column":0},"end":{"line":36,"column":58}}},"fnMap":{"0":{"name":"(anonymous_0)","decl":{"start":{"line":2,"column":46},"end":{"line":2,"column":47}},"loc":{"start":{"line":2,"column":87},"end":{"line":7,"column":1}},"line":2},"1":{"name":"(anonymous_1)","decl":{"start":{"line":8,"column":46},"end":{"line":8,"column":47}},"loc":{"start":{"line":8,"column":62},"end":{"line":10,"column":1}},"line":8},"2":{"name":"(anonymous_2)","decl":{"start":{"line":14,"column":4},"end":{"line":14,"column":5}},"loc":{"start":{"line":14,"column":33},"end":{"line":25,"column":5}},"line":14},"3":{"name":"(anonymous_3)","decl":{"start":{"line":18,"column":51},"end":{"line":18,"column":52}},"loc":{"start":{"line":18,"column":58},"end":{"line":23,"column":9}},"line":18},"4":{"name":"(anonymous_4)","decl":{"start":{"line":26,"column":4},"end":{"line":26,"column":5}},"loc":{"start":{"line":26,"column":36},"end":{"line":28,"column":5}},"line":26},"5":{"name":"(anonymous_5)","decl":{"start":{"line":27,"column":25},"end":{"line":27,"column":26}},"loc":{"start":{"line":27,"column":32},"end":{"line":27,"column":100}},"line":27}},"branchMap":{"0":{"loc":{"start":{"line":2,"column":17},"end":{"line":7,"column":1}},"type":"binary-expr","locations":[{"start":{"line":2,"column":18},"end":{"line":2,"column":22}},{"start":{"line":2,"column":26},"end":{"line":2,"column":41}},{"start":{"line":2,"column":46},"end":{"line":7,"column":1}}],"line":2},"1":{"loc":{"start":{"line":3,"column":34},"end":{"line":3,"column":125}},"type":"cond-expr","locations":[{"start":{"line":3,"column":42},"end":{"line":3,"column":48}},{"start":{"line":3,"column":51},"end":{"line":3,"column":125}}],"line":3},"2":{"loc":{"start":{"line":3,"column":51},"end":{"line":3,"column":125}},"type":"cond-expr","locations":[{"start":{"line":3,"column":67},"end":{"line":3,"column":118}},{"start":{"line":3,"column":121},"end":{"line":3,"column":125}}],"line":3},"3":{"loc":{"start":{"line":4,"column":4},"end":{"line":5,"column":150}},"type":"if","locations":[{"start":{"line":4,"column":4},"end":{"line":5,"column":150}},{"start":{"line":4,"column":4},"end":{"line":5,"column":150}}],"line":4},"4":{"loc":{"start":{"line":4,"column":8},"end":{"line":4,"column":77}},"type":"binary-expr","locations":[{"start":{"line":4,"column":8},"end":{"line":4,"column":35}},{"start":{"line":4,"column":39},"end":{"line":4,"column":77}}],"line":4},"5":{"loc":{"start":{"line":5,"column":58},"end":{"line":5,"column":150}},"type":"if","locations":[{"start":{"line":5,"column":58},"end":{"line":5,"column":150}},{"start":{"line":5,"column":58},"end":{"line":5,"column":150}}],"line":5},"6":{"loc":{"start":{"line":5,"column":85},"end":{"line":5,"column":149}},"type":"binary-expr","locations":[{"start":{"line":5,"column":86},"end":{"line":5,"column":143}},{"start":{"line":5,"column":148},"end":{"line":5,"column":149}}],"line":5},"7":{"loc":{"start":{"line":5,"column":86},"end":{"line":5,"column":143}},"type":"cond-expr","locations":[{"start":{"line":5,"column":94},"end":{"line":5,"column":98}},{"start":{"line":5,"column":101},"end":{"line":5,"column":143}}],"line":5},"8":{"loc":{"start":{"line":5,"column":101},"end":{"line":5,"column":143}},"type":"cond-expr","locations":[{"start":{"line":5,"column":109},"end":{"line":5,"column":126}},{"start":{"line":5,"column":129},"end":{"line":5,"column":143}}],"line":5},"9":{"loc":{"start":{"line":6,"column":11},"end":{"line":6,"column":62}},"type":"binary-expr","locations":[{"start":{"line":6,"column":11},"end":{"line":6,"column":16}},{"start":{"line":6,"column":20},"end":{"line":6,"column":21}},{"start":{"line":6,"column":25},"end":{"line":6,"column":62}}],"line":6},"10":{"loc":{"start":{"line":8,"column":17},"end":{"line":10,"column":1}},"type":"binary-expr","locations":[{"start":{"line":8,"column":18},"end":{"line":8,"column":22}},{"start":{"line":8,"column":26},"end":{"line":8,"column":41}},{"start":{"line":8,"column":46},"end":{"line":10,"column":1}}],"line":8},"11":{"loc":{"start":{"line":9,"column":4},"end":{"line":9,"column":109}},"type":"if","locations":[{"start":{"line":9,"column":4},"end":{"line":9,"column":109}},{"start":{"line":9,"column":4},"end":{"line":9,"column":109}}],"line":9},"12":{"loc":{"start":{"line":9,"column":8},"end":{"line":9,"column":77}},"type":"binary-expr","locations":[{"start":{"line":9,"column":8},"end":{"line":9,"column":35}},{"start":{"line":9,"column":39},"end":{"line":9,"column":77}}],"line":9},"13":{"loc":{"start":{"line":19,"column":12},"end":{"line":20,"column":28}},"type":"if","locations":[{"start":{"line":19,"column":12},"end":{"line":20,"column":28}},{"start":{"line":19,"column":12},"end":{"line":20,"column":28}}],"line":19},"14":{"loc":{"start":{"line":24,"column":15},"end":{"line":24,"column":46}},"type":"cond-expr","locations":[{"start":{"line":24,"column":23},"end":{"line":24,"column":28}},{"start":{"line":24,"column":31},"end":{"line":24,"column":46}}],"line":24},"15":{"loc":{"start":{"line":27,"column":32},"end":{"line":27,"column":100}},"type":"binary-expr","locations":[{"start":{"line":27,"column":32},"end":{"line":27,"column":35}},{"start":{"line":27,"column":39},"end":{"line":27,"column":54}},{"start":{"line":27,"column":58},"end":{"line":27,"column":100}}],"line":27}},"s":{"0":3,"1":3,"2":3,"3":3,"4":3,"5":0,"6":0,"7":0,"8":3,"9":3,"10":9,"11":9,"12":3,"13":3,"14":8,"15":8,"16":8,"17":8,"18":32,"19":24,"20":8,"21":8,"22":8,"23":38,"24":46,"25":3,"26":3},"f":{"0":3,"1":9,"2":8,"3":32,"4":38,"5":46},"b":{"0":[3,3,3],"1":[0,3],"2":[3,0],"3":[3,0],"4":[3,3],"5":[0,0],"6":[0,0],"7":[0,0],"8":[0,0],"9":[3,3,3],"10":[3,3,3],"11":[9,0],"12":[9,9],"13":[24,8],"14":[8,0],"15":[46,46,46]},"_coverageSchema":"332fd63041d2c1bcb487cc26dd0d5f7d97098a6c","hash":"71fb3347ebc9166b60a18ff0820ba8b85e4f2178"}
}
