TN:
SF:C:\Users\Orel Balilti\Documents\Projects\Sugoi\server\dist\core-utils.js
FNF:0
FNH:0
DA:2,3
DA:3,3
DA:4,3
DA:5,3
DA:6,3
DA:7,3
DA:8,3
DA:9,3
DA:10,3
DA:11,3
DA:12,3
DA:13,3
DA:14,3
DA:15,3
DA:16,3
DA:17,3
DA:18,3
DA:19,3
DA:20,3
DA:21,3
LF:20
LH:20
BRF:0
BRH:0
end_of_record
TN:
SF:C:\Users\Orel Balilti\Documents\Projects\Sugoi\server\dist\index.js
FN:2,__export
FNF:1
FNH:1
FNDA:9,__export
DA:3,222
DA:5,3
DA:6,3
DA:7,3
DA:8,3
DA:9,3
DA:10,3
DA:11,3
DA:12,3
DA:13,3
DA:14,3
DA:15,3
DA:16,3
DA:17,3
DA:18,3
DA:19,3
DA:20,3
DA:21,3
DA:22,3
DA:23,3
DA:24,3
DA:25,3
DA:26,3
DA:27,3
DA:28,3
DA:29,3
DA:30,3
LF:27
LH:27
BRDA:3,0,0,219
BRDA:3,0,1,3
BRF:2
BRH:2
end_of_record
TN:
SF:C:\Users\Orel Balilti\Documents\Projects\Sugoi\server\dist\__tests__\app\app.js
FN:2,(anonymous_0)
FN:25,(anonymous_1)
FNF:2
FNH:2
FNDA:2,(anonymous_0)
FNDA:28,(anonymous_1)
DA:2,2
DA:3,2
DA:4,2
DA:5,0
DA:6,2
DA:8,2
DA:9,2
DA:10,2
DA:11,2
DA:12,2
DA:13,2
DA:14,2
DA:16,2
DA:25,28
DA:37,2
LF:15
LH:14
BRDA:2,0,0,2
BRDA:2,0,1,2
BRDA:2,0,2,2
BRDA:3,1,0,2
BRDA:3,1,1,0
BRDA:3,2,0,0
BRDA:3,2,1,0
BRDA:4,3,0,2
BRDA:4,3,1,0
BRDA:4,4,0,2
BRDA:4,4,1,2
BRDA:5,5,0,0
BRDA:5,5,1,0
BRDA:5,6,0,0
BRDA:5,6,1,0
BRDA:5,7,0,0
BRDA:5,7,1,0
BRDA:5,8,0,0
BRDA:5,8,1,0
BRDA:6,9,0,2
BRDA:6,9,1,0
BRDA:6,9,2,0
BRF:22
BRH:8
end_of_record
TN:
SF:C:\Users\Orel Balilti\Documents\Projects\Sugoi\server\dist\__tests__\app\controllers\index.controller.js
FN:2,(anonymous_0)
FN:8,(anonymous_1)
FN:11,(anonymous_2)
FN:12,(anonymous_3)
FN:14,(anonymous_4)
FN:15,(anonymous_5)
FN:16,fulfilled
FN:17,rejected
FN:18,step
FN:18,(anonymous_9)
FN:30,(anonymous_10)
FN:33,(anonymous_11)
FN:34,(anonymous_12)
FN:36,(anonymous_13)
FN:44,(anonymous_14)
FN:46,(anonymous_15)
FN:49,(anonymous_16)
FN:51,(anonymous_17)
FN:54,(anonymous_18)
FN:57,(anonymous_19)
FN:60,(anonymous_20)
FNF:21
FNH:18
FNDA:26,(anonymous_0)
FNDA:60,(anonymous_1)
FNDA:12,(anonymous_2)
FNDA:12,(anonymous_3)
FNDA:4,(anonymous_4)
FNDA:4,(anonymous_5)
FNDA:2,fulfilled
FNDA:2,rejected
FNDA:6,step
FNDA:4,(anonymous_9)
FNDA:2,(anonymous_10)
FNDA:4,(anonymous_11)
FNDA:4,(anonymous_12)
FNDA:4,(anonymous_13)
FNDA:0,(anonymous_14)
FNDA:2,(anonymous_15)
FNDA:0,(anonymous_16)
FNDA:2,(anonymous_17)
FNDA:2,(anonymous_18)
FNDA:4,(anonymous_19)
FNDA:0,(anonymous_20)
DA:2,2
DA:3,26
DA:4,26
DA:5,0
DA:6,26
DA:8,2
DA:9,60
DA:11,2
DA:12,12
DA:14,2
DA:15,4
DA:16,2
DA:17,2
DA:18,6
DA:19,4
DA:22,2
DA:24,2
DA:25,2
DA:26,2
DA:27,2
DA:28,2
DA:29,2
DA:31,2
DA:34,4
DA:35,4
DA:37,4
DA:38,2
DA:40,2
DA:47,2
DA:52,2
DA:55,2
DA:58,4
DA:61,0
DA:62,0
DA:63,0
DA:66,2
DA:67,2
DA:71,2
DA:75,2
DA:79,2
DA:89,2
DA:97,2
DA:104,2
DA:111,2
DA:118,2
DA:126,2
DA:133,2
DA:140,2
DA:147,2
DA:151,2
LF:50
LH:46
BRDA:2,0,0,2
BRDA:2,0,1,2
BRDA:2,0,2,2
BRDA:3,1,0,2
BRDA:3,1,1,24
BRDA:3,2,0,18
BRDA:3,2,1,6
BRDA:4,3,0,26
BRDA:4,3,1,0
BRDA:4,4,0,26
BRDA:4,4,1,26
BRDA:5,5,0,0
BRDA:5,5,1,0
BRDA:5,6,0,0
BRDA:5,6,1,0
BRDA:5,7,0,0
BRDA:5,7,1,0
BRDA:5,8,0,0
BRDA:5,8,1,0
BRDA:6,9,0,26
BRDA:6,9,1,24
BRDA:6,9,2,18
BRDA:8,10,0,2
BRDA:8,10,1,2
BRDA:8,10,2,2
BRDA:9,11,0,60
BRDA:9,11,1,0
BRDA:9,12,0,60
BRDA:9,12,1,60
BRDA:11,13,0,2
BRDA:11,13,1,2
BRDA:11,13,2,2
BRDA:14,14,0,2
BRDA:14,14,1,2
BRDA:14,14,2,2
BRDA:15,15,0,4
BRDA:15,15,1,4
BRDA:18,16,0,2
BRDA:18,16,1,4
BRDA:19,17,0,4
BRDA:19,17,1,4
BRDA:37,18,0,2
BRDA:37,18,1,2
BRDA:63,19,0,0
BRDA:63,19,1,0
BRF:45
BRH:33
end_of_record
TN:
SF:C:\Users\Orel Balilti\Documents\Projects\Sugoi\server\dist\__tests__\app\services\auth.service.js
FN:5,(anonymous_0)
FN:8,(anonymous_1)
FN:11,(anonymous_2)
FN:14,(anonymous_3)
FN:19,(anonymous_4)
FN:20,(anonymous_5)
FN:21,(anonymous_6)
FN:24,(anonymous_7)
FN:25,(anonymous_8)
FN:26,(anonymous_9)
FNF:10
FNH:9
FNDA:30,(anonymous_0)
FNDA:4,(anonymous_1)
FNDA:0,(anonymous_2)
FNDA:80,(anonymous_3)
FNDA:4,(anonymous_4)
FNDA:4,(anonymous_5)
FNDA:6,(anonymous_6)
FNDA:4,(anonymous_7)
FNDA:4,(anonymous_8)
FNDA:6,(anonymous_9)
DA:2,3
DA:3,3
DA:6,30
DA:9,4
DA:12,0
DA:15,80
DA:16,80
DA:17,80
DA:20,4
DA:21,6
DA:25,4
DA:26,6
DA:30,3
LF:13
LH:12
BRDA:15,0,0,80
BRDA:15,0,1,0
BRF:2
BRH:1
end_of_record
TN:
SF:C:\Users\Orel Balilti\Documents\Projects\Sugoi\server\dist\__tests__\app\services\test.service.js
FN:2,(anonymous_0)
FN:8,(anonymous_1)
FN:14,(anonymous_2)
FN:16,(anonymous_3)
FN:20,(anonymous_4)
FNF:5
FNH:4
FNDA:2,(anonymous_0)
FNDA:2,(anonymous_1)
FNDA:32,(anonymous_2)
FNDA:30,(anonymous_3)
FNDA:0,(anonymous_4)
DA:2,2
DA:3,2
DA:4,2
DA:5,0
DA:6,2
DA:8,2
DA:9,2
DA:11,2
DA:12,2
DA:13,2
DA:17,30
DA:18,30
DA:21,0
DA:24,2
DA:28,2
LF:15
LH:13
BRDA:2,0,0,2
BRDA:2,0,1,2
BRDA:2,0,2,2
BRDA:3,1,0,2
BRDA:3,1,1,0
BRDA:3,2,0,0
BRDA:3,2,1,0
BRDA:4,3,0,2
BRDA:4,3,1,0
BRDA:4,4,0,2
BRDA:4,4,1,2
BRDA:5,5,0,0
BRDA:5,5,1,0
BRDA:5,6,0,0
BRDA:5,6,1,0
BRDA:5,7,0,0
BRDA:5,7,1,0
BRDA:5,8,0,0
BRDA:5,8,1,0
BRDA:6,9,0,2
BRDA:6,9,1,0
BRDA:6,9,2,0
BRDA:8,10,0,2
BRDA:8,10,1,2
BRDA:8,10,2,2
BRDA:9,11,0,2
BRDA:9,11,1,0
BRDA:9,12,0,2
BRDA:9,12,1,2
BRF:29
BRH:14
end_of_record
TN:
SF:C:\Users\Orel Balilti\Documents\Projects\Sugoi\server\dist\__tests__\app\submodule\bootstrap-2\bootstrap-2.controller.js
FN:2,(anonymous_0)
FN:8,(anonymous_1)
FN:16,(anonymous_2)
FNF:3
FNH:2
FNDA:3,(anonymous_0)
FNDA:4,(anonymous_1)
FNDA:0,(anonymous_2)
DA:2,1
DA:3,3
DA:4,3
DA:5,0
DA:6,3
DA:8,1
DA:9,4
DA:11,1
DA:12,1
DA:13,1
DA:14,1
DA:15,1
DA:17,0
DA:20,1
DA:24,1
DA:30,1
DA:33,1
LF:17
LH:15
BRDA:2,0,0,1
BRDA:2,0,1,1
BRDA:2,0,2,1
BRDA:3,1,0,1
BRDA:3,1,1,2
BRDA:3,2,0,1
BRDA:3,2,1,1
BRDA:4,3,0,3
BRDA:4,3,1,0
BRDA:4,4,0,3
BRDA:4,4,1,3
BRDA:5,5,0,0
BRDA:5,5,1,0
BRDA:5,6,0,0
BRDA:5,6,1,0
BRDA:5,7,0,0
BRDA:5,7,1,0
BRDA:5,8,0,0
BRDA:5,8,1,0
BRDA:6,9,0,3
BRDA:6,9,1,2
BRDA:6,9,2,1
BRDA:8,10,0,1
BRDA:8,10,1,1
BRDA:8,10,2,1
BRDA:9,11,0,4
BRDA:9,11,1,0
BRDA:9,12,0,4
BRDA:9,12,1,4
BRF:29
BRH:19
end_of_record
TN:
SF:C:\Users\Orel Balilti\Documents\Projects\Sugoi\server\dist\__tests__\app\submodule\bootstrap-2\bootstrap-2.module.js
FN:2,(anonymous_0)
FNF:1
FNH:1
FNDA:1,(anonymous_0)
DA:2,1
DA:3,1
DA:4,1
DA:5,0
DA:6,1
DA:8,1
DA:9,1
DA:10,1
DA:11,1
DA:12,1
DA:14,1
DA:20,1
LF:12
LH:11
BRDA:2,0,0,1
BRDA:2,0,1,1
BRDA:2,0,2,1
BRDA:3,1,0,1
BRDA:3,1,1,0
BRDA:3,2,0,0
BRDA:3,2,1,0
BRDA:4,3,0,1
BRDA:4,3,1,0
BRDA:4,4,0,1
BRDA:4,4,1,1
BRDA:5,5,0,0
BRDA:5,5,1,0
BRDA:5,6,0,0
BRDA:5,6,1,0
BRDA:5,7,0,0
BRDA:5,7,1,0
BRDA:5,8,0,0
BRDA:5,8,1,0
BRDA:6,9,0,1
BRDA:6,9,1,0
BRDA:6,9,2,0
BRF:22
BRH:8
end_of_record
TN:
SF:C:\Users\Orel Balilti\Documents\Projects\Sugoi\server\dist\__tests__\app\submodule\bootstrap-2\bootstrap-2.service.js
FN:2,(anonymous_0)
FN:11,(anonymous_1)
FN:14,(anonymous_2)
FNF:3
FNH:2
FNDA:1,(anonymous_0)
FNDA:1,(anonymous_1)
FNDA:0,(anonymous_2)
DA:2,1
DA:3,1
DA:4,1
DA:5,0
DA:6,1
DA:8,1
DA:9,1
DA:10,1
DA:12,1
DA:15,0
DA:18,1
DA:21,1
LF:12
LH:10
BRDA:2,0,0,1
BRDA:2,0,1,1
BRDA:2,0,2,1
BRDA:3,1,0,1
BRDA:3,1,1,0
BRDA:3,2,0,0
BRDA:3,2,1,0
BRDA:4,3,0,1
BRDA:4,3,1,0
BRDA:4,4,0,1
BRDA:4,4,1,1
BRDA:5,5,0,0
BRDA:5,5,1,0
BRDA:5,6,0,0
BRDA:5,6,1,0
BRDA:5,7,0,0
BRDA:5,7,1,0
BRDA:5,8,0,0
BRDA:5,8,1,0
BRDA:6,9,0,1
BRDA:6,9,1,0
BRDA:6,9,2,0
BRF:22
BRH:8
end_of_record
TN:
SF:C:\Users\Orel Balilti\Documents\Projects\Sugoi\server\dist\__tests__\app\submodule\sub1\sub1.controller.js
FN:2,(anonymous_0)
FN:8,(anonymous_1)
FN:11,(anonymous_2)
FN:12,(anonymous_3)
FN:13,fulfilled
FN:14,rejected
FN:15,step
FN:15,(anonymous_7)
FN:25,(anonymous_8)
FN:27,(anonymous_9)
FN:28,(anonymous_10)
FNF:11
FNH:8
FNDA:6,(anonymous_0)
FNDA:10,(anonymous_1)
FNDA:2,(anonymous_2)
FNDA:2,(anonymous_3)
FNDA:0,fulfilled
FNDA:0,rejected
FNDA:2,step
FNDA:0,(anonymous_7)
FNDA:8,(anonymous_8)
FNDA:2,(anonymous_9)
FNDA:2,(anonymous_10)
DA:2,2
DA:3,6
DA:4,6
DA:5,0
DA:6,6
DA:8,2
DA:9,10
DA:11,2
DA:12,2
DA:13,0
DA:14,0
DA:15,2
DA:16,2
DA:19,2
DA:20,2
DA:21,2
DA:22,2
DA:23,2
DA:24,2
DA:28,2
DA:29,2
DA:38,2
DA:42,2
DA:48,2
DA:52,2
LF:25
LH:22
BRDA:2,0,0,2
BRDA:2,0,1,2
BRDA:2,0,2,2
BRDA:3,1,0,2
BRDA:3,1,1,4
BRDA:3,2,0,2
BRDA:3,2,1,2
BRDA:4,3,0,6
BRDA:4,3,1,0
BRDA:4,4,0,6
BRDA:4,4,1,6
BRDA:5,5,0,0
BRDA:5,5,1,0
BRDA:5,6,0,0
BRDA:5,6,1,0
BRDA:5,7,0,0
BRDA:5,7,1,0
BRDA:5,8,0,0
BRDA:5,8,1,0
BRDA:6,9,0,6
BRDA:6,9,1,4
BRDA:6,9,2,2
BRDA:8,10,0,2
BRDA:8,10,1,2
BRDA:8,10,2,2
BRDA:9,11,0,10
BRDA:9,11,1,0
BRDA:9,12,0,10
BRDA:9,12,1,10
BRDA:11,13,0,2
BRDA:11,13,1,2
BRDA:11,13,2,2
BRDA:12,14,0,2
BRDA:12,14,1,2
BRDA:15,15,0,2
BRDA:15,15,1,0
BRDA:16,16,0,2
BRDA:16,16,1,2
BRF:38
BRH:27
end_of_record
TN:
SF:C:\Users\Orel Balilti\Documents\Projects\Sugoi\server\dist\__tests__\app\submodule\sub1\sub1.module.js
FN:2,(anonymous_0)
FN:8,(anonymous_1)
FN:18,(anonymous_2)
FN:21,(anonymous_3)
FN:22,(anonymous_4)
FN:23,(anonymous_5)
FNF:6
FNH:6
FNDA:2,(anonymous_0)
FNDA:2,(anonymous_1)
FNDA:2,(anonymous_2)
FNDA:2,(anonymous_3)
FNDA:2,(anonymous_4)
FNDA:2,(anonymous_5)
DA:2,2
DA:3,2
DA:4,2
DA:5,0
DA:6,2
DA:8,2
DA:9,2
DA:11,2
DA:12,2
DA:13,2
DA:14,2
DA:15,2
DA:16,2
DA:17,2
DA:19,2
DA:22,2
DA:23,2
DA:24,2
DA:25,2
DA:30,2
DA:38,2
LF:21
LH:20
BRDA:2,0,0,2
BRDA:2,0,1,2
BRDA:2,0,2,2
BRDA:3,1,0,2
BRDA:3,1,1,0
BRDA:3,2,0,0
BRDA:3,2,1,0
BRDA:4,3,0,2
BRDA:4,3,1,0
BRDA:4,4,0,2
BRDA:4,4,1,2
BRDA:5,5,0,0
BRDA:5,5,1,0
BRDA:5,6,0,0
BRDA:5,6,1,0
BRDA:5,7,0,0
BRDA:5,7,1,0
BRDA:5,8,0,0
BRDA:5,8,1,0
BRDA:6,9,0,2
BRDA:6,9,1,0
BRDA:6,9,2,0
BRDA:8,10,0,2
BRDA:8,10,1,2
BRDA:8,10,2,2
BRDA:9,11,0,2
BRDA:9,11,1,0
BRDA:9,12,0,2
BRDA:9,12,1,2
BRF:29
BRH:14
end_of_record
TN:
SF:C:\Users\Orel Balilti\Documents\Projects\Sugoi\server\dist\__tests__\app\submodule\sub1\sub1.service.js
FN:2,(anonymous_0)
FN:11,(anonymous_1)
FN:16,(anonymous_2)
FN:20,(anonymous_3)
FNF:4
FNH:4
FNDA:2,(anonymous_0)
FNDA:2,(anonymous_1)
FNDA:2,(anonymous_2)
FNDA:2,(anonymous_3)
DA:2,2
DA:3,2
DA:4,2
DA:5,0
DA:6,2
DA:8,2
DA:9,2
DA:10,2
DA:12,2
DA:13,2
DA:14,2
DA:17,2
DA:18,2
DA:21,2
DA:22,2
DA:25,2
DA:28,2
LF:17
LH:16
BRDA:2,0,0,2
BRDA:2,0,1,2
BRDA:2,0,2,2
BRDA:3,1,0,2
BRDA:3,1,1,0
BRDA:3,2,0,0
BRDA:3,2,1,0
BRDA:4,3,0,2
BRDA:4,3,1,0
BRDA:4,4,0,2
BRDA:4,4,1,2
BRDA:5,5,0,0
BRDA:5,5,1,0
BRDA:5,6,0,0
BRDA:5,6,1,0
BRDA:5,7,0,0
BRDA:5,7,1,0
BRDA:5,8,0,0
BRDA:5,8,1,0
BRDA:6,9,0,2
BRDA:6,9,1,0
BRDA:6,9,2,0
BRDA:16,10,0,2
BRDA:17,11,0,0
BRDA:17,11,1,2
BRDA:20,12,0,2
BRDA:21,13,0,0
BRDA:21,13,1,2
BRF:28
BRH:12
end_of_record
TN:
SF:C:\Users\Orel Balilti\Documents\Projects\Sugoi\server\dist\__tests__\app\submodule\sub1\sub2\sub2.controller.js
FN:2,(anonymous_0)
FN:8,(anonymous_1)
FN:15,(anonymous_2)
FN:18,(anonymous_3)
FNF:4
FNH:3
FNDA:8,(anonymous_0)
FNDA:14,(anonymous_1)
FNDA:0,(anonymous_2)
FNDA:1,(anonymous_3)
DA:2,2
DA:3,8
DA:4,8
DA:5,0
DA:6,8
DA:8,2
DA:9,14
DA:11,2
DA:12,2
DA:13,2
DA:14,2
DA:16,0
DA:19,1
DA:22,2
DA:26,2
DA:32,2
DA:38,2
DA:41,2
LF:18
LH:16
BRDA:2,0,0,2
BRDA:2,0,1,2
BRDA:2,0,2,2
BRDA:3,1,0,2
BRDA:3,1,1,6
BRDA:3,2,0,4
BRDA:3,2,1,2
BRDA:4,3,0,8
BRDA:4,3,1,0
BRDA:4,4,0,8
BRDA:4,4,1,8
BRDA:5,5,0,0
BRDA:5,5,1,0
BRDA:5,6,0,0
BRDA:5,6,1,0
BRDA:5,7,0,0
BRDA:5,7,1,0
BRDA:5,8,0,0
BRDA:5,8,1,0
BRDA:6,9,0,8
BRDA:6,9,1,6
BRDA:6,9,2,4
BRDA:8,10,0,2
BRDA:8,10,1,2
BRDA:8,10,2,2
BRDA:9,11,0,14
BRDA:9,11,1,0
BRDA:9,12,0,14
BRDA:9,12,1,14
BRF:29
BRH:19
end_of_record
TN:
SF:C:\Users\Orel Balilti\Documents\Projects\Sugoi\server\dist\__tests__\app\submodule\sub1\sub2\sub2.module.js
FN:2,(anonymous_0)
FN:8,(anonymous_1)
FN:17,(anonymous_2)
FN:19,(anonymous_3)
FN:20,(anonymous_4)
FN:21,(anonymous_5)
FN:27,(anonymous_6)
FNF:7
FNH:6
FNDA:4,(anonymous_0)
FNDA:4,(anonymous_1)
FNDA:2,(anonymous_2)
FNDA:2,(anonymous_3)
FNDA:2,(anonymous_4)
FNDA:2,(anonymous_5)
FNDA:0,(anonymous_6)
DA:2,2
DA:3,4
DA:4,4
DA:5,0
DA:6,4
DA:8,2
DA:9,4
DA:11,2
DA:12,2
DA:13,2
DA:14,2
DA:15,2
DA:16,2
DA:20,2
DA:21,2
DA:22,2
DA:23,2
DA:28,0
DA:31,2
DA:35,2
DA:42,2
LF:21
LH:19
BRDA:2,0,0,2
BRDA:2,0,1,2
BRDA:2,0,2,2
BRDA:3,1,0,2
BRDA:3,1,1,2
BRDA:3,2,0,0
BRDA:3,2,1,2
BRDA:4,3,0,4
BRDA:4,3,1,0
BRDA:4,4,0,4
BRDA:4,4,1,4
BRDA:5,5,0,0
BRDA:5,5,1,0
BRDA:5,6,0,0
BRDA:5,6,1,0
BRDA:5,7,0,0
BRDA:5,7,1,0
BRDA:5,8,0,0
BRDA:5,8,1,0
BRDA:6,9,0,4
BRDA:6,9,1,2
BRDA:6,9,2,0
BRDA:8,10,0,2
BRDA:8,10,1,2
BRDA:8,10,2,2
BRDA:9,11,0,4
BRDA:9,11,1,0
BRDA:9,12,0,4
BRDA:9,12,1,4
BRF:29
BRH:17
end_of_record
TN:
SF:C:\Users\Orel Balilti\Documents\Projects\Sugoi\server\dist\__tests__\app\submodule\sub3\sub3.controller.js
FN:2,(anonymous_0)
FN:8,(anonymous_1)
FN:11,(anonymous_2)
FN:12,(anonymous_3)
FN:13,fulfilled
FN:14,rejected
FN:15,step
FN:15,(anonymous_7)
FN:23,(anonymous_8)
FN:26,(anonymous_9)
FN:27,(anonymous_10)
FN:31,(anonymous_11)
FN:32,(anonymous_12)
FN:36,(anonymous_13)
FN:37,(anonymous_14)
FN:41,(anonymous_15)
FN:42,(anonymous_16)
FN:46,(anonymous_17)
FN:47,(anonymous_18)
FN:51,(anonymous_19)
FN:52,(anonymous_20)
FN:56,(anonymous_21)
FN:57,(anonymous_22)
FN:61,(anonymous_23)
FN:62,(anonymous_24)
FNF:25
FNH:21
FNDA:22,(anonymous_0)
FNDA:56,(anonymous_1)
FNDA:14,(anonymous_2)
FNDA:14,(anonymous_3)
FNDA:0,fulfilled
FNDA:0,rejected
FNDA:14,step
FNDA:0,(anonymous_7)
FNDA:0,(anonymous_8)
FNDA:1,(anonymous_9)
FNDA:1,(anonymous_10)
FNDA:1,(anonymous_11)
FNDA:1,(anonymous_12)
FNDA:2,(anonymous_13)
FNDA:2,(anonymous_14)
FNDA:2,(anonymous_15)
FNDA:2,(anonymous_16)
FNDA:2,(anonymous_17)
FNDA:2,(anonymous_18)
FNDA:2,(anonymous_19)
FNDA:2,(anonymous_20)
FNDA:2,(anonymous_21)
FNDA:2,(anonymous_22)
FNDA:2,(anonymous_23)
FNDA:2,(anonymous_24)
DA:2,2
DA:3,22
DA:4,22
DA:5,0
DA:6,22
DA:8,2
DA:9,56
DA:11,2
DA:12,14
DA:13,0
DA:14,0
DA:15,14
DA:16,14
DA:19,2
DA:20,2
DA:21,2
DA:22,2
DA:24,0
DA:27,1
DA:28,1
DA:32,1
DA:33,1
DA:37,2
DA:38,2
DA:42,2
DA:43,2
DA:47,2
DA:48,2
DA:52,2
DA:53,2
DA:57,2
DA:58,2
DA:62,2
DA:63,2
DA:67,2
DA:71,2
DA:77,2
DA:83,2
DA:89,2
DA:95,2
DA:101,2
DA:107,2
DA:113,2
DA:119,2
DA:125,2
DA:128,2
LF:46
LH:42
BRDA:2,0,0,2
BRDA:2,0,1,2
BRDA:2,0,2,2
BRDA:3,1,0,2
BRDA:3,1,1,20
BRDA:3,2,0,18
BRDA:3,2,1,2
BRDA:4,3,0,22
BRDA:4,3,1,0
BRDA:4,4,0,22
BRDA:4,4,1,22
BRDA:5,5,0,0
BRDA:5,5,1,0
BRDA:5,6,0,0
BRDA:5,6,1,0
BRDA:5,7,0,0
BRDA:5,7,1,0
BRDA:5,8,0,0
BRDA:5,8,1,0
BRDA:6,9,0,22
BRDA:6,9,1,20
BRDA:6,9,2,18
BRDA:8,10,0,2
BRDA:8,10,1,2
BRDA:8,10,2,2
BRDA:9,11,0,56
BRDA:9,11,1,0
BRDA:9,12,0,56
BRDA:9,12,1,56
BRDA:11,13,0,2
BRDA:11,13,1,2
BRDA:11,13,2,2
BRDA:12,14,0,14
BRDA:12,14,1,14
BRDA:15,15,0,14
BRDA:15,15,1,0
BRDA:16,16,0,14
BRDA:16,16,1,14
BRF:38
BRH:27
end_of_record
TN:
SF:C:\Users\Orel Balilti\Documents\Projects\Sugoi\server\dist\__tests__\app\submodule\sub3\sub3.module.js
FN:2,(anonymous_0)
FN:8,(anonymous_1)
FN:16,(anonymous_2)
FN:18,(anonymous_3)
FNF:4
FNH:4
FNDA:4,(anonymous_0)
FNDA:4,(anonymous_1)
FNDA:2,(anonymous_2)
FNDA:2,(anonymous_3)
DA:2,2
DA:3,4
DA:4,4
DA:5,0
DA:6,4
DA:8,2
DA:9,4
DA:11,2
DA:12,2
DA:13,2
DA:14,2
DA:15,2
DA:19,2
DA:22,2
DA:26,2
DA:32,2
LF:16
LH:15
BRDA:2,0,0,2
BRDA:2,0,1,2
BRDA:2,0,2,2
BRDA:3,1,0,2
BRDA:3,1,1,2
BRDA:3,2,0,0
BRDA:3,2,1,2
BRDA:4,3,0,4
BRDA:4,3,1,0
BRDA:4,4,0,4
BRDA:4,4,1,4
BRDA:5,5,0,0
BRDA:5,5,1,0
BRDA:5,6,0,0
BRDA:5,6,1,0
BRDA:5,7,0,0
BRDA:5,7,1,0
BRDA:5,8,0,0
BRDA:5,8,1,0
BRDA:6,9,0,4
BRDA:6,9,1,2
BRDA:6,9,2,0
BRDA:8,10,0,2
BRDA:8,10,1,2
BRDA:8,10,2,2
BRDA:9,11,0,4
BRDA:9,11,1,0
BRDA:9,12,0,4
BRDA:9,12,1,4
BRF:29
BRH:17
end_of_record
TN:
SF:C:\Users\Orel Balilti\Documents\Projects\Sugoi\server\dist\classes\auth-provider.class.js
FN:2,(anonymous_0)
FN:11,(anonymous_1)
FN:17,(anonymous_2)
FN:20,(anonymous_3)
FN:23,(anonymous_4)
FNF:5
FNH:5
FNDA:3,(anonymous_0)
FNDA:40,(anonymous_1)
FNDA:80,(anonymous_2)
FNDA:80,(anonymous_3)
FNDA:40,(anonymous_4)
DA:2,3
DA:3,3
DA:4,3
DA:5,0
DA:6,3
DA:8,3
DA:9,3
DA:10,3
DA:12,40
DA:13,40
DA:14,40
DA:15,40
DA:18,80
DA:21,80
DA:24,40
DA:27,3
DA:28,3
DA:31,3
LF:18
LH:17
BRDA:2,0,0,3
BRDA:2,0,1,3
BRDA:2,0,2,3
BRDA:3,1,0,3
BRDA:3,1,1,0
BRDA:3,2,0,0
BRDA:3,2,1,0
BRDA:4,3,0,3
BRDA:4,3,1,0
BRDA:4,4,0,3
BRDA:4,4,1,3
BRDA:5,5,0,0
BRDA:5,5,1,0
BRDA:5,6,0,0
BRDA:5,6,1,0
BRDA:5,7,0,0
BRDA:5,7,1,0
BRDA:5,8,0,0
BRDA:5,8,1,0
BRDA:6,9,0,3
BRDA:6,9,1,0
BRDA:6,9,2,0
BRF:22
BRH:8
end_of_record
TN:
SF:C:\Users\Orel Balilti\Documents\Projects\Sugoi\server\dist\classes\generic-error.class.js
FN:5,(anonymous_0)
FNF:1
FNH:1
FNDA:4,(anonymous_0)
DA:2,3
DA:3,3
DA:6,4
DA:9,3
LF:4
LH:4
BRF:0
BRH:0
end_of_record
TN:
SF:C:\Users\Orel Balilti\Documents\Projects\Sugoi\server\dist\classes\http-response.class.js
FN:5,(anonymous_0)
FN:10,(anonymous_1)
FN:14,(anonymous_2)
FN:28,(anonymous_3)
FN:32,(anonymous_4)
FN:36,(anonymous_5)
FN:40,(anonymous_6)
FN:51,(anonymous_7)
FNF:8
FNH:8
FNDA:14,(anonymous_0)
FNDA:2,(anonymous_1)
FNDA:14,(anonymous_2)
FNDA:2,(anonymous_3)
FNDA:16,(anonymous_4)
FNDA:2,(anonymous_5)
FNDA:2,(anonymous_6)
FNDA:14,(anonymous_7)
DA:2,3
DA:3,3
DA:6,14
DA:7,14
DA:8,14
DA:11,2
DA:12,2
DA:15,14
DA:16,14
DA:18,12
DA:19,12
DA:21,2
DA:22,2
DA:24,0
DA:26,14
DA:29,2
DA:30,2
DA:33,16
DA:34,16
DA:37,2
DA:38,2
DA:41,2
DA:42,2
DA:52,14
DA:55,3
LF:25
LH:24
BRDA:5,0,0,2
BRDA:5,1,0,0
BRDA:15,2,0,12
BRDA:15,2,1,2
BRDA:16,3,0,12
BRDA:16,3,1,2
BRDA:16,3,2,0
BRDA:51,4,0,2
BRF:8
BRH:6
end_of_record
TN:
SF:C:\Users\Orel Balilti\Documents\Projects\Sugoi\server\dist\classes\http-server.class.js
FN:2,(anonymous_0)
FN:3,(anonymous_1)
FN:4,fulfilled
FN:5,rejected
FN:6,step
FN:6,(anonymous_5)
FN:23,(anonymous_6)
FN:27,(anonymous_7)
FN:28,(anonymous_8)
FN:33,(anonymous_9)
FN:43,(anonymous_10)
FN:43,(anonymous_11)
FN:65,(anonymous_12)
FN:68,(anonymous_13)
FN:76,(anonymous_14)
FN:95,(anonymous_15)
FN:115,(anonymous_16)
FN:133,(anonymous_17)
FN:145,(anonymous_18)
FN:156,(anonymous_19)
FN:157,(anonymous_20)
FN:169,(anonymous_21)
FN:180,(anonymous_22)
FN:184,(anonymous_23)
FN:185,(anonymous_24)
FN:186,(anonymous_25)
FN:187,(anonymous_26)
FN:189,(anonymous_27)
FN:190,(anonymous_28)
FN:196,(anonymous_29)
FN:199,(anonymous_30)
FN:199,(anonymous_31)
FN:216,(anonymous_32)
FN:221,(anonymous_33)
FN:226,(anonymous_34)
FN:230,(anonymous_35)
FN:238,(anonymous_36)
FN:239,(anonymous_37)
FN:247,(anonymous_38)
FN:254,(anonymous_39)
FN:258,(anonymous_40)
FN:277,(anonymous_41)
FN:286,(anonymous_42)
FN:287,(anonymous_43)
FN:291,(anonymous_44)
FN:291,(anonymous_45)
FN:299,(anonymous_46)
FN:302,(anonymous_47)
FN:305,(anonymous_48)
FN:308,(anonymous_49)
FN:311,(anonymous_50)
FN:314,(anonymous_51)
FN:324,(anonymous_52)
FN:364,(anonymous_53)
FN:372,(anonymous_54)
FNF:55
FNH:47
FNDA:12,(anonymous_0)
FNDA:12,(anonymous_1)
FNDA:10,fulfilled
FNDA:0,rejected
FNDA:22,step
FNDA:10,(anonymous_5)
FNDA:4,(anonymous_6)
FNDA:3,(anonymous_7)
FNDA:40,(anonymous_8)
FNDA:4,(anonymous_9)
FNDA:0,(anonymous_10)
FNDA:0,(anonymous_11)
FNDA:49,(anonymous_12)
FNDA:3,(anonymous_13)
FNDA:0,(anonymous_14)
FNDA:3,(anonymous_15)
FNDA:1,(anonymous_16)
FNDA:2,(anonymous_17)
FNDA:3,(anonymous_18)
FNDA:3,(anonymous_19)
FNDA:3,(anonymous_20)
FNDA:3,(anonymous_21)
FNDA:3,(anonymous_22)
FNDA:3,(anonymous_23)
FNDA:3,(anonymous_24)
FNDA:3,(anonymous_25)
FNDA:3,(anonymous_26)
FNDA:3,(anonymous_27)
FNDA:3,(anonymous_28)
FNDA:0,(anonymous_29)
FNDA:3,(anonymous_30)
FNDA:0,(anonymous_31)
FNDA:5,(anonymous_32)
FNDA:3,(anonymous_33)
FNDA:3,(anonymous_34)
FNDA:0,(anonymous_35)
FNDA:3,(anonymous_36)
FNDA:3,(anonymous_37)
FNDA:4,(anonymous_38)
FNDA:10,(anonymous_39)
FNDA:10,(anonymous_40)
FNDA:10,(anonymous_41)
FNDA:4,(anonymous_42)
FNDA:4,(anonymous_43)
FNDA:2,(anonymous_44)
FNDA:2,(anonymous_45)
FNDA:0,(anonymous_46)
FNDA:1,(anonymous_47)
FNDA:3,(anonymous_48)
FNDA:2,(anonymous_49)
FNDA:4,(anonymous_50)
FNDA:20,(anonymous_51)
FNDA:25,(anonymous_52)
FNDA:104,(anonymous_53)
FNDA:10,(anonymous_54)
DA:2,3
DA:3,12
DA:4,10
DA:5,0
DA:6,22
DA:7,12
DA:10,3
DA:11,3
DA:12,3
DA:13,3
DA:14,3
DA:15,3
DA:16,3
DA:17,3
DA:18,3
DA:19,3
DA:20,3
DA:21,3
DA:24,4
DA:25,4
DA:26,4
DA:28,3
DA:29,40
DA:30,40
DA:31,40
DA:32,40
DA:33,40
DA:34,4
DA:37,40
DA:41,4
DA:42,4
DA:43,4
DA:44,0
DA:46,4
DA:47,4
DA:48,4
DA:49,4
DA:50,3
DA:53,1
DA:55,4
DA:56,4
DA:57,4
DA:58,4
DA:59,3
DA:62,1
DA:66,49
DA:69,3
DA:77,0
DA:96,3
DA:97,3
DA:98,0
DA:101,3
DA:102,3
DA:103,3
DA:116,1
DA:117,1
DA:118,0
DA:121,1
DA:122,1
DA:123,1
DA:134,2
DA:135,2
DA:146,3
DA:147,3
DA:157,3
DA:160,3
DA:161,3
DA:170,3
DA:171,3
DA:181,3
DA:182,3
DA:183,3
DA:185,3
DA:186,3
DA:187,3
DA:190,3
DA:193,3
DA:194,3
DA:197,0
DA:201,3
DA:202,3
DA:203,3
DA:204,3
DA:206,3
DA:207,3
DA:208,0
DA:210,3
DA:213,3
DA:214,3
DA:217,5
DA:223,3
DA:224,3
DA:225,3
DA:227,3
DA:228,3
DA:231,0
DA:232,0
DA:236,0
DA:238,3
DA:239,3
DA:240,3
DA:241,3
DA:243,3
DA:248,4
DA:258,10
DA:259,10
DA:260,10
DA:261,10
DA:262,10
DA:263,10
DA:264,4
DA:265,4
DA:267,10
DA:268,10
DA:269,10
DA:270,10
DA:273,0
DA:279,10
DA:281,10
DA:282,10
DA:285,10
DA:286,4
DA:287,4
DA:291,6
DA:293,10
DA:294,10
DA:295,10
DA:297,10
DA:300,0
DA:303,1
DA:306,3
DA:309,2
DA:312,4
DA:315,20
DA:316,25
DA:317,25
DA:320,0
DA:325,25
DA:326,25
DA:327,16
DA:328,0
DA:330,16
DA:331,16
DA:332,16
DA:333,16
DA:334,6
DA:335,4
DA:338,2
DA:343,9
DA:345,25
DA:346,0
DA:347,25
DA:348,25
DA:350,2
DA:351,2
DA:352,2
DA:354,11
DA:355,11
DA:358,12
DA:359,12
DA:361,25
DA:362,23
DA:363,23
DA:365,104
DA:368,23
DA:369,23
DA:373,10
DA:374,10
DA:375,10
DA:376,0
DA:377,0
DA:381,3
DA:382,3
DA:383,3
DA:384,3
LF:175
LH:158
BRDA:2,0,0,3
BRDA:2,0,1,3
BRDA:2,0,2,3
BRDA:3,1,0,12
BRDA:3,1,1,12
BRDA:6,2,0,12
BRDA:6,2,1,10
BRDA:7,3,0,12
BRDA:7,3,1,12
BRDA:30,4,0,40
BRDA:30,4,1,0
BRDA:49,5,0,3
BRDA:49,5,1,1
BRDA:58,6,0,3
BRDA:58,6,1,1
BRDA:95,7,0,0
BRDA:95,8,0,0
BRDA:95,9,0,1
BRDA:96,10,0,3
BRDA:96,10,1,2
BRDA:97,11,0,0
BRDA:97,11,1,3
BRDA:115,12,0,0
BRDA:117,13,0,0
BRDA:117,13,1,1
BRDA:133,14,0,2
BRDA:135,15,0,2
BRDA:135,15,1,0
BRDA:135,16,0,2
BRDA:135,16,1,2
BRDA:157,17,0,0
BRDA:157,17,1,3
BRDA:180,18,0,3
BRDA:199,19,0,3
BRDA:202,20,0,3
BRDA:202,20,1,0
BRDA:207,21,0,0
BRDA:207,21,1,3
BRDA:210,22,0,0
BRDA:210,22,1,3
BRDA:217,23,0,5
BRDA:217,23,1,0
BRDA:223,24,0,3
BRDA:223,24,1,0
BRDA:240,25,0,3
BRDA:240,25,1,0
BRDA:254,26,0,4
BRDA:254,27,0,4
BRDA:259,28,0,10
BRDA:259,28,1,1
BRDA:261,29,0,10
BRDA:261,29,1,4
BRDA:262,30,0,5
BRDA:262,30,1,5
BRDA:263,31,0,4
BRDA:263,31,1,6
BRDA:269,32,0,10
BRDA:269,32,1,0
BRDA:282,33,0,6
BRDA:282,33,1,4
BRDA:285,34,0,4
BRDA:285,34,1,6
BRDA:293,35,0,10
BRDA:293,35,1,0
BRDA:326,36,0,16
BRDA:326,36,1,9
BRDA:327,37,0,0
BRDA:327,37,1,16
BRDA:333,38,0,6
BRDA:333,38,1,10
BRDA:334,39,0,4
BRDA:334,39,1,2
BRDA:335,40,0,2
BRDA:335,40,1,2
BRDA:343,41,0,9
BRDA:343,41,1,0
BRDA:345,42,0,0
BRDA:345,42,1,25
BRDA:348,43,0,2
BRDA:348,43,1,11
BRDA:348,43,2,12
BRDA:348,43,3,12
BRDA:361,44,0,23
BRDA:361,44,1,2
BRDA:375,45,0,0
BRDA:375,45,1,10
BRF:86
BRH:66
end_of_record
TN:
SF:C:\Users\Orel Balilti\Documents\Projects\Sugoi\server\dist\classes\injector.class.js
FN:2,(anonymous_0)
FN:8,(anonymous_1)
FN:15,(anonymous_2)
FN:20,(anonymous_3)
FN:23,(anonymous_4)
FN:26,(anonymous_5)
FNF:6
FNH:5
FNDA:3,(anonymous_0)
FNDA:3,(anonymous_1)
FNDA:4,(anonymous_2)
FNDA:4,(anonymous_3)
FNDA:2,(anonymous_4)
FNDA:0,(anonymous_5)
DA:2,3
DA:3,3
DA:4,3
DA:5,0
DA:6,3
DA:8,3
DA:9,3
DA:11,3
DA:13,3
DA:14,3
DA:16,4
DA:17,4
DA:18,4
DA:21,4
DA:24,2
DA:27,0
DA:30,3
DA:34,3
LF:18
LH:16
BRDA:2,0,0,3
BRDA:2,0,1,3
BRDA:2,0,2,3
BRDA:3,1,0,3
BRDA:3,1,1,0
BRDA:3,2,0,0
BRDA:3,2,1,0
BRDA:4,3,0,3
BRDA:4,3,1,0
BRDA:4,4,0,3
BRDA:4,4,1,3
BRDA:5,5,0,0
BRDA:5,5,1,0
BRDA:5,6,0,0
BRDA:5,6,1,0
BRDA:5,7,0,0
BRDA:5,7,1,0
BRDA:5,8,0,0
BRDA:5,8,1,0
BRDA:6,9,0,3
BRDA:6,9,1,0
BRDA:6,9,2,0
BRDA:8,10,0,3
BRDA:8,10,1,3
BRDA:8,10,2,3
BRDA:9,11,0,3
BRDA:9,11,1,0
BRDA:9,12,0,3
BRDA:9,12,1,3
BRF:29
BRH:14
end_of_record
TN:
SF:C:\Users\Orel Balilti\Documents\Projects\Sugoi\server\dist\classes\route-info.class.js
FN:4,(anonymous_0)
FN:7,(anonymous_1)
FN:10,(anonymous_2)
FN:12,(anonymous_3)
FN:13,(anonymous_4)
FN:19,(anonymous_5)
FNF:6
FNH:6
FNDA:4,(anonymous_0)
FNDA:4,(anonymous_1)
FNDA:4,(anonymous_2)
FNDA:16,(anonymous_3)
FNDA:84,(anonymous_4)
FNDA:1,(anonymous_5)
DA:2,3
DA:5,4
DA:8,4
DA:11,4
DA:12,4
DA:13,16
DA:14,84
DA:17,4
DA:20,1
DA:23,3
LF:10
LH:10
BRF:0
BRH:0
end_of_record
TN:
SF:C:\Users\Orel Balilti\Documents\Projects\Sugoi\server\dist\constants\exceptions.constant.js
FNF:0
FNH:0
DA:2,3
DA:3,3
LF:2
LH:2
BRF:0
BRH:0
end_of_record
TN:
SF:C:\Users\Orel Balilti\Documents\Projects\Sugoi\server\dist\constants\message.contant.js
FNF:0
FNH:0
DA:2,3
DA:3,3
LF:2
LH:2
BRF:0
BRH:0
end_of_record
TN:
SF:C:\Users\Orel Balilti\Documents\Projects\Sugoi\server\dist\constants\meta-key.js
FNF:0
FNH:0
DA:2,3
DA:3,3
DA:4,3
LF:3
LH:3
BRF:0
BRH:0
end_of_record
TN:
SF:C:\Users\Orel Balilti\Documents\Projects\Sugoi\server\dist\decorators\authorization-policy.decorator.js
FN:4,(anonymous_0)
FNF:1
FNH:1
FNDA:10,(anonymous_0)
DA:2,3
DA:3,3
DA:4,3
DA:5,10
LF:4
LH:4
BRDA:4,0,0,2
BRDA:4,1,0,2
BRDA:4,2,0,2
BRF:3
BRH:3
end_of_record
TN:
SF:C:\Users\Orel Balilti\Documents\Projects\Sugoi\server\dist\decorators\express-utils.decorator.js
FNF:0
FNH:0
DA:2,3
DA:3,3
DA:4,3
DA:5,3
DA:6,3
DA:7,3
DA:8,3
DA:9,3
DA:10,3
DA:11,3
DA:12,3
DA:13,3
DA:14,3
DA:15,3
DA:16,3
DA:17,3
DA:18,3
DA:19,3
DA:20,3
DA:21,3
DA:22,3
DA:23,3
DA:24,3
DA:25,3
DA:26,3
DA:27,3
DA:28,3
DA:29,3
DA:30,3
DA:31,3
DA:32,3
DA:33,3
DA:34,3
DA:35,3
DA:36,3
DA:37,3
DA:38,3
DA:39,3
DA:40,3
DA:41,3
DA:42,3
DA:43,3
DA:44,3
DA:45,3
DA:46,3
DA:47,3
DA:48,3
LF:47
LH:47
BRF:0
BRH:0
end_of_record
TN:
SF:C:\Users\Orel Balilti\Documents\Projects\Sugoi\server\dist\decorators\index.js
FN:2,__export
FNF:1
FNH:1
FNDA:3,__export
DA:3,129
DA:5,3
DA:6,3
DA:7,3
DA:8,3
DA:9,3
DA:10,3
DA:11,3
DA:12,3
DA:13,3
DA:14,3
DA:15,3
DA:16,3
LF:13
LH:13
BRDA:3,0,0,129
BRDA:3,0,1,0
BRF:2
BRH:1
end_of_record
TN:
SF:C:\Users\Orel Balilti\Documents\Projects\Sugoi\server\dist\decorators\request-schema-policy.decorator.js
FN:4,RequestSchemaPolicy
FN:14,(anonymous_1)
FN:17,(anonymous_2)
FN:20,(anonymous_3)
FN:23,(anonymous_4)
FNF:5
FNH:5
FNDA:8,RequestSchemaPolicy
FNDA:2,(anonymous_1)
FNDA:2,(anonymous_2)
FNDA:2,(anonymous_3)
FNDA:2,(anonymous_4)
DA:2,3
DA:3,3
DA:5,8
DA:12,3
DA:14,3
DA:15,2
DA:17,3
DA:18,2
DA:20,3
DA:21,2
DA:23,3
DA:24,2
LF:12
LH:12
BRDA:4,0,0,0
BRDA:4,1,0,2
BRDA:4,2,0,4
BRDA:4,3,0,6
BRF:4
BRH:3
end_of_record
TN:
SF:C:\Users\Orel Balilti\Documents\Projects\Sugoi\server\dist\decorators\server-module.decorator.js
FN:14,(anonymous_0)
FN:15,(anonymous_1)
FNF:2
FNH:2
FNDA:9,(anonymous_0)
FNDA:9,(anonymous_1)
DA:2,3
DA:3,3
DA:4,3
DA:14,3
DA:15,9
DA:16,9
DA:17,9
DA:20,3
LF:8
LH:8
BRDA:14,0,0,9
BRF:1
BRH:1
end_of_record
TN:
SF:C:\Users\Orel Balilti\Documents\Projects\Sugoi\server\dist\exceptions\server.exception.js
FN:8,(anonymous_0)
FNF:1
FNH:1
FNDA:2,(anonymous_0)
DA:2,3
DA:3,3
DA:9,2
DA:12,3
LF:4
LH:4
BRF:0
BRH:0
end_of_record
TN:
SF:C:\Users\Orel Balilti\Documents\Projects\Sugoi\server\dist\responses\bad-request.js
FN:4,(anonymous_0)
FNF:1
FNH:1
FNDA:2,(anonymous_0)
DA:2,3
DA:3,3
DA:4,3
DA:5,2
LF:4
LH:4
BRDA:4,0,0,2
BRF:1
BRH:1
end_of_record
TN:
SF:C:\Users\Orel Balilti\Documents\Projects\Sugoi\server\dist\responses\forbidden.js
FN:4,(anonymous_0)
FNF:1
FNH:1
FNDA:2,(anonymous_0)
DA:2,3
DA:3,3
DA:4,3
DA:5,2
LF:4
LH:4
BRDA:4,0,0,2
BRF:1
BRH:1
end_of_record
TN:
SF:C:\Users\Orel Balilti\Documents\Projects\Sugoi\server\dist\responses\index.js
FNF:0
FNH:0
DA:2,3
DA:3,3
DA:4,3
DA:5,3
DA:6,3
DA:7,3
DA:8,3
DA:9,3
DA:10,3
DA:11,3
DA:12,3
DA:13,3
DA:14,3
LF:13
LH:13
BRF:0
BRH:0
end_of_record
TN:
SF:C:\Users\Orel Balilti\Documents\Projects\Sugoi\server\dist\responses\not-found.js
FN:4,(anonymous_0)
FNF:1
FNH:1
FNDA:2,(anonymous_0)
DA:2,3
DA:3,3
DA:4,3
DA:5,2
LF:4
LH:4
BRDA:4,0,0,2
BRF:1
BRH:1
end_of_record
TN:
SF:C:\Users\Orel Balilti\Documents\Projects\Sugoi\server\dist\responses\ok.js
FN:4,(anonymous_0)
FNF:1
FNH:1
FNDA:2,(anonymous_0)
DA:2,3
DA:3,3
DA:4,3
DA:5,2
LF:4
LH:4
BRDA:4,0,0,2
BRF:1
BRH:1
end_of_record
TN:
SF:C:\Users\Orel Balilti\Documents\Projects\Sugoi\server\dist\responses\server-error.js
FN:4,(anonymous_0)
FNF:1
FNH:1
FNDA:2,(anonymous_0)
DA:2,3
DA:3,3
DA:4,3
DA:5,2
LF:4
LH:4
BRDA:4,0,0,2
BRF:1
BRH:1
end_of_record
TN:
SF:C:\Users\Orel Balilti\Documents\Projects\Sugoi\server\dist\responses\unauthorized.js
FN:4,(anonymous_0)
FNF:1
FNH:1
FNDA:2,(anonymous_0)
DA:2,3
DA:3,3
DA:4,3
DA:5,2
LF:4
LH:4
BRDA:4,0,0,2
BRF:1
BRH:1
end_of_record
TN:
SF:C:\Users\Orel Balilti\Documents\Projects\Sugoi\server\dist\services\server-container.service.js
FN:5,(anonymous_0)
FN:8,(anonymous_1)
FN:13,(anonymous_2)
FNF:3
FNH:2
FNDA:7,(anonymous_0)
FNDA:4,(anonymous_1)
FNDA:0,(anonymous_2)
DA:2,3
DA:3,3
DA:6,7
DA:9,4
DA:10,4
DA:11,4
DA:14,0
DA:17,3
DA:18,3
DA:19,3
LF:10
LH:9
BRDA:5,0,0,7
BRF:1
BRH:1
end_of_record
TN:
SF:C:\Users\Orel Balilti\Documents\Projects\Sugoi\server\dist\utils\authorization.utils.js
FN:2,(anonymous_0)
FN:8,(anonymous_1)
FN:11,(anonymous_2)
FN:12,(anonymous_3)
FN:13,fulfilled
FN:14,rejected
FN:15,step
FN:15,(anonymous_7)
FN:25,(anonymous_8)
FN:26,(anonymous_9)
FN:40,(anonymous_10)
FN:50,(anonymous_11)
FN:59,(anonymous_12)
FN:65,(anonymous_13)
FNF:14
FNH:13
FNDA:3,(anonymous_0)
FNDA:9,(anonymous_1)
FNDA:30,(anonymous_2)
FNDA:30,(anonymous_3)
FNDA:30,fulfilled
FNDA:0,rejected
FNDA:60,step
FNDA:30,(anonymous_7)
FNDA:30,(anonymous_8)
FNDA:30,(anonymous_9)
FNDA:30,(anonymous_10)
FNDA:28,(anonymous_11)
FNDA:26,(anonymous_12)
FNDA:6,(anonymous_13)
DA:2,3
DA:3,3
DA:4,3
DA:5,0
DA:6,3
DA:8,3
DA:9,9
DA:11,3
DA:12,30
DA:13,30
DA:14,0
DA:15,60
DA:16,30
DA:19,3
DA:20,3
DA:21,3
DA:22,3
DA:23,3
DA:26,30
DA:27,30
DA:31,30
DA:33,30
DA:34,30
DA:36,30
DA:37,0
DA:38,30
DA:39,30
DA:41,30
DA:42,2
DA:43,28
DA:44,2
DA:45,28
DA:46,28
DA:51,28
DA:52,2
DA:53,26
DA:54,2
DA:55,26
DA:56,26
DA:60,26
DA:61,2
DA:63,24
DA:66,6
DA:67,6
DA:68,6
DA:69,6
DA:72,0
DA:73,0
DA:79,3
DA:85,3
LF:50
LH:45
BRDA:2,0,0,3
BRDA:2,0,1,3
BRDA:2,0,2,3
BRDA:3,1,0,0
BRDA:3,1,1,3
BRDA:3,2,0,3
BRDA:3,2,1,0
BRDA:4,3,0,3
BRDA:4,3,1,0
BRDA:4,4,0,3
BRDA:4,4,1,3
BRDA:5,5,0,0
BRDA:5,5,1,0
BRDA:5,6,0,0
BRDA:5,6,1,0
BRDA:5,7,0,0
BRDA:5,7,1,0
BRDA:5,8,0,0
BRDA:5,8,1,0
BRDA:6,9,0,3
BRDA:6,9,1,3
BRDA:6,9,2,3
BRDA:8,10,0,3
BRDA:8,10,1,3
BRDA:8,10,2,3
BRDA:9,11,0,9
BRDA:9,11,1,0
BRDA:9,12,0,9
BRDA:9,12,1,9
BRDA:11,13,0,3
BRDA:11,13,1,3
BRDA:11,13,2,3
BRDA:12,14,0,30
BRDA:12,14,1,30
BRDA:15,15,0,30
BRDA:15,15,1,30
BRDA:16,16,0,30
BRDA:16,16,1,30
BRDA:31,17,0,30
BRDA:31,17,1,0
BRDA:33,18,0,30
BRDA:33,18,1,0
BRDA:36,19,0,0
BRDA:36,19,1,30
BRDA:36,20,0,30
BRDA:36,20,1,30
BRDA:41,21,0,2
BRDA:41,21,1,28
BRDA:43,22,0,2
BRDA:43,22,1,26
BRDA:43,23,0,28
BRDA:43,23,1,4
BRDA:46,24,0,4
BRDA:46,24,1,24
BRDA:46,25,0,28
BRDA:46,25,1,4
BRDA:51,26,0,2
BRDA:51,26,1,26
BRDA:53,27,0,2
BRDA:53,27,1,24
BRDA:53,28,0,26
BRDA:53,28,1,4
BRDA:56,29,0,4
BRDA:56,29,1,22
BRDA:56,30,0,26
BRDA:56,30,1,4
BRDA:60,31,0,2
BRDA:60,31,1,24
BRDA:66,32,0,6
BRDA:66,32,1,0
BRDA:66,33,0,6
BRDA:66,33,1,6
BRF:72
BRH:56
end_of_record
TN:
SF:C:\Users\Orel Balilti\Documents\Projects\Sugoi\server\dist\utils\default-error-handler.util.js
FN:4,(anonymous_0)
FN:5,(anonymous_1)
FN:19,cloneError
FN:26,sendRes
FNF:4
FNH:4
FNDA:2,(anonymous_0)
FNDA:4,(anonymous_1)
FNDA:4,cloneError
FNDA:4,sendRes
DA:2,3
DA:3,3
DA:4,3
DA:5,2
DA:6,4
DA:7,4
DA:8,4
DA:10,4
DA:11,0
DA:14,4
DA:16,4
DA:20,4
DA:21,4
DA:22,4
DA:23,4
DA:24,4
DA:27,4
LF:17
LH:16
BRDA:4,0,0,0
BRDA:6,1,0,4
BRDA:6,1,1,0
BRDA:10,2,0,0
BRDA:10,2,1,4
BRDA:20,3,0,4
BRDA:20,3,1,4
BRDA:20,3,2,0
BRDA:21,4,0,4
BRDA:21,4,1,0
BRDA:21,5,0,4
BRDA:21,5,1,4
BRF:12
BRH:7
end_of_record
TN:
SF:C:\Users\Orel Balilti\Documents\Projects\Sugoi\server\dist\utils\parameters-validator.util.js
FN:2,(anonymous_0)
FN:8,(anonymous_1)
FN:14,(anonymous_2)
FN:18,(anonymous_3)
FN:26,(anonymous_4)
FN:27,(anonymous_5)
FNF:6
FNH:6
FNDA:3,(anonymous_0)
FNDA:9,(anonymous_1)
FNDA:8,(anonymous_2)
FNDA:32,(anonymous_3)
FNDA:38,(anonymous_4)
FNDA:46,(anonymous_5)
DA:2,3
DA:3,3
DA:4,3
DA:5,0
DA:6,3
DA:8,3
DA:9,9
DA:11,3
DA:12,3
DA:15,8
DA:16,8
DA:17,8
DA:18,8
DA:19,32
DA:20,24
DA:21,8
DA:22,8
DA:24,8
DA:27,46
DA:30,3
DA:36,3
LF:21
LH:20
BRDA:2,0,0,3
BRDA:2,0,1,3
BRDA:2,0,2,3
BRDA:3,1,0,0
BRDA:3,1,1,3
BRDA:3,2,0,3
BRDA:3,2,1,0
BRDA:4,3,0,3
BRDA:4,3,1,0
BRDA:4,4,0,3
BRDA:4,4,1,3
BRDA:5,5,0,0
BRDA:5,5,1,0
BRDA:5,6,0,0
BRDA:5,6,1,0
BRDA:5,7,0,0
BRDA:5,7,1,0
BRDA:5,8,0,0
BRDA:5,8,1,0
BRDA:6,9,0,3
BRDA:6,9,1,3
BRDA:6,9,2,3
BRDA:8,10,0,3
BRDA:8,10,1,3
BRDA:8,10,2,3
BRDA:9,11,0,9
BRDA:9,11,1,0
BRDA:9,12,0,9
BRDA:9,12,1,9
BRDA:19,13,0,24
BRDA:19,13,1,8
BRDA:24,14,0,8
BRDA:24,14,1,0
BRDA:27,15,0,46
BRDA:27,15,1,46
BRDA:27,15,2,46
BRF:36
BRH:23
end_of_record
