TN:
SF:C:\Users\Orel Balilti\Documents\Projects\Sugoi\server\dist\core-utils.js
FNF:0
FNH:0
DA:2,2
DA:3,2
DA:4,2
DA:5,2
DA:6,2
DA:7,2
DA:8,2
DA:9,2
DA:10,2
DA:11,2
DA:12,2
DA:13,2
DA:14,2
DA:15,2
DA:16,2
DA:17,2
DA:18,2
DA:19,2
DA:20,2
DA:21,2
LF:20
LH:20
BRF:0
BRH:0
end_of_record
TN:
SF:C:\Users\Orel Balilti\Documents\Projects\Sugoi\server\dist\index.js
FN:2,__export
FNF:1
FNH:1
FNDA:6,__export
DA:3,148
DA:5,2
DA:6,2
DA:7,2
DA:8,2
DA:9,2
DA:10,2
DA:11,2
DA:12,2
DA:13,2
DA:14,2
DA:15,2
DA:16,2
DA:17,2
DA:18,2
DA:19,2
DA:20,2
DA:21,2
DA:22,2
DA:23,2
DA:24,2
DA:25,2
DA:26,2
DA:27,2
DA:28,2
DA:29,2
DA:30,2
LF:27
LH:27
BRDA:3,0,0,146
BRDA:3,0,1,2
BRF:2
BRH:2
end_of_record
TN:
SF:C:\Users\Orel Balilti\Documents\Projects\Sugoi\server\dist\__tests__\app\app.js
FN:2,(anonymous_0)
FN:25,(anonymous_1)
FNF:2
FNH:2
FNDA:2,(anonymous_0)
FNDA:26,(anonymous_1)
DA:2,2
DA:3,2
DA:4,2
DA:5,0
DA:6,2
DA:8,2
DA:9,2
DA:10,2
DA:11,2
DA:12,2
DA:13,2
DA:14,2
DA:16,2
DA:25,26
DA:37,2
LF:15
LH:14
BRDA:2,0,0,2
BRDA:2,0,1,2
BRDA:2,0,2,2
BRDA:3,1,0,2
BRDA:3,1,1,0
BRDA:3,2,0,0
BRDA:3,2,1,0
BRDA:4,3,0,2
BRDA:4,3,1,0
BRDA:4,4,0,2
BRDA:4,4,1,2
BRDA:5,5,0,0
BRDA:5,5,1,0
BRDA:5,6,0,0
BRDA:5,6,1,0
BRDA:5,7,0,0
BRDA:5,7,1,0
BRDA:5,8,0,0
BRDA:5,8,1,0
BRDA:6,9,0,2
BRDA:6,9,1,0
BRDA:6,9,2,0
BRF:22
BRH:8
end_of_record
TN:
SF:C:\Users\Orel Balilti\Documents\Projects\Sugoi\server\dist\__tests__\app\controllers\index.controller.js
FN:2,(anonymous_0)
FN:8,(anonymous_1)
FN:11,(anonymous_2)
FN:12,(anonymous_3)
FN:14,(anonymous_4)
FN:15,(anonymous_5)
FN:16,fulfilled
FN:17,rejected
FN:18,step
FN:18,(anonymous_9)
FN:30,(anonymous_10)
FN:33,(anonymous_11)
FN:34,(anonymous_12)
FN:36,(anonymous_13)
FN:44,(anonymous_14)
FN:46,(anonymous_15)
FN:49,(anonymous_16)
FN:51,(anonymous_17)
FN:54,(anonymous_18)
FN:57,(anonymous_19)
FN:60,(anonymous_20)
FNF:21
FNH:18
FNDA:26,(anonymous_0)
FNDA:60,(anonymous_1)
FNDA:12,(anonymous_2)
FNDA:12,(anonymous_3)
FNDA:4,(anonymous_4)
FNDA:4,(anonymous_5)
FNDA:2,fulfilled
FNDA:2,rejected
FNDA:6,step
FNDA:4,(anonymous_9)
FNDA:2,(anonymous_10)
FNDA:4,(anonymous_11)
FNDA:4,(anonymous_12)
FNDA:4,(anonymous_13)
FNDA:0,(anonymous_14)
FNDA:2,(anonymous_15)
FNDA:0,(anonymous_16)
FNDA:2,(anonymous_17)
FNDA:2,(anonymous_18)
FNDA:4,(anonymous_19)
FNDA:0,(anonymous_20)
DA:2,2
DA:3,26
DA:4,26
DA:5,0
DA:6,26
DA:8,2
DA:9,60
DA:11,2
DA:12,12
DA:14,2
DA:15,4
DA:16,2
DA:17,2
DA:18,6
DA:19,4
DA:22,2
DA:24,2
DA:25,2
DA:26,2
DA:27,2
DA:28,2
DA:29,2
DA:31,2
DA:34,4
DA:35,4
DA:37,4
DA:38,2
DA:40,2
DA:47,2
DA:52,2
DA:55,2
DA:58,4
DA:61,0
DA:62,0
DA:63,0
DA:66,2
DA:67,2
DA:71,2
DA:75,2
DA:79,2
DA:89,2
DA:97,2
DA:104,2
DA:111,2
DA:118,2
DA:126,2
DA:133,2
DA:140,2
DA:147,2
DA:151,2
LF:50
LH:46
BRDA:2,0,0,2
BRDA:2,0,1,2
BRDA:2,0,2,2
BRDA:3,1,0,2
BRDA:3,1,1,24
BRDA:3,2,0,18
BRDA:3,2,1,6
BRDA:4,3,0,26
BRDA:4,3,1,0
BRDA:4,4,0,26
BRDA:4,4,1,26
BRDA:5,5,0,0
BRDA:5,5,1,0
BRDA:5,6,0,0
BRDA:5,6,1,0
BRDA:5,7,0,0
BRDA:5,7,1,0
BRDA:5,8,0,0
BRDA:5,8,1,0
BRDA:6,9,0,26
BRDA:6,9,1,24
BRDA:6,9,2,18
BRDA:8,10,0,2
BRDA:8,10,1,2
BRDA:8,10,2,2
BRDA:9,11,0,60
BRDA:9,11,1,0
BRDA:9,12,0,60
BRDA:9,12,1,60
BRDA:11,13,0,2
BRDA:11,13,1,2
BRDA:11,13,2,2
BRDA:14,14,0,2
BRDA:14,14,1,2
BRDA:14,14,2,2
BRDA:15,15,0,4
BRDA:15,15,1,4
BRDA:18,16,0,2
BRDA:18,16,1,4
BRDA:19,17,0,4
BRDA:19,17,1,4
BRDA:37,18,0,2
BRDA:37,18,1,2
BRDA:63,19,0,0
BRDA:63,19,1,0
BRF:45
BRH:33
end_of_record
TN:
SF:C:\Users\Orel Balilti\Documents\Projects\Sugoi\server\dist\__tests__\app\services\auth.service.js
FN:5,(anonymous_0)
FN:8,(anonymous_1)
FN:11,(anonymous_2)
FN:14,(anonymous_3)
FN:19,(anonymous_4)
FN:20,(anonymous_5)
FN:21,(anonymous_6)
FN:24,(anonymous_7)
FN:25,(anonymous_8)
FN:26,(anonymous_9)
FNF:10
FNH:9
FNDA:30,(anonymous_0)
FNDA:4,(anonymous_1)
FNDA:0,(anonymous_2)
FNDA:74,(anonymous_3)
FNDA:4,(anonymous_4)
FNDA:4,(anonymous_5)
FNDA:6,(anonymous_6)
FNDA:4,(anonymous_7)
FNDA:4,(anonymous_8)
FNDA:6,(anonymous_9)
DA:2,2
DA:3,2
DA:6,30
DA:9,4
DA:12,0
DA:15,74
DA:16,74
DA:17,74
DA:20,4
DA:21,6
DA:25,4
DA:26,6
DA:30,2
LF:13
LH:12
BRDA:15,0,0,74
BRDA:15,0,1,0
BRF:2
BRH:1
end_of_record
TN:
SF:C:\Users\Orel Balilti\Documents\Projects\Sugoi\server\dist\__tests__\app\services\test.service.js
FN:2,(anonymous_0)
FN:8,(anonymous_1)
FN:14,(anonymous_2)
FN:16,(anonymous_3)
FN:20,(anonymous_4)
FNF:5
FNH:4
FNDA:2,(anonymous_0)
FNDA:2,(anonymous_1)
FNDA:30,(anonymous_2)
FNDA:28,(anonymous_3)
FNDA:0,(anonymous_4)
DA:2,2
DA:3,2
DA:4,2
DA:5,0
DA:6,2
DA:8,2
DA:9,2
DA:11,2
DA:12,2
DA:13,2
DA:17,28
DA:18,28
DA:21,0
DA:24,2
DA:28,2
LF:15
LH:13
BRDA:2,0,0,2
BRDA:2,0,1,2
BRDA:2,0,2,2
BRDA:3,1,0,2
BRDA:3,1,1,0
BRDA:3,2,0,0
BRDA:3,2,1,0
BRDA:4,3,0,2
BRDA:4,3,1,0
BRDA:4,4,0,2
BRDA:4,4,1,2
BRDA:5,5,0,0
BRDA:5,5,1,0
BRDA:5,6,0,0
BRDA:5,6,1,0
BRDA:5,7,0,0
BRDA:5,7,1,0
BRDA:5,8,0,0
BRDA:5,8,1,0
BRDA:6,9,0,2
BRDA:6,9,1,0
BRDA:6,9,2,0
BRDA:8,10,0,2
BRDA:8,10,1,2
BRDA:8,10,2,2
BRDA:9,11,0,2
BRDA:9,11,1,0
BRDA:9,12,0,2
BRDA:9,12,1,2
BRF:29
BRH:14
end_of_record
TN:
SF:C:\Users\Orel Balilti\Documents\Projects\Sugoi\server\dist\__tests__\app\submodule\sub1\sub1.controller.js
FN:2,(anonymous_0)
FN:8,(anonymous_1)
FN:11,(anonymous_2)
FN:12,(anonymous_3)
FN:13,fulfilled
FN:14,rejected
FN:15,step
FN:15,(anonymous_7)
FN:25,(anonymous_8)
FN:27,(anonymous_9)
FN:28,(anonymous_10)
FNF:11
FNH:8
FNDA:6,(anonymous_0)
FNDA:10,(anonymous_1)
FNDA:2,(anonymous_2)
FNDA:2,(anonymous_3)
FNDA:0,fulfilled
FNDA:0,rejected
FNDA:2,step
FNDA:0,(anonymous_7)
FNDA:6,(anonymous_8)
FNDA:2,(anonymous_9)
FNDA:2,(anonymous_10)
DA:2,2
DA:3,6
DA:4,6
DA:5,0
DA:6,6
DA:8,2
DA:9,10
DA:11,2
DA:12,2
DA:13,0
DA:14,0
DA:15,2
DA:16,2
DA:19,2
DA:20,2
DA:21,2
DA:22,2
DA:23,2
DA:24,2
DA:28,2
DA:29,2
DA:38,2
DA:42,2
DA:48,2
DA:52,2
LF:25
LH:22
BRDA:2,0,0,2
BRDA:2,0,1,2
BRDA:2,0,2,2
BRDA:3,1,0,2
BRDA:3,1,1,4
BRDA:3,2,0,2
BRDA:3,2,1,2
BRDA:4,3,0,6
BRDA:4,3,1,0
BRDA:4,4,0,6
BRDA:4,4,1,6
BRDA:5,5,0,0
BRDA:5,5,1,0
BRDA:5,6,0,0
BRDA:5,6,1,0
BRDA:5,7,0,0
BRDA:5,7,1,0
BRDA:5,8,0,0
BRDA:5,8,1,0
BRDA:6,9,0,6
BRDA:6,9,1,4
BRDA:6,9,2,2
BRDA:8,10,0,2
BRDA:8,10,1,2
BRDA:8,10,2,2
BRDA:9,11,0,10
BRDA:9,11,1,0
BRDA:9,12,0,10
BRDA:9,12,1,10
BRDA:11,13,0,2
BRDA:11,13,1,2
BRDA:11,13,2,2
BRDA:12,14,0,2
BRDA:12,14,1,2
BRDA:15,15,0,2
BRDA:15,15,1,0
BRDA:16,16,0,2
BRDA:16,16,1,2
BRF:38
BRH:27
end_of_record
TN:
SF:C:\Users\Orel Balilti\Documents\Projects\Sugoi\server\dist\__tests__\app\submodule\sub1\sub1.module.js
FN:2,(anonymous_0)
FN:8,(anonymous_1)
FN:17,(anonymous_2)
FN:20,(anonymous_3)
FN:21,(anonymous_4)
FN:22,(anonymous_5)
FNF:6
FNH:6
FNDA:2,(anonymous_0)
FNDA:2,(anonymous_1)
FNDA:4,(anonymous_2)
FNDA:2,(anonymous_3)
FNDA:2,(anonymous_4)
FNDA:2,(anonymous_5)
DA:2,2
DA:3,2
DA:4,2
DA:5,0
DA:6,2
DA:8,2
DA:9,2
DA:11,2
DA:12,2
DA:13,2
DA:14,2
DA:15,2
DA:16,2
DA:18,4
DA:21,2
DA:22,2
DA:23,2
DA:24,2
DA:29,2
DA:37,2
LF:20
LH:19
BRDA:2,0,0,2
BRDA:2,0,1,2
BRDA:2,0,2,2
BRDA:3,1,0,2
BRDA:3,1,1,0
BRDA:3,2,0,0
BRDA:3,2,1,0
BRDA:4,3,0,2
BRDA:4,3,1,0
BRDA:4,4,0,2
BRDA:4,4,1,2
BRDA:5,5,0,0
BRDA:5,5,1,0
BRDA:5,6,0,0
BRDA:5,6,1,0
BRDA:5,7,0,0
BRDA:5,7,1,0
BRDA:5,8,0,0
BRDA:5,8,1,0
BRDA:6,9,0,2
BRDA:6,9,1,0
BRDA:6,9,2,0
BRDA:8,10,0,2
BRDA:8,10,1,2
BRDA:8,10,2,2
BRDA:9,11,0,2
BRDA:9,11,1,0
BRDA:9,12,0,2
BRDA:9,12,1,2
BRF:29
BRH:14
end_of_record
TN:
SF:C:\Users\Orel Balilti\Documents\Projects\Sugoi\server\dist\__tests__\app\submodule\sub1\sub1.service.js
FN:2,(anonymous_0)
FN:11,(anonymous_1)
FN:16,(anonymous_2)
FN:20,(anonymous_3)
FNF:4
FNH:3
FNDA:2,(anonymous_0)
FNDA:2,(anonymous_1)
FNDA:2,(anonymous_2)
FNDA:0,(anonymous_3)
DA:2,2
DA:3,2
DA:4,2
DA:5,0
DA:6,2
DA:8,2
DA:9,2
DA:10,2
DA:12,2
DA:13,2
DA:14,2
DA:17,2
DA:18,2
DA:21,0
DA:22,0
DA:25,2
DA:28,2
LF:17
LH:14
BRDA:2,0,0,2
BRDA:2,0,1,2
BRDA:2,0,2,2
BRDA:3,1,0,2
BRDA:3,1,1,0
BRDA:3,2,0,0
BRDA:3,2,1,0
BRDA:4,3,0,2
BRDA:4,3,1,0
BRDA:4,4,0,2
BRDA:4,4,1,2
BRDA:5,5,0,0
BRDA:5,5,1,0
BRDA:5,6,0,0
BRDA:5,6,1,0
BRDA:5,7,0,0
BRDA:5,7,1,0
BRDA:5,8,0,0
BRDA:5,8,1,0
BRDA:6,9,0,2
BRDA:6,9,1,0
BRDA:6,9,2,0
BRDA:16,10,0,2
BRDA:17,11,0,0
BRDA:17,11,1,2
BRDA:20,12,0,0
BRDA:21,13,0,0
BRDA:21,13,1,0
BRF:28
BRH:10
end_of_record
TN:
SF:C:\Users\Orel Balilti\Documents\Projects\Sugoi\server\dist\__tests__\app\submodule\sub1\sub2\sub2.controller.js
FN:2,(anonymous_0)
FN:8,(anonymous_1)
FN:15,(anonymous_2)
FN:18,(anonymous_3)
FNF:4
FNH:2
FNDA:8,(anonymous_0)
FNDA:14,(anonymous_1)
FNDA:0,(anonymous_2)
FNDA:0,(anonymous_3)
DA:2,2
DA:3,8
DA:4,8
DA:5,0
DA:6,8
DA:8,2
DA:9,14
DA:11,2
DA:12,2
DA:13,2
DA:14,2
DA:16,0
DA:19,0
DA:22,2
DA:26,2
DA:32,2
DA:38,2
DA:41,2
LF:18
LH:15
BRDA:2,0,0,2
BRDA:2,0,1,2
BRDA:2,0,2,2
BRDA:3,1,0,2
BRDA:3,1,1,6
BRDA:3,2,0,4
BRDA:3,2,1,2
BRDA:4,3,0,8
BRDA:4,3,1,0
BRDA:4,4,0,8
BRDA:4,4,1,8
BRDA:5,5,0,0
BRDA:5,5,1,0
BRDA:5,6,0,0
BRDA:5,6,1,0
BRDA:5,7,0,0
BRDA:5,7,1,0
BRDA:5,8,0,0
BRDA:5,8,1,0
BRDA:6,9,0,8
BRDA:6,9,1,6
BRDA:6,9,2,4
BRDA:8,10,0,2
BRDA:8,10,1,2
BRDA:8,10,2,2
BRDA:9,11,0,14
BRDA:9,11,1,0
BRDA:9,12,0,14
BRDA:9,12,1,14
BRF:29
BRH:19
end_of_record
TN:
SF:C:\Users\Orel Balilti\Documents\Projects\Sugoi\server\dist\__tests__\app\submodule\sub1\sub2\sub2.module.js
FN:2,(anonymous_0)
FN:8,(anonymous_1)
FN:17,(anonymous_2)
FN:19,(anonymous_3)
FN:20,(anonymous_4)
FN:21,(anonymous_5)
FN:27,(anonymous_6)
FNF:7
FNH:5
FNDA:4,(anonymous_0)
FNDA:4,(anonymous_1)
FNDA:4,(anonymous_2)
FNDA:2,(anonymous_3)
FNDA:2,(anonymous_4)
FNDA:0,(anonymous_5)
FNDA:0,(anonymous_6)
DA:2,2
DA:3,4
DA:4,4
DA:5,0
DA:6,4
DA:8,2
DA:9,4
DA:11,2
DA:12,2
DA:13,2
DA:14,2
DA:15,2
DA:16,2
DA:20,2
DA:21,2
DA:22,0
DA:23,0
DA:28,0
DA:31,2
DA:35,2
DA:42,2
LF:21
LH:17
BRDA:2,0,0,2
BRDA:2,0,1,2
BRDA:2,0,2,2
BRDA:3,1,0,2
BRDA:3,1,1,2
BRDA:3,2,0,0
BRDA:3,2,1,2
BRDA:4,3,0,4
BRDA:4,3,1,0
BRDA:4,4,0,4
BRDA:4,4,1,4
BRDA:5,5,0,0
BRDA:5,5,1,0
BRDA:5,6,0,0
BRDA:5,6,1,0
BRDA:5,7,0,0
BRDA:5,7,1,0
BRDA:5,8,0,0
BRDA:5,8,1,0
BRDA:6,9,0,4
BRDA:6,9,1,2
BRDA:6,9,2,0
BRDA:8,10,0,2
BRDA:8,10,1,2
BRDA:8,10,2,2
BRDA:9,11,0,4
BRDA:9,11,1,0
BRDA:9,12,0,4
BRDA:9,12,1,4
BRF:29
BRH:17
end_of_record
TN:
SF:C:\Users\Orel Balilti\Documents\Projects\Sugoi\server\dist\__tests__\app\submodule\sub3\sub3.controller.js
FN:2,(anonymous_0)
FN:8,(anonymous_1)
FN:11,(anonymous_2)
FN:12,(anonymous_3)
FN:13,fulfilled
FN:14,rejected
FN:15,step
FN:15,(anonymous_7)
FN:23,(anonymous_8)
FN:26,(anonymous_9)
FN:27,(anonymous_10)
FN:35,(anonymous_11)
FN:36,(anonymous_12)
FN:40,(anonymous_13)
FN:41,(anonymous_14)
FN:45,(anonymous_15)
FN:46,(anonymous_16)
FN:50,(anonymous_17)
FN:51,(anonymous_18)
FN:55,(anonymous_19)
FN:56,(anonymous_20)
FN:60,(anonymous_21)
FN:61,(anonymous_22)
FNF:23
FNH:17
FNDA:20,(anonymous_0)
FNDA:50,(anonymous_1)
FNDA:12,(anonymous_2)
FNDA:12,(anonymous_3)
FNDA:0,fulfilled
FNDA:0,rejected
FNDA:12,step
FNDA:0,(anonymous_7)
FNDA:0,(anonymous_8)
FNDA:0,(anonymous_9)
FNDA:0,(anonymous_10)
FNDA:2,(anonymous_11)
FNDA:2,(anonymous_12)
FNDA:2,(anonymous_13)
FNDA:2,(anonymous_14)
FNDA:2,(anonymous_15)
FNDA:2,(anonymous_16)
FNDA:2,(anonymous_17)
FNDA:2,(anonymous_18)
FNDA:2,(anonymous_19)
FNDA:2,(anonymous_20)
FNDA:2,(anonymous_21)
FNDA:2,(anonymous_22)
DA:2,2
DA:3,20
DA:4,20
DA:5,0
DA:6,20
DA:8,2
DA:9,50
DA:11,2
DA:12,12
DA:13,0
DA:14,0
DA:15,12
DA:16,12
DA:19,2
DA:20,2
DA:21,2
DA:22,2
DA:24,0
DA:27,0
DA:28,0
DA:36,2
DA:37,2
DA:41,2
DA:42,2
DA:46,2
DA:47,2
DA:51,2
DA:52,2
DA:56,2
DA:57,2
DA:61,2
DA:62,2
DA:66,2
DA:70,2
DA:76,2
DA:82,2
DA:88,2
DA:94,2
DA:100,2
DA:106,2
DA:112,2
DA:118,2
DA:121,2
LF:43
LH:37
BRDA:2,0,0,2
BRDA:2,0,1,2
BRDA:2,0,2,2
BRDA:3,1,0,2
BRDA:3,1,1,18
BRDA:3,2,0,16
BRDA:3,2,1,2
BRDA:4,3,0,20
BRDA:4,3,1,0
BRDA:4,4,0,20
BRDA:4,4,1,20
BRDA:5,5,0,0
BRDA:5,5,1,0
BRDA:5,6,0,0
BRDA:5,6,1,0
BRDA:5,7,0,0
BRDA:5,7,1,0
BRDA:5,8,0,0
BRDA:5,8,1,0
BRDA:6,9,0,20
BRDA:6,9,1,18
BRDA:6,9,2,16
BRDA:8,10,0,2
BRDA:8,10,1,2
BRDA:8,10,2,2
BRDA:9,11,0,50
BRDA:9,11,1,0
BRDA:9,12,0,50
BRDA:9,12,1,50
BRDA:11,13,0,2
BRDA:11,13,1,2
BRDA:11,13,2,2
BRDA:12,14,0,12
BRDA:12,14,1,12
BRDA:15,15,0,12
BRDA:15,15,1,0
BRDA:16,16,0,12
BRDA:16,16,1,12
BRF:38
BRH:27
end_of_record
TN:
SF:C:\Users\Orel Balilti\Documents\Projects\Sugoi\server\dist\__tests__\app\submodule\sub3\sub3.module.js
FN:2,(anonymous_0)
FN:8,(anonymous_1)
FN:16,(anonymous_2)
FN:18,(anonymous_3)
FNF:4
FNH:2
FNDA:4,(anonymous_0)
FNDA:4,(anonymous_1)
FNDA:0,(anonymous_2)
FNDA:0,(anonymous_3)
DA:2,2
DA:3,4
DA:4,4
DA:5,0
DA:6,4
DA:8,2
DA:9,4
DA:11,2
DA:12,2
DA:13,2
DA:14,2
DA:15,2
DA:19,0
DA:22,2
DA:26,2
DA:32,2
LF:16
LH:14
BRDA:2,0,0,2
BRDA:2,0,1,2
BRDA:2,0,2,2
BRDA:3,1,0,2
BRDA:3,1,1,2
BRDA:3,2,0,0
BRDA:3,2,1,2
BRDA:4,3,0,4
BRDA:4,3,1,0
BRDA:4,4,0,4
BRDA:4,4,1,4
BRDA:5,5,0,0
BRDA:5,5,1,0
BRDA:5,6,0,0
BRDA:5,6,1,0
BRDA:5,7,0,0
BRDA:5,7,1,0
BRDA:5,8,0,0
BRDA:5,8,1,0
BRDA:6,9,0,4
BRDA:6,9,1,2
BRDA:6,9,2,0
BRDA:8,10,0,2
BRDA:8,10,1,2
BRDA:8,10,2,2
BRDA:9,11,0,4
BRDA:9,11,1,0
BRDA:9,12,0,4
BRDA:9,12,1,4
BRF:29
BRH:17
end_of_record
TN:
SF:C:\Users\Orel Balilti\Documents\Projects\Sugoi\server\dist\classes\auth-provider.class.js
FN:2,(anonymous_0)
FN:11,(anonymous_1)
FN:16,(anonymous_2)
FN:19,(anonymous_3)
FN:22,(anonymous_4)
FNF:5
FNH:5
FNDA:2,(anonymous_0)
FNDA:37,(anonymous_1)
FNDA:74,(anonymous_2)
FNDA:74,(anonymous_3)
FNDA:37,(anonymous_4)
DA:2,2
DA:3,2
DA:4,2
DA:5,0
DA:6,2
DA:8,2
DA:9,2
DA:10,2
DA:12,37
DA:13,37
DA:14,37
DA:17,74
DA:20,74
DA:23,37
DA:26,2
DA:27,2
DA:30,2
LF:17
LH:16
BRDA:2,0,0,2
BRDA:2,0,1,2
BRDA:2,0,2,2
BRDA:3,1,0,2
BRDA:3,1,1,0
BRDA:3,2,0,0
BRDA:3,2,1,0
BRDA:4,3,0,2
BRDA:4,3,1,0
BRDA:4,4,0,2
BRDA:4,4,1,2
BRDA:5,5,0,0
BRDA:5,5,1,0
BRDA:5,6,0,0
BRDA:5,6,1,0
BRDA:5,7,0,0
BRDA:5,7,1,0
BRDA:5,8,0,0
BRDA:5,8,1,0
BRDA:6,9,0,2
BRDA:6,9,1,0
BRDA:6,9,2,0
BRF:22
BRH:8
end_of_record
TN:
SF:C:\Users\Orel Balilti\Documents\Projects\Sugoi\server\dist\classes\generic-error.class.js
FN:5,(anonymous_0)
FNF:1
FNH:1
FNDA:4,(anonymous_0)
DA:2,2
DA:3,2
DA:6,4
DA:9,2
LF:4
LH:4
BRF:0
BRH:0
end_of_record
TN:
SF:C:\Users\Orel Balilti\Documents\Projects\Sugoi\server\dist\classes\http-response.class.js
FN:5,(anonymous_0)
FN:10,(anonymous_1)
FN:14,(anonymous_2)
FN:28,(anonymous_3)
FN:32,(anonymous_4)
FN:36,(anonymous_5)
FN:40,(anonymous_6)
FN:51,(anonymous_7)
FNF:8
FNH:8
FNDA:14,(anonymous_0)
FNDA:2,(anonymous_1)
FNDA:14,(anonymous_2)
FNDA:2,(anonymous_3)
FNDA:16,(anonymous_4)
FNDA:2,(anonymous_5)
FNDA:2,(anonymous_6)
FNDA:14,(anonymous_7)
DA:2,2
DA:3,2
DA:6,14
DA:7,14
DA:8,14
DA:11,2
DA:12,2
DA:15,14
DA:16,14
DA:18,12
DA:19,12
DA:21,2
DA:22,2
DA:24,0
DA:26,14
DA:29,2
DA:30,2
DA:33,16
DA:34,16
DA:37,2
DA:38,2
DA:41,2
DA:42,2
DA:52,14
DA:55,2
LF:25
LH:24
BRDA:5,0,0,2
BRDA:5,1,0,0
BRDA:15,2,0,12
BRDA:15,2,1,2
BRDA:16,3,0,12
BRDA:16,3,1,2
BRDA:16,3,2,0
BRDA:51,4,0,2
BRF:8
BRH:6
end_of_record
TN:
SF:C:\Users\Orel Balilti\Documents\Projects\Sugoi\server\dist\classes\http-server.class.js
FN:2,(anonymous_0)
FN:3,(anonymous_1)
FN:4,fulfilled
FN:5,rejected
FN:6,step
FN:6,(anonymous_5)
FN:22,(anonymous_6)
FN:25,(anonymous_7)
FN:26,(anonymous_8)
FN:31,(anonymous_9)
FN:41,(anonymous_10)
FN:41,(anonymous_11)
FN:63,(anonymous_12)
FN:66,(anonymous_13)
FN:74,(anonymous_14)
FN:93,(anonymous_15)
FN:113,(anonymous_16)
FN:131,(anonymous_17)
FN:143,(anonymous_18)
FN:154,(anonymous_19)
FN:155,(anonymous_20)
FN:167,(anonymous_21)
FN:178,(anonymous_22)
FN:182,(anonymous_23)
FN:183,(anonymous_24)
FN:184,(anonymous_25)
FN:185,(anonymous_26)
FN:187,(anonymous_27)
FN:188,(anonymous_28)
FN:194,(anonymous_29)
FN:197,(anonymous_30)
FN:197,(anonymous_31)
FN:214,(anonymous_32)
FN:219,(anonymous_33)
FN:220,(anonymous_34)
FN:230,(anonymous_35)
FN:238,(anonymous_36)
FN:245,(anonymous_37)
FN:249,(anonymous_38)
FN:264,(anonymous_39)
FN:265,(anonymous_40)
FN:273,(anonymous_41)
FN:273,(anonymous_42)
FN:274,(anonymous_43)
FN:274,(anonymous_44)
FN:279,(anonymous_45)
FN:279,(anonymous_46)
FN:283,(anonymous_47)
FN:286,(anonymous_48)
FN:289,(anonymous_49)
FN:292,(anonymous_50)
FN:295,(anonymous_51)
FN:298,(anonymous_52)
FN:308,(anonymous_53)
FN:348,(anonymous_54)
FNF:55
FNH:48
FNDA:22,(anonymous_0)
FNDA:22,(anonymous_1)
FNDA:14,fulfilled
FNDA:0,rejected
FNDA:36,step
FNDA:14,(anonymous_5)
FNDA:3,(anonymous_6)
FNDA:2,(anonymous_7)
FNDA:37,(anonymous_8)
FNDA:4,(anonymous_9)
FNDA:0,(anonymous_10)
FNDA:0,(anonymous_11)
FNDA:39,(anonymous_12)
FNDA:2,(anonymous_13)
FNDA:0,(anonymous_14)
FNDA:2,(anonymous_15)
FNDA:1,(anonymous_16)
FNDA:2,(anonymous_17)
FNDA:2,(anonymous_18)
FNDA:2,(anonymous_19)
FNDA:2,(anonymous_20)
FNDA:2,(anonymous_21)
FNDA:2,(anonymous_22)
FNDA:2,(anonymous_23)
FNDA:2,(anonymous_24)
FNDA:2,(anonymous_25)
FNDA:2,(anonymous_26)
FNDA:2,(anonymous_27)
FNDA:2,(anonymous_28)
FNDA:0,(anonymous_29)
FNDA:2,(anonymous_30)
FNDA:0,(anonymous_31)
FNDA:4,(anonymous_32)
FNDA:2,(anonymous_33)
FNDA:2,(anonymous_34)
FNDA:2,(anonymous_35)
FNDA:3,(anonymous_36)
FNDA:7,(anonymous_37)
FNDA:7,(anonymous_38)
FNDA:7,(anonymous_39)
FNDA:7,(anonymous_40)
FNDA:2,(anonymous_41)
FNDA:2,(anonymous_42)
FNDA:2,(anonymous_43)
FNDA:2,(anonymous_44)
FNDA:2,(anonymous_45)
FNDA:2,(anonymous_46)
FNDA:0,(anonymous_47)
FNDA:1,(anonymous_48)
FNDA:2,(anonymous_49)
FNDA:2,(anonymous_50)
FNDA:2,(anonymous_51)
FNDA:14,(anonymous_52)
FNDA:17,(anonymous_53)
FNDA:88,(anonymous_54)
DA:2,2
DA:3,22
DA:4,14
DA:5,0
DA:6,36
DA:7,22
DA:10,2
DA:11,2
DA:12,2
DA:13,2
DA:14,2
DA:15,2
DA:16,2
DA:17,2
DA:18,2
DA:19,2
DA:20,2
DA:23,3
DA:24,3
DA:26,2
DA:27,37
DA:28,37
DA:29,37
DA:30,37
DA:31,37
DA:32,4
DA:35,37
DA:39,3
DA:40,3
DA:41,3
DA:42,0
DA:44,3
DA:45,3
DA:46,3
DA:47,3
DA:48,2
DA:51,1
DA:53,3
DA:54,3
DA:55,3
DA:56,3
DA:57,2
DA:60,1
DA:64,39
DA:67,2
DA:75,0
DA:94,2
DA:95,2
DA:96,0
DA:99,2
DA:100,2
DA:101,2
DA:114,1
DA:115,1
DA:116,0
DA:119,1
DA:120,1
DA:121,1
DA:132,2
DA:133,2
DA:144,2
DA:145,2
DA:155,2
DA:158,2
DA:159,2
DA:168,2
DA:169,2
DA:179,2
DA:180,2
DA:181,2
DA:183,2
DA:184,2
DA:185,2
DA:188,2
DA:191,2
DA:192,2
DA:195,0
DA:199,2
DA:200,2
DA:201,2
DA:202,2
DA:204,2
DA:205,2
DA:206,0
DA:208,2
DA:211,2
DA:212,2
DA:215,4
DA:220,2
DA:221,2
DA:222,2
DA:223,2
DA:224,2
DA:227,0
DA:229,2
DA:230,2
DA:231,2
DA:232,2
DA:234,2
DA:239,3
DA:249,7
DA:250,7
DA:251,7
DA:252,7
DA:253,7
DA:254,7
DA:255,7
DA:256,7
DA:257,7
DA:260,0
DA:265,7
DA:266,7
DA:267,7
DA:268,7
DA:272,7
DA:273,4
DA:274,2
DA:276,4
DA:279,3
DA:284,0
DA:287,1
DA:290,2
DA:293,2
DA:296,2
DA:299,14
DA:300,17
DA:301,17
DA:304,0
DA:309,17
DA:310,17
DA:311,6
DA:312,0
DA:314,6
DA:315,6
DA:316,6
DA:317,6
DA:318,6
DA:319,4
DA:322,2
DA:327,11
DA:329,17
DA:330,0
DA:331,17
DA:332,17
DA:334,2
DA:335,2
DA:336,2
DA:338,13
DA:339,13
DA:342,2
DA:343,2
DA:345,17
DA:346,15
DA:347,15
DA:349,88
DA:352,15
DA:353,15
DA:357,2
DA:358,2
DA:359,2
DA:360,2
LF:161
LH:148
BRDA:2,0,0,2
BRDA:2,0,1,2
BRDA:2,0,2,2
BRDA:3,1,0,22
BRDA:3,1,1,22
BRDA:6,2,0,22
BRDA:6,2,1,14
BRDA:7,3,0,22
BRDA:7,3,1,22
BRDA:28,4,0,37
BRDA:28,4,1,0
BRDA:47,5,0,2
BRDA:47,5,1,1
BRDA:56,6,0,2
BRDA:56,6,1,1
BRDA:93,7,0,0
BRDA:93,8,0,0
BRDA:93,9,0,1
BRDA:94,10,0,2
BRDA:94,10,1,1
BRDA:95,11,0,0
BRDA:95,11,1,2
BRDA:113,12,0,0
BRDA:115,13,0,0
BRDA:115,13,1,1
BRDA:131,14,0,2
BRDA:133,15,0,2
BRDA:133,15,1,0
BRDA:133,16,0,2
BRDA:133,16,1,2
BRDA:155,17,0,0
BRDA:155,17,1,2
BRDA:178,18,0,2
BRDA:197,19,0,2
BRDA:200,20,0,2
BRDA:200,20,1,0
BRDA:205,21,0,0
BRDA:205,21,1,2
BRDA:208,22,0,0
BRDA:208,22,1,2
BRDA:215,23,0,4
BRDA:215,23,1,0
BRDA:221,24,0,2
BRDA:221,24,1,0
BRDA:231,25,0,2
BRDA:231,25,1,0
BRDA:245,26,0,3
BRDA:250,27,0,7
BRDA:250,27,1,1
BRDA:252,28,0,7
BRDA:252,28,1,1
BRDA:253,29,0,7
BRDA:253,29,1,7
BRDA:254,30,0,4
BRDA:254,30,1,3
BRDA:256,31,0,7
BRDA:256,31,1,0
BRDA:268,32,0,4
BRDA:268,32,1,3
BRDA:272,33,0,4
BRDA:272,33,1,3
BRDA:310,34,0,6
BRDA:310,34,1,11
BRDA:311,35,0,0
BRDA:311,35,1,6
BRDA:317,36,0,6
BRDA:317,36,1,0
BRDA:318,37,0,4
BRDA:318,37,1,2
BRDA:319,38,0,2
BRDA:319,38,1,2
BRDA:329,39,0,0
BRDA:329,39,1,17
BRDA:332,40,0,2
BRDA:332,40,1,13
BRDA:332,40,2,2
BRDA:332,40,3,2
BRDA:345,41,0,15
BRDA:345,41,1,2
BRF:79
BRH:61
end_of_record
TN:
SF:C:\Users\Orel Balilti\Documents\Projects\Sugoi\server\dist\classes\route-info.class.js
FN:4,(anonymous_0)
FN:7,(anonymous_1)
FN:10,(anonymous_2)
FN:12,(anonymous_3)
FN:13,(anonymous_4)
FN:19,(anonymous_5)
FNF:6
FNH:4
FNDA:2,(anonymous_0)
FNDA:0,(anonymous_1)
FNDA:2,(anonymous_2)
FNDA:8,(anonymous_3)
FNDA:40,(anonymous_4)
FNDA:0,(anonymous_5)
DA:2,2
DA:5,2
DA:8,0
DA:11,2
DA:12,2
DA:13,8
DA:14,40
DA:17,2
DA:20,0
DA:23,2
LF:10
LH:8
BRF:0
BRH:0
end_of_record
TN:
SF:C:\Users\Orel Balilti\Documents\Projects\Sugoi\server\dist\constants\exceptions.constant.js
FNF:0
FNH:0
DA:2,2
DA:3,2
LF:2
LH:2
BRF:0
BRH:0
end_of_record
TN:
SF:C:\Users\Orel Balilti\Documents\Projects\Sugoi\server\dist\constants\message.contant.js
FNF:0
FNH:0
DA:2,2
DA:3,2
LF:2
LH:2
BRF:0
BRH:0
end_of_record
TN:
SF:C:\Users\Orel Balilti\Documents\Projects\Sugoi\server\dist\constants\meta-key.js
FNF:0
FNH:0
DA:2,2
DA:3,2
DA:4,2
LF:3
LH:3
BRF:0
BRH:0
end_of_record
TN:
SF:C:\Users\Orel Balilti\Documents\Projects\Sugoi\server\dist\decorators\authorization-policy.decorator.js
FN:4,(anonymous_0)
FNF:1
FNH:1
FNDA:10,(anonymous_0)
DA:2,2
DA:3,2
DA:4,2
DA:5,10
LF:4
LH:4
BRDA:4,0,0,2
BRDA:4,1,0,2
BRDA:4,2,0,2
BRF:3
BRH:3
end_of_record
TN:
SF:C:\Users\Orel Balilti\Documents\Projects\Sugoi\server\dist\decorators\express-utils.decorator.js
FNF:0
FNH:0
DA:2,2
DA:3,2
DA:4,2
DA:5,2
DA:6,2
DA:7,2
DA:8,2
DA:9,2
DA:10,2
DA:11,2
DA:12,2
DA:13,2
DA:14,2
DA:15,2
DA:16,2
DA:17,2
DA:18,2
DA:19,2
DA:20,2
DA:21,2
DA:22,2
DA:23,2
DA:24,2
DA:25,2
DA:26,2
DA:27,2
DA:28,2
DA:29,2
DA:30,2
DA:31,2
DA:32,2
DA:33,2
DA:34,2
DA:35,2
DA:36,2
DA:37,2
DA:38,2
DA:39,2
DA:40,2
DA:41,2
DA:42,2
DA:43,2
DA:44,2
DA:45,2
DA:46,2
DA:47,2
DA:48,2
LF:47
LH:47
BRF:0
BRH:0
end_of_record
TN:
SF:C:\Users\Orel Balilti\Documents\Projects\Sugoi\server\dist\decorators\index.js
FN:2,__export
FNF:1
FNH:1
FNDA:2,__export
DA:3,86
DA:5,2
DA:6,2
DA:7,2
DA:8,2
DA:9,2
DA:10,2
DA:11,2
DA:12,2
DA:13,2
DA:14,2
DA:15,2
DA:16,2
LF:13
LH:13
BRDA:3,0,0,86
BRDA:3,0,1,0
BRF:2
BRH:1
end_of_record
TN:
SF:C:\Users\Orel Balilti\Documents\Projects\Sugoi\server\dist\decorators\request-schema-policy.decorator.js
FN:4,RequestSchemaPolicy
FN:14,(anonymous_1)
FN:17,(anonymous_2)
FN:20,(anonymous_3)
FN:23,(anonymous_4)
FNF:5
FNH:5
FNDA:8,RequestSchemaPolicy
FNDA:2,(anonymous_1)
FNDA:2,(anonymous_2)
FNDA:2,(anonymous_3)
FNDA:2,(anonymous_4)
DA:2,2
DA:3,2
DA:5,8
DA:12,2
DA:14,2
DA:15,2
DA:17,2
DA:18,2
DA:20,2
DA:21,2
DA:23,2
DA:24,2
LF:12
LH:12
BRDA:4,0,0,0
BRDA:4,1,0,2
BRDA:4,2,0,4
BRDA:4,3,0,6
BRF:4
BRH:3
end_of_record
TN:
SF:C:\Users\Orel Balilti\Documents\Projects\Sugoi\server\dist\decorators\server-module.decorator.js
FN:14,(anonymous_0)
FN:15,(anonymous_1)
FNF:2
FNH:2
FNDA:8,(anonymous_0)
FNDA:8,(anonymous_1)
DA:2,2
DA:3,2
DA:4,2
DA:14,2
DA:15,8
DA:16,8
DA:17,8
DA:20,2
LF:8
LH:8
BRDA:14,0,0,8
BRF:1
BRH:1
end_of_record
TN:
SF:C:\Users\Orel Balilti\Documents\Projects\Sugoi\server\dist\exceptions\server.exception.js
FN:8,(anonymous_0)
FNF:1
FNH:1
FNDA:2,(anonymous_0)
DA:2,2
DA:3,2
DA:9,2
DA:12,2
LF:4
LH:4
BRF:0
BRH:0
end_of_record
TN:
SF:C:\Users\Orel Balilti\Documents\Projects\Sugoi\server\dist\responses\bad-request.js
FN:4,(anonymous_0)
FNF:1
FNH:1
FNDA:2,(anonymous_0)
DA:2,2
DA:3,2
DA:4,2
DA:5,2
LF:4
LH:4
BRDA:4,0,0,2
BRF:1
BRH:1
end_of_record
TN:
SF:C:\Users\Orel Balilti\Documents\Projects\Sugoi\server\dist\responses\forbidden.js
FN:4,(anonymous_0)
FNF:1
FNH:1
FNDA:2,(anonymous_0)
DA:2,2
DA:3,2
DA:4,2
DA:5,2
LF:4
LH:4
BRDA:4,0,0,2
BRF:1
BRH:1
end_of_record
TN:
SF:C:\Users\Orel Balilti\Documents\Projects\Sugoi\server\dist\responses\index.js
FNF:0
FNH:0
DA:2,2
DA:3,2
DA:4,2
DA:5,2
DA:6,2
DA:7,2
DA:8,2
DA:9,2
DA:10,2
DA:11,2
DA:12,2
DA:13,2
DA:14,2
LF:13
LH:13
BRF:0
BRH:0
end_of_record
TN:
SF:C:\Users\Orel Balilti\Documents\Projects\Sugoi\server\dist\responses\not-found.js
FN:4,(anonymous_0)
FNF:1
FNH:1
FNDA:2,(anonymous_0)
DA:2,2
DA:3,2
DA:4,2
DA:5,2
LF:4
LH:4
BRDA:4,0,0,2
BRF:1
BRH:1
end_of_record
TN:
SF:C:\Users\Orel Balilti\Documents\Projects\Sugoi\server\dist\responses\ok.js
FN:4,(anonymous_0)
FNF:1
FNH:1
FNDA:2,(anonymous_0)
DA:2,2
DA:3,2
DA:4,2
DA:5,2
LF:4
LH:4
BRDA:4,0,0,2
BRF:1
BRH:1
end_of_record
TN:
SF:C:\Users\Orel Balilti\Documents\Projects\Sugoi\server\dist\responses\server-error.js
FN:4,(anonymous_0)
FNF:1
FNH:1
FNDA:2,(anonymous_0)
DA:2,2
DA:3,2
DA:4,2
DA:5,2
LF:4
LH:4
BRDA:4,0,0,2
BRF:1
BRH:1
end_of_record
TN:
SF:C:\Users\Orel Balilti\Documents\Projects\Sugoi\server\dist\responses\unauthorized.js
FN:4,(anonymous_0)
FNF:1
FNH:1
FNDA:2,(anonymous_0)
DA:2,2
DA:3,2
DA:4,2
DA:5,2
LF:4
LH:4
BRDA:4,0,0,2
BRF:1
BRH:1
end_of_record
TN:
SF:C:\Users\Orel Balilti\Documents\Projects\Sugoi\server\dist\services\server-container.service.js
FN:5,(anonymous_0)
FN:8,(anonymous_1)
FN:13,(anonymous_2)
FNF:3
FNH:2
FNDA:5,(anonymous_0)
FNDA:3,(anonymous_1)
FNDA:0,(anonymous_2)
DA:2,2
DA:3,2
DA:6,5
DA:9,3
DA:10,3
DA:11,3
DA:14,0
DA:17,2
DA:18,2
DA:19,2
LF:10
LH:9
BRDA:5,0,0,5
BRF:1
BRH:1
end_of_record
TN:
SF:C:\Users\Orel Balilti\Documents\Projects\Sugoi\server\dist\utils\authorization.utils.js
FN:2,(anonymous_0)
FN:8,(anonymous_1)
FN:11,(anonymous_2)
FN:12,(anonymous_3)
FN:13,fulfilled
FN:14,rejected
FN:15,step
FN:15,(anonymous_7)
FN:25,(anonymous_8)
FN:26,(anonymous_9)
FN:40,(anonymous_10)
FN:50,(anonymous_11)
FN:59,(anonymous_12)
FN:65,(anonymous_13)
FNF:14
FNH:13
FNDA:2,(anonymous_0)
FNDA:6,(anonymous_1)
FNDA:30,(anonymous_2)
FNDA:30,(anonymous_3)
FNDA:30,fulfilled
FNDA:0,rejected
FNDA:60,step
FNDA:30,(anonymous_7)
FNDA:30,(anonymous_8)
FNDA:30,(anonymous_9)
FNDA:30,(anonymous_10)
FNDA:28,(anonymous_11)
FNDA:26,(anonymous_12)
FNDA:6,(anonymous_13)
DA:2,2
DA:3,2
DA:4,2
DA:5,0
DA:6,2
DA:8,2
DA:9,6
DA:11,2
DA:12,30
DA:13,30
DA:14,0
DA:15,60
DA:16,30
DA:19,2
DA:20,2
DA:21,2
DA:22,2
DA:23,2
DA:26,30
DA:27,30
DA:31,30
DA:33,30
DA:34,30
DA:36,30
DA:37,0
DA:38,30
DA:39,30
DA:41,30
DA:42,2
DA:43,28
DA:44,2
DA:45,28
DA:46,28
DA:51,28
DA:52,2
DA:53,26
DA:54,2
DA:55,26
DA:56,26
DA:60,26
DA:61,2
DA:63,24
DA:66,6
DA:67,6
DA:68,6
DA:69,6
DA:72,0
DA:73,0
DA:79,2
DA:85,2
LF:50
LH:45
BRDA:2,0,0,2
BRDA:2,0,1,2
BRDA:2,0,2,2
BRDA:3,1,0,0
BRDA:3,1,1,2
BRDA:3,2,0,2
BRDA:3,2,1,0
BRDA:4,3,0,2
BRDA:4,3,1,0
BRDA:4,4,0,2
BRDA:4,4,1,2
BRDA:5,5,0,0
BRDA:5,5,1,0
BRDA:5,6,0,0
BRDA:5,6,1,0
BRDA:5,7,0,0
BRDA:5,7,1,0
BRDA:5,8,0,0
BRDA:5,8,1,0
BRDA:6,9,0,2
BRDA:6,9,1,2
BRDA:6,9,2,2
BRDA:8,10,0,2
BRDA:8,10,1,2
BRDA:8,10,2,2
BRDA:9,11,0,6
BRDA:9,11,1,0
BRDA:9,12,0,6
BRDA:9,12,1,6
BRDA:11,13,0,2
BRDA:11,13,1,2
BRDA:11,13,2,2
BRDA:12,14,0,30
BRDA:12,14,1,30
BRDA:15,15,0,30
BRDA:15,15,1,30
BRDA:16,16,0,30
BRDA:16,16,1,30
BRDA:31,17,0,30
BRDA:31,17,1,0
BRDA:33,18,0,30
BRDA:33,18,1,0
BRDA:36,19,0,0
BRDA:36,19,1,30
BRDA:36,20,0,30
BRDA:36,20,1,30
BRDA:41,21,0,2
BRDA:41,21,1,28
BRDA:43,22,0,2
BRDA:43,22,1,26
BRDA:43,23,0,28
BRDA:43,23,1,4
BRDA:46,24,0,4
BRDA:46,24,1,24
BRDA:46,25,0,28
BRDA:46,25,1,4
BRDA:51,26,0,2
BRDA:51,26,1,26
BRDA:53,27,0,2
BRDA:53,27,1,24
BRDA:53,28,0,26
BRDA:53,28,1,4
BRDA:56,29,0,4
BRDA:56,29,1,22
BRDA:56,30,0,26
BRDA:56,30,1,4
BRDA:60,31,0,2
BRDA:60,31,1,24
BRDA:66,32,0,6
BRDA:66,32,1,0
BRDA:66,33,0,6
BRDA:66,33,1,6
BRF:72
BRH:56
end_of_record
TN:
SF:C:\Users\Orel Balilti\Documents\Projects\Sugoi\server\dist\utils\default-error-handler.util.js
FN:4,(anonymous_0)
FN:5,(anonymous_1)
FN:19,cloneError
FN:26,sendRes
FNF:4
FNH:4
FNDA:1,(anonymous_0)
FNDA:4,(anonymous_1)
FNDA:4,cloneError
FNDA:4,sendRes
DA:2,2
DA:3,2
DA:4,2
DA:5,1
DA:6,4
DA:7,4
DA:8,4
DA:10,4
DA:11,0
DA:14,4
DA:16,4
DA:20,4
DA:21,4
DA:22,4
DA:23,4
DA:24,4
DA:27,4
LF:17
LH:16
BRDA:4,0,0,0
BRDA:6,1,0,4
BRDA:6,1,1,0
BRDA:10,2,0,0
BRDA:10,2,1,4
BRDA:20,3,0,4
BRDA:20,3,1,4
BRDA:20,3,2,0
BRDA:21,4,0,4
BRDA:21,4,1,0
BRDA:21,5,0,4
BRDA:21,5,1,4
BRF:12
BRH:7
end_of_record
TN:
SF:C:\Users\Orel Balilti\Documents\Projects\Sugoi\server\dist\utils\parameters-validator.util.js
FN:2,(anonymous_0)
FN:8,(anonymous_1)
FN:14,(anonymous_2)
FN:18,(anonymous_3)
FN:26,(anonymous_4)
FN:27,(anonymous_5)
FNF:6
FNH:6
FNDA:2,(anonymous_0)
FNDA:6,(anonymous_1)
FNDA:8,(anonymous_2)
FNDA:32,(anonymous_3)
FNDA:38,(anonymous_4)
FNDA:46,(anonymous_5)
DA:2,2
DA:3,2
DA:4,2
DA:5,0
DA:6,2
DA:8,2
DA:9,6
DA:11,2
DA:12,2
DA:15,8
DA:16,8
DA:17,8
DA:18,8
DA:19,32
DA:20,24
DA:21,8
DA:22,8
DA:24,8
DA:27,46
DA:30,2
DA:36,2
LF:21
LH:20
BRDA:2,0,0,2
BRDA:2,0,1,2
BRDA:2,0,2,2
BRDA:3,1,0,0
BRDA:3,1,1,2
BRDA:3,2,0,2
BRDA:3,2,1,0
BRDA:4,3,0,2
BRDA:4,3,1,0
BRDA:4,4,0,2
BRDA:4,4,1,2
BRDA:5,5,0,0
BRDA:5,5,1,0
BRDA:5,6,0,0
BRDA:5,6,1,0
BRDA:5,7,0,0
BRDA:5,7,1,0
BRDA:5,8,0,0
BRDA:5,8,1,0
BRDA:6,9,0,2
BRDA:6,9,1,2
BRDA:6,9,2,2
BRDA:8,10,0,2
BRDA:8,10,1,2
BRDA:8,10,2,2
BRDA:9,11,0,6
BRDA:9,11,1,0
BRDA:9,12,0,6
BRDA:9,12,1,6
BRDA:19,13,0,24
BRDA:19,13,1,8
BRDA:24,14,0,8
BRDA:24,14,1,0
BRDA:27,15,0,46
BRDA:27,15,1,46
BRDA:27,15,2,46
BRF:36
BRH:23
end_of_record
